<?xml version="1.0" encoding="UTF-8"?>
<coverage generated="1749855988524" clover="3.2.0">
  <project timestamp="1749855988524" name="All files">
    <metrics statements="688" coveredstatements="323" conditionals="304" coveredconditionals="93" methods="186" coveredmethods="88" elements="1178" coveredelements="504" complexity="0" loc="688" ncloc="688" packages="5" files="17" classes="17"/>
    <package name="clinical">
      <metrics statements="499" coveredstatements="169" conditionals="268" coveredconditionals="71" methods="136" coveredmethods="48"/>
      <file name="crisis-detector.ts" path="/Users/abhilashchadhar/uncloud/savitri/backend/clinical/crisis-detector.ts">
        <metrics statements="12" coveredstatements="12" conditionals="7" coveredconditionals="7" methods="2" coveredmethods="2"/>
        <line num="3" count="3" type="stmt"/>
        <line num="4" count="68" type="stmt"/>
        <line num="10" count="210" type="stmt"/>
        <line num="11" count="210" type="stmt"/>
        <line num="14" count="210" type="stmt"/>
        <line num="15" count="2100" type="cond" truecount="1" falsecount="0"/>
        <line num="16" count="104" type="stmt"/>
        <line num="21" count="210" type="cond" truecount="3" falsecount="0"/>
        <line num="22" count="55" type="stmt"/>
        <line num="24" count="210" type="cond" truecount="3" falsecount="0"/>
        <line num="25" count="7" type="stmt"/>
        <line num="29" count="210" type="stmt"/>
      </file>
      <file name="enhanced-emotion-analyzer.ts" path="/Users/abhilashchadhar/uncloud/savitri/backend/clinical/enhanced-emotion-analyzer.ts">
        <metrics statements="3" coveredstatements="2" conditionals="0" coveredconditionals="0" methods="2" coveredmethods="1"/>
        <line num="3" count="1" type="stmt"/>
        <line num="7" count="1" type="stmt"/>
        <line num="20" count="0" type="stmt"/>
      </file>
      <file name="hybrid-therapeutic-engine-fixed.ts" path="/Users/abhilashchadhar/uncloud/savitri/backend/clinical/hybrid-therapeutic-engine-fixed.ts">
        <metrics statements="151" coveredstatements="0" conditionals="87" coveredconditionals="0" methods="42" coveredmethods="0"/>
        <line num="2" count="0" type="stmt"/>
        <line num="3" count="0" type="stmt"/>
        <line num="4" count="0" type="stmt"/>
        <line num="5" count="0" type="stmt"/>
        <line num="23" count="0" type="stmt"/>
        <line num="30" count="0" type="stmt"/>
        <line num="31" count="0" type="stmt"/>
        <line num="32" count="0" type="stmt"/>
        <line num="35" count="0" type="stmt"/>
        <line num="36" count="0" type="stmt"/>
        <line num="37" count="0" type="stmt"/>
        <line num="38" count="0" type="stmt"/>
        <line num="43" count="0" type="stmt"/>
        <line num="48" count="0" type="stmt"/>
        <line num="57" count="0" type="stmt"/>
        <line num="62" count="0" type="cond" truecount="0" falsecount="1"/>
        <line num="63" count="0" type="stmt"/>
        <line num="66" count="0" type="cond" truecount="0" falsecount="1"/>
        <line num="67" count="0" type="stmt"/>
        <line num="71" count="0" type="stmt"/>
        <line num="74" count="0" type="stmt"/>
        <line num="77" count="0" type="stmt"/>
        <line num="80" count="0" type="stmt"/>
        <line num="87" count="0" type="cond" truecount="0" falsecount="1"/>
        <line num="88" count="0" type="stmt"/>
        <line num="91" count="0" type="stmt"/>
        <line num="97" count="0" type="stmt"/>
        <line num="98" count="0" type="cond" truecount="0" falsecount="1"/>
        <line num="99" count="0" type="stmt"/>
        <line num="101" count="0" type="cond" truecount="0" falsecount="3"/>
        <line num="102" count="0" type="stmt"/>
        <line num="104" count="0" type="cond" truecount="0" falsecount="1"/>
        <line num="105" count="0" type="stmt"/>
        <line num="108" count="0" type="stmt"/>
        <line num="111" count="0" type="cond" truecount="0" falsecount="3"/>
        <line num="112" count="0" type="stmt"/>
        <line num="116" count="0" type="cond" truecount="0" falsecount="3"/>
        <line num="117" count="0" type="stmt"/>
        <line num="121" count="0" type="stmt"/>
        <line num="125" count="0" type="stmt"/>
        <line num="127" count="0" type="stmt"/>
        <line num="137" count="0" type="stmt"/>
        <line num="141" count="0" type="stmt"/>
        <line num="145" count="0" type="stmt"/>
        <line num="149" count="0" type="stmt"/>
        <line num="153" count="0" type="stmt"/>
        <line num="157" count="0" type="stmt"/>
        <line num="161" count="0" type="stmt"/>
        <line num="165" count="0" type="stmt"/>
        <line num="170" count="0" type="stmt"/>
        <line num="171" count="0" type="stmt"/>
        <line num="172" count="0" type="stmt"/>
        <line num="179" count="0" type="stmt"/>
        <line num="181" count="0" type="cond" truecount="0" falsecount="3"/>
        <line num="183" count="0" type="stmt"/>
        <line num="184" count="0" type="stmt"/>
        <line num="187" count="0" type="cond" truecount="0" falsecount="3"/>
        <line num="189" count="0" type="stmt"/>
        <line num="190" count="0" type="stmt"/>
        <line num="194" count="0" type="stmt"/>
        <line num="200" count="0" type="stmt"/>
        <line num="203" count="0" type="stmt"/>
        <line num="206" count="0" type="stmt"/>
        <line num="212" count="0" type="stmt"/>
        <line num="213" count="0" type="stmt"/>
        <line num="225" count="0" type="stmt"/>
        <line num="229" count="0" type="stmt"/>
        <line num="230" count="0" type="stmt"/>
        <line num="233" count="0" type="cond" truecount="0" falsecount="3"/>
        <line num="234" count="0" type="stmt"/>
        <line num="238" count="0" type="cond" truecount="0" falsecount="1"/>
        <line num="239" count="0" type="stmt"/>
        <line num="243" count="0" type="cond" truecount="0" falsecount="4"/>
        <line num="246" count="0" type="stmt"/>
        <line num="249" count="0" type="cond" truecount="0" falsecount="1"/>
        <line num="250" count="0" type="stmt"/>
        <line num="254" count="0" type="stmt"/>
        <line num="258" count="0" type="stmt"/>
        <line num="263" count="0" type="stmt"/>
        <line num="264" count="0" type="stmt"/>
        <line num="269" count="0" type="stmt"/>
        <line num="273" count="0" type="stmt"/>
        <line num="274" count="0" type="stmt"/>
        <line num="281" count="0" type="stmt"/>
        <line num="283" count="0" type="stmt"/>
        <line num="291" count="0" type="stmt"/>
        <line num="302" count="0" type="cond" truecount="0" falsecount="1"/>
        <line num="303" count="0" type="stmt"/>
        <line num="306" count="0" type="stmt"/>
        <line num="319" count="0" type="stmt"/>
        <line num="322" count="0" type="stmt"/>
        <line num="329" count="0" type="stmt"/>
        <line num="336" count="0" type="stmt"/>
        <line num="342" count="0" type="stmt"/>
        <line num="343" count="0" type="stmt"/>
        <line num="346" count="0" type="stmt"/>
        <line num="347" count="0" type="cond" truecount="0" falsecount="1"/>
        <line num="350" count="0" type="cond" truecount="0" falsecount="4"/>
        <line num="351" count="0" type="stmt"/>
        <line num="352" count="0" type="stmt"/>
        <line num="355" count="0" type="cond" truecount="0" falsecount="3"/>
        <line num="357" count="0" type="stmt"/>
        <line num="358" count="0" type="stmt"/>
        <line num="362" count="0" type="stmt"/>
        <line num="371" count="0" type="stmt"/>
        <line num="372" count="0" type="stmt"/>
        <line num="373" count="0" type="stmt"/>
        <line num="375" count="0" type="cond" truecount="0" falsecount="2"/>
        <line num="378" count="0" type="stmt"/>
        <line num="379" count="0" type="cond" truecount="0" falsecount="5"/>
        <line num="380" count="0" type="stmt"/>
        <line num="381" count="0" type="stmt"/>
        <line num="383" count="0" type="cond" truecount="0" falsecount="1"/>
        <line num="384" count="0" type="stmt"/>
        <line num="388" count="0" type="stmt"/>
        <line num="396" count="0" type="stmt"/>
        <line num="397" count="0" type="cond" truecount="0" falsecount="4"/>
        <line num="398" count="0" type="stmt"/>
        <line num="409" count="0" type="stmt"/>
        <line num="418" count="0" type="stmt"/>
        <line num="421" count="0" type="stmt"/>
        <line num="428" count="0" type="stmt"/>
        <line num="429" count="0" type="cond" truecount="0" falsecount="2"/>
        <line num="432" count="0" type="stmt"/>
        <line num="433" count="0" type="cond" truecount="0" falsecount="9"/>
        <line num="437" count="0" type="stmt"/>
        <line num="440" count="0" type="stmt"/>
        <line num="457" count="0" type="stmt"/>
        <line num="458" count="0" type="stmt"/>
        <line num="459" count="0" type="stmt"/>
        <line num="461" count="0" type="cond" truecount="0" falsecount="4"/>
        <line num="462" count="0" type="stmt"/>
        <line num="465" count="0" type="stmt"/>
        <line num="466" count="0" type="stmt"/>
        <line num="467" count="0" type="stmt"/>
        <line num="470" count="0" type="stmt"/>
        <line num="472" count="0" type="stmt"/>
        <line num="476" count="0" type="cond" truecount="0" falsecount="1"/>
        <line num="477" count="0" type="stmt"/>
        <line num="479" count="0" type="cond" truecount="0" falsecount="1"/>
        <line num="480" count="0" type="stmt"/>
        <line num="483" count="0" type="stmt"/>
        <line num="492" count="0" type="cond" truecount="0" falsecount="4"/>
        <line num="495" count="0" type="stmt"/>
        <line num="501" count="0" type="cond" truecount="0" falsecount="1"/>
        <line num="502" count="0" type="stmt"/>
        <line num="509" count="0" type="stmt"/>
        <line num="519" count="0" type="cond" truecount="0" falsecount="1"/>
        <line num="520" count="0" type="stmt"/>
        <line num="522" count="0" type="stmt"/>
        <line num="539" count="0" type="stmt"/>
      </file>
      <file name="hybrid-therapeutic-engine-v2.ts" path="/Users/abhilashchadhar/uncloud/savitri/backend/clinical/hybrid-therapeutic-engine-v2.ts">
        <metrics statements="169" coveredstatements="0" conditionals="92" coveredconditionals="0" methods="44" coveredmethods="0"/>
        <line num="2" count="0" type="stmt"/>
        <line num="3" count="0" type="stmt"/>
        <line num="4" count="0" type="stmt"/>
        <line num="5" count="0" type="stmt"/>
        <line num="23" count="0" type="stmt"/>
        <line num="30" count="0" type="stmt"/>
        <line num="31" count="0" type="stmt"/>
        <line num="32" count="0" type="stmt"/>
        <line num="35" count="0" type="stmt"/>
        <line num="36" count="0" type="stmt"/>
        <line num="37" count="0" type="stmt"/>
        <line num="38" count="0" type="stmt"/>
        <line num="43" count="0" type="stmt"/>
        <line num="48" count="0" type="stmt"/>
        <line num="57" count="0" type="stmt"/>
        <line num="62" count="0" type="cond" truecount="0" falsecount="1"/>
        <line num="63" count="0" type="stmt"/>
        <line num="66" count="0" type="cond" truecount="0" falsecount="1"/>
        <line num="67" count="0" type="stmt"/>
        <line num="71" count="0" type="stmt"/>
        <line num="74" count="0" type="stmt"/>
        <line num="77" count="0" type="stmt"/>
        <line num="80" count="0" type="stmt"/>
        <line num="83" count="0" type="stmt"/>
        <line num="91" count="0" type="cond" truecount="0" falsecount="1"/>
        <line num="92" count="0" type="stmt"/>
        <line num="95" count="0" type="stmt"/>
        <line num="101" count="0" type="stmt"/>
        <line num="102" count="0" type="cond" truecount="0" falsecount="1"/>
        <line num="103" count="0" type="stmt"/>
        <line num="105" count="0" type="cond" truecount="0" falsecount="3"/>
        <line num="106" count="0" type="stmt"/>
        <line num="108" count="0" type="cond" truecount="0" falsecount="1"/>
        <line num="109" count="0" type="stmt"/>
        <line num="112" count="0" type="stmt"/>
        <line num="115" count="0" type="cond" truecount="0" falsecount="3"/>
        <line num="116" count="0" type="stmt"/>
        <line num="120" count="0" type="cond" truecount="0" falsecount="3"/>
        <line num="121" count="0" type="stmt"/>
        <line num="125" count="0" type="stmt"/>
        <line num="129" count="0" type="stmt"/>
        <line num="131" count="0" type="stmt"/>
        <line num="141" count="0" type="stmt"/>
        <line num="145" count="0" type="stmt"/>
        <line num="149" count="0" type="stmt"/>
        <line num="153" count="0" type="stmt"/>
        <line num="157" count="0" type="stmt"/>
        <line num="161" count="0" type="stmt"/>
        <line num="165" count="0" type="stmt"/>
        <line num="169" count="0" type="stmt"/>
        <line num="174" count="0" type="stmt"/>
        <line num="175" count="0" type="stmt"/>
        <line num="176" count="0" type="stmt"/>
        <line num="183" count="0" type="stmt"/>
        <line num="185" count="0" type="cond" truecount="0" falsecount="3"/>
        <line num="187" count="0" type="stmt"/>
        <line num="188" count="0" type="stmt"/>
        <line num="191" count="0" type="cond" truecount="0" falsecount="3"/>
        <line num="193" count="0" type="stmt"/>
        <line num="194" count="0" type="stmt"/>
        <line num="198" count="0" type="stmt"/>
        <line num="204" count="0" type="stmt"/>
        <line num="207" count="0" type="stmt"/>
        <line num="210" count="0" type="stmt"/>
        <line num="217" count="0" type="cond" truecount="0" falsecount="2"/>
        <line num="218" count="0" type="stmt"/>
        <line num="229" count="0" type="stmt"/>
        <line num="230" count="0" type="stmt"/>
        <line num="243" count="0" type="stmt"/>
        <line num="247" count="0" type="cond" truecount="0" falsecount="5"/>
        <line num="249" count="0" type="stmt"/>
        <line num="251" count="0" type="stmt"/>
        <line num="253" count="0" type="stmt"/>
        <line num="255" count="0" type="stmt"/>
        <line num="257" count="0" type="stmt"/>
        <line num="262" count="0" type="cond" truecount="0" falsecount="5"/>
        <line num="264" count="0" type="stmt"/>
        <line num="266" count="0" type="stmt"/>
        <line num="268" count="0" type="stmt"/>
        <line num="270" count="0" type="stmt"/>
        <line num="272" count="0" type="stmt"/>
        <line num="277" count="0" type="stmt"/>
        <line num="278" count="0" type="stmt"/>
        <line num="281" count="0" type="cond" truecount="0" falsecount="3"/>
        <line num="282" count="0" type="stmt"/>
        <line num="286" count="0" type="cond" truecount="0" falsecount="1"/>
        <line num="287" count="0" type="stmt"/>
        <line num="291" count="0" type="cond" truecount="0" falsecount="4"/>
        <line num="294" count="0" type="stmt"/>
        <line num="297" count="0" type="cond" truecount="0" falsecount="1"/>
        <line num="298" count="0" type="stmt"/>
        <line num="302" count="0" type="stmt"/>
        <line num="306" count="0" type="stmt"/>
        <line num="311" count="0" type="stmt"/>
        <line num="312" count="0" type="stmt"/>
        <line num="317" count="0" type="stmt"/>
        <line num="321" count="0" type="stmt"/>
        <line num="322" count="0" type="stmt"/>
        <line num="329" count="0" type="stmt"/>
        <line num="331" count="0" type="stmt"/>
        <line num="339" count="0" type="stmt"/>
        <line num="350" count="0" type="cond" truecount="0" falsecount="1"/>
        <line num="351" count="0" type="stmt"/>
        <line num="354" count="0" type="stmt"/>
        <line num="368" count="0" type="stmt"/>
        <line num="371" count="0" type="stmt"/>
        <line num="379" count="0" type="stmt"/>
        <line num="387" count="0" type="stmt"/>
        <line num="393" count="0" type="stmt"/>
        <line num="394" count="0" type="stmt"/>
        <line num="397" count="0" type="stmt"/>
        <line num="398" count="0" type="cond" truecount="0" falsecount="1"/>
        <line num="401" count="0" type="cond" truecount="0" falsecount="4"/>
        <line num="402" count="0" type="stmt"/>
        <line num="403" count="0" type="stmt"/>
        <line num="406" count="0" type="cond" truecount="0" falsecount="3"/>
        <line num="408" count="0" type="stmt"/>
        <line num="409" count="0" type="stmt"/>
        <line num="414" count="0" type="cond" truecount="0" falsecount="3"/>
        <line num="415" count="0" type="stmt"/>
        <line num="418" count="0" type="stmt"/>
        <line num="428" count="0" type="stmt"/>
        <line num="429" count="0" type="stmt"/>
        <line num="430" count="0" type="stmt"/>
        <line num="432" count="0" type="cond" truecount="0" falsecount="2"/>
        <line num="435" count="0" type="stmt"/>
        <line num="436" count="0" type="cond" truecount="0" falsecount="5"/>
        <line num="437" count="0" type="stmt"/>
        <line num="438" count="0" type="stmt"/>
        <line num="440" count="0" type="cond" truecount="0" falsecount="1"/>
        <line num="441" count="0" type="stmt"/>
        <line num="445" count="0" type="stmt"/>
        <line num="453" count="0" type="stmt"/>
        <line num="454" count="0" type="cond" truecount="0" falsecount="4"/>
        <line num="455" count="0" type="stmt"/>
        <line num="467" count="0" type="stmt"/>
        <line num="476" count="0" type="stmt"/>
        <line num="479" count="0" type="stmt"/>
        <line num="486" count="0" type="stmt"/>
        <line num="487" count="0" type="cond" truecount="0" falsecount="8"/>
        <line num="488" count="0" type="stmt"/>
        <line num="490" count="0" type="stmt"/>
        <line num="494" count="0" type="cond" truecount="0" falsecount="5"/>
        <line num="498" count="0" type="stmt"/>
        <line num="501" count="0" type="stmt"/>
        <line num="518" count="0" type="stmt"/>
        <line num="519" count="0" type="stmt"/>
        <line num="520" count="0" type="stmt"/>
        <line num="522" count="0" type="cond" truecount="0" falsecount="4"/>
        <line num="523" count="0" type="stmt"/>
        <line num="526" count="0" type="stmt"/>
        <line num="527" count="0" type="stmt"/>
        <line num="528" count="0" type="stmt"/>
        <line num="531" count="0" type="stmt"/>
        <line num="533" count="0" type="stmt"/>
        <line num="537" count="0" type="cond" truecount="0" falsecount="1"/>
        <line num="538" count="0" type="stmt"/>
        <line num="540" count="0" type="cond" truecount="0" falsecount="1"/>
        <line num="541" count="0" type="stmt"/>
        <line num="544" count="0" type="stmt"/>
        <line num="553" count="0" type="cond" truecount="0" falsecount="4"/>
        <line num="556" count="0" type="stmt"/>
        <line num="562" count="0" type="cond" truecount="0" falsecount="1"/>
        <line num="563" count="0" type="stmt"/>
        <line num="570" count="0" type="stmt"/>
        <line num="580" count="0" type="cond" truecount="0" falsecount="1"/>
        <line num="581" count="0" type="stmt"/>
        <line num="583" count="0" type="stmt"/>
        <line num="600" count="0" type="stmt"/>
      </file>
      <file name="hybrid-therapeutic-engine.ts" path="/Users/abhilashchadhar/uncloud/savitri/backend/clinical/hybrid-therapeutic-engine.ts">
        <metrics statements="154" coveredstatements="145" conditionals="81" coveredconditionals="63" methods="42" coveredmethods="41"/>
        <line num="2" count="1" type="stmt"/>
        <line num="3" count="1" type="stmt"/>
        <line num="4" count="1" type="stmt"/>
        <line num="5" count="1" type="stmt"/>
        <line num="23" count="1" type="stmt"/>
        <line num="30" count="18" type="stmt"/>
        <line num="31" count="18" type="stmt"/>
        <line num="32" count="18" type="stmt"/>
        <line num="35" count="18" type="stmt"/>
        <line num="36" count="18" type="stmt"/>
        <line num="37" count="18" type="stmt"/>
        <line num="38" count="18" type="stmt"/>
        <line num="43" count="18" type="stmt"/>
        <line num="48" count="18" type="stmt"/>
        <line num="57" count="20" type="stmt"/>
        <line num="62" count="20" type="cond" truecount="0" falsecount="1"/>
        <line num="63" count="0" type="stmt"/>
        <line num="66" count="20" type="cond" truecount="1" falsecount="0"/>
        <line num="67" count="1" type="stmt"/>
        <line num="71" count="19" type="stmt"/>
        <line num="74" count="19" type="stmt"/>
        <line num="77" count="19" type="stmt"/>
        <line num="80" count="19" type="stmt"/>
        <line num="87" count="19" type="cond" truecount="1" falsecount="0"/>
        <line num="88" count="2" type="stmt"/>
        <line num="91" count="19" type="stmt"/>
        <line num="97" count="19" type="stmt"/>
        <line num="98" count="19" type="cond" truecount="1" falsecount="0"/>
        <line num="99" count="1" type="stmt"/>
        <line num="101" count="18" type="cond" truecount="3" falsecount="0"/>
        <line num="102" count="1" type="stmt"/>
        <line num="104" count="17" type="cond" truecount="1" falsecount="0"/>
        <line num="105" count="1" type="stmt"/>
        <line num="108" count="16" type="stmt"/>
        <line num="111" count="16" type="cond" truecount="3" falsecount="0"/>
        <line num="112" count="4" type="stmt"/>
        <line num="116" count="12" type="cond" truecount="3" falsecount="0"/>
        <line num="117" count="2" type="stmt"/>
        <line num="121" count="10" type="stmt"/>
        <line num="125" count="16" type="stmt"/>
        <line num="127" count="16" type="stmt"/>
        <line num="137" count="16" type="stmt"/>
        <line num="141" count="112" type="stmt"/>
        <line num="145" count="16" type="stmt"/>
        <line num="149" count="96" type="cond" truecount="2" falsecount="0"/>
        <line num="153" count="16" type="stmt"/>
        <line num="157" count="112" type="stmt"/>
        <line num="161" count="16" type="stmt"/>
        <line num="165" count="100" type="stmt"/>
        <line num="170" count="35" type="stmt"/>
        <line num="171" count="16" type="stmt"/>
        <line num="172" count="16" type="stmt"/>
        <line num="179" count="19" type="stmt"/>
        <line num="181" count="19" type="cond" truecount="3" falsecount="0"/>
        <line num="183" count="16" type="stmt"/>
        <line num="184" count="16" type="stmt"/>
        <line num="187" count="19" type="cond" truecount="3" falsecount="0"/>
        <line num="189" count="14" type="stmt"/>
        <line num="190" count="14" type="stmt"/>
        <line num="194" count="19" type="stmt"/>
        <line num="200" count="16" type="stmt"/>
        <line num="203" count="16" type="stmt"/>
        <line num="206" count="16" type="stmt"/>
        <line num="213" count="16" type="cond" truecount="2" falsecount="0"/>
        <line num="214" count="11" type="stmt"/>
        <line num="225" count="5" type="stmt"/>
        <line num="226" count="15" type="stmt"/>
        <line num="239" count="16" type="stmt"/>
        <line num="243" count="16" type="stmt"/>
        <line num="244" count="16" type="stmt"/>
        <line num="247" count="16" type="cond" truecount="3" falsecount="0"/>
        <line num="248" count="5" type="stmt"/>
        <line num="252" count="11" type="cond" truecount="0" falsecount="1"/>
        <line num="253" count="0" type="stmt"/>
        <line num="263" count="11" type="cond" truecount="0" falsecount="1"/>
        <line num="264" count="0" type="stmt"/>
        <line num="268" count="11" type="stmt"/>
        <line num="272" count="50" type="stmt"/>
        <line num="277" count="50" type="stmt"/>
        <line num="278" count="560" type="stmt"/>
        <line num="283" count="11" type="stmt"/>
        <line num="287" count="11" type="stmt"/>
        <line num="288" count="66" type="stmt"/>
        <line num="295" count="14" type="stmt"/>
        <line num="297" count="14" type="stmt"/>
        <line num="305" count="14" type="stmt"/>
        <line num="316" count="19" type="cond" truecount="1" falsecount="0"/>
        <line num="317" count="17" type="stmt"/>
        <line num="320" count="2" type="stmt"/>
        <line num="333" count="19" type="stmt"/>
        <line num="336" count="19" type="stmt"/>
        <line num="343" count="19" type="stmt"/>
        <line num="350" count="19" type="stmt"/>
        <line num="356" count="19" type="stmt"/>
        <line num="357" count="19" type="stmt"/>
        <line num="360" count="19" type="stmt"/>
        <line num="361" count="27" type="cond" truecount="0" falsecount="1"/>
        <line num="364" count="27" type="cond" truecount="4" falsecount="0"/>
        <line num="365" count="11" type="stmt"/>
        <line num="366" count="11" type="stmt"/>
        <line num="369" count="16" type="cond" truecount="3" falsecount="0"/>
        <line num="371" count="3" type="stmt"/>
        <line num="372" count="3" type="stmt"/>
        <line num="376" count="19" type="stmt"/>
        <line num="385" count="19" type="stmt"/>
        <line num="386" count="14" type="stmt"/>
        <line num="387" count="14" type="stmt"/>
        <line num="389" count="19" type="cond" truecount="2" falsecount="0"/>
        <line num="392" count="19" type="stmt"/>
        <line num="393" count="19" type="cond" truecount="3" falsecount="2"/>
        <line num="394" count="0" type="stmt"/>
        <line num="395" count="0" type="stmt"/>
        <line num="397" count="0" type="cond" truecount="0" falsecount="1"/>
        <line num="398" count="0" type="stmt"/>
        <line num="402" count="19" type="stmt"/>
        <line num="410" count="38" type="stmt"/>
        <line num="411" count="28" type="cond" truecount="3" falsecount="1"/>
        <line num="412" count="28" type="stmt"/>
        <line num="423" count="19" type="stmt"/>
        <line num="432" count="19" type="stmt"/>
        <line num="435" count="19" type="cond" truecount="1" falsecount="6"/>
        <line num="439" count="19" type="cond" truecount="1" falsecount="0"/>
        <line num="440" count="4" type="stmt"/>
        <line num="443" count="19" type="stmt"/>
        <line num="450" count="19" type="stmt"/>
        <line num="451" count="19" type="cond" truecount="2" falsecount="0"/>
        <line num="454" count="19" type="stmt"/>
        <line num="455" count="19" type="cond" truecount="5" falsecount="0"/>
        <line num="459" count="1" type="stmt"/>
        <line num="462" count="19" type="stmt"/>
        <line num="479" count="19" type="stmt"/>
        <line num="480" count="19" type="stmt"/>
        <line num="481" count="19" type="stmt"/>
        <line num="483" count="19" type="cond" truecount="4" falsecount="0"/>
        <line num="484" count="2" type="stmt"/>
        <line num="487" count="19" type="stmt"/>
        <line num="488" count="19" type="stmt"/>
        <line num="489" count="14" type="stmt"/>
        <line num="492" count="19" type="stmt"/>
        <line num="494" count="19" type="stmt"/>
        <line num="498" count="19" type="cond" truecount="0" falsecount="1"/>
        <line num="499" count="0" type="stmt"/>
        <line num="501" count="19" type="cond" truecount="1" falsecount="0"/>
        <line num="502" count="1" type="stmt"/>
        <line num="505" count="18" type="stmt"/>
        <line num="514" count="19" type="cond" truecount="4" falsecount="0"/>
        <line num="517" count="1" type="stmt"/>
        <line num="523" count="18" type="cond" truecount="1" falsecount="0"/>
        <line num="524" count="13" type="stmt"/>
        <line num="531" count="5" type="stmt"/>
        <line num="541" count="2" type="cond" truecount="0" falsecount="1"/>
        <line num="542" count="0" type="stmt"/>
        <line num="544" count="2" type="stmt"/>
        <line num="561" count="1" type="stmt"/>
      </file>
      <file name="soap-note-generator.ts" path="/Users/abhilashchadhar/uncloud/savitri/backend/clinical/soap-note-generator.ts">
        <metrics statements="2" coveredstatements="2" conditionals="0" coveredconditionals="0" methods="1" coveredmethods="1"/>
        <line num="3" count="1" type="stmt"/>
        <line num="5" count="1" type="stmt"/>
      </file>
      <file name="therapeutic-engine.ts" path="/Users/abhilashchadhar/uncloud/savitri/backend/clinical/therapeutic-engine.ts">
        <metrics statements="8" coveredstatements="8" conditionals="1" coveredconditionals="1" methods="3" coveredmethods="3"/>
        <line num="2" count="1" type="stmt"/>
        <line num="4" count="1" type="stmt"/>
        <line num="8" count="2" type="stmt"/>
        <line num="15" count="2" type="stmt"/>
        <line num="17" count="2" type="cond" truecount="1" falsecount="0"/>
        <line num="18" count="1" type="stmt"/>
        <line num="22" count="1" type="stmt"/>
        <line num="34" count="1" type="stmt"/>
      </file>
    </package>
    <package name="integrations">
      <metrics statements="135" coveredstatements="108" conditionals="34" coveredconditionals="20" methods="41" coveredmethods="33"/>
      <file name="cag-manager.ts" path="/Users/abhilashchadhar/uncloud/savitri/backend/integrations/cag-manager.ts">
        <metrics statements="49" coveredstatements="48" conditionals="15" coveredconditionals="13" methods="18" coveredmethods="18"/>
        <line num="17" count="1" type="stmt"/>
        <line num="18" count="18" type="stmt"/>
        <line num="19" count="18" type="stmt"/>
        <line num="22" count="18" type="stmt"/>
        <line num="23" count="90" type="stmt"/>
        <line num="25" count="18" type="stmt"/>
        <line num="30" count="90" type="cond" truecount="5" falsecount="0"/>
        <line num="32" count="18" type="stmt"/>
        <line num="33" count="18" type="stmt"/>
        <line num="35" count="18" type="stmt"/>
        <line num="36" count="18" type="stmt"/>
        <line num="38" count="18" type="stmt"/>
        <line num="39" count="18" type="stmt"/>
        <line num="41" count="18" type="stmt"/>
        <line num="42" count="18" type="stmt"/>
        <line num="44" count="18" type="stmt"/>
        <line num="45" count="18" type="stmt"/>
        <line num="54" count="16" type="cond" truecount="0" falsecount="1"/>
        <line num="55" count="0" type="stmt"/>
        <line num="58" count="16" type="cond" truecount="2" falsecount="0"/>
        <line num="61" count="20" type="stmt"/>
        <line num="67" count="16" type="stmt"/>
        <line num="68" count="19" type="stmt"/>
        <line num="77" count="20" type="stmt"/>
        <line num="80" count="20" type="cond" truecount="4" falsecount="1"/>
        <line num="81" count="7" type="stmt"/>
        <line num="85" count="20" type="stmt"/>
        <line num="86" count="20" type="stmt"/>
        <line num="87" count="20" type="stmt"/>
        <line num="88" count="20" type="stmt"/>
        <line num="89" count="20" type="stmt"/>
        <line num="90" count="20" type="stmt"/>
        <line num="93" count="20" type="cond" truecount="1" falsecount="0"/>
        <line num="94" count="20" type="cond" truecount="1" falsecount="0"/>
        <line num="96" count="20" type="stmt"/>
        <line num="101" count="60" type="stmt"/>
        <line num="103" count="1084" type="stmt"/>
        <line num="104" count="630" type="stmt"/>
        <line num="108" count="630" type="stmt"/>
        <line num="109" count="630" type="stmt"/>
        <line num="113" count="20" type="stmt"/>
        <line num="114" count="20" type="stmt"/>
        <line num="115" count="84" type="stmt"/>
        <line num="116" count="20" type="stmt"/>
        <line num="120" count="18" type="stmt"/>
        <line num="157" count="18" type="stmt"/>
        <line num="194" count="18" type="stmt"/>
        <line num="231" count="18" type="stmt"/>
        <line num="268" count="18" type="stmt"/>
      </file>
      <file name="graphiti-client.ts" path="/Users/abhilashchadhar/uncloud/savitri/backend/integrations/graphiti-client.ts">
        <metrics statements="3" coveredstatements="3" conditionals="0" coveredconditionals="0" methods="1" coveredmethods="1"/>
        <line num="6" count="2" type="stmt"/>
        <line num="10" count="3" type="stmt"/>
        <line num="11" count="3" type="stmt"/>
      </file>
      <file name="vector-database.ts" path="/Users/abhilashchadhar/uncloud/savitri/backend/integrations/vector-database.ts">
        <metrics statements="83" coveredstatements="57" conditionals="19" coveredconditionals="7" methods="22" coveredmethods="14"/>
        <line num="26" count="1" type="stmt"/>
        <line num="27" count="18" type="stmt"/>
        <line num="28" count="18" type="stmt"/>
        <line num="29" count="18" type="stmt"/>
        <line num="30" count="18" type="stmt"/>
        <line num="35" count="18" type="stmt"/>
        <line num="36" count="18" type="stmt"/>
        <line num="41" count="18" type="stmt"/>
        <line num="98" count="18" type="stmt"/>
        <line num="99" count="90" type="stmt"/>
        <line num="100" count="90" type="stmt"/>
        <line num="109" count="90" type="cond" truecount="0" falsecount="1"/>
        <line num="110" count="0" type="stmt"/>
        <line num="113" count="90" type="stmt"/>
        <line num="114" count="90" type="stmt"/>
        <line num="121" count="14" type="cond" truecount="0" falsecount="1"/>
        <line num="122" count="0" type="stmt"/>
        <line num="125" count="14" type="stmt"/>
        <line num="128" count="14" type="stmt"/>
        <line num="129" count="70" type="stmt"/>
        <line num="131" count="70" type="cond" truecount="1" falsecount="0"/>
        <line num="132" count="35" type="stmt"/>
        <line num="135" count="35" type="cond" truecount="3" falsecount="0"/>
        <line num="136" count="34" type="stmt"/>
        <line num="139" count="1" type="stmt"/>
        <line num="149" count="14" type="stmt"/>
        <line num="150" count="0" type="stmt"/>
        <line num="157" count="104" type="stmt"/>
        <line num="160" count="104" type="stmt"/>
        <line num="161" count="104" type="stmt"/>
        <line num="162" count="19527" type="stmt"/>
        <line num="163" count="19527" type="stmt"/>
        <line num="167" count="104" type="stmt"/>
        <line num="168" count="104" type="stmt"/>
        <line num="169" count="79872" type="stmt"/>
        <line num="173" count="104" type="stmt"/>
        <line num="177" count="79872" type="stmt"/>
        <line num="178" count="79872" type="stmt"/>
        <line num="182" count="104" type="stmt"/>
        <line num="183" count="79872" type="stmt"/>
        <line num="186" count="104" type="cond" truecount="0" falsecount="1"/>
        <line num="188" count="79872" type="stmt"/>
        <line num="192" count="70" type="cond" truecount="0" falsecount="1"/>
        <line num="193" count="0" type="stmt"/>
        <line num="196" count="70" type="stmt"/>
        <line num="197" count="70" type="stmt"/>
        <line num="198" count="70" type="stmt"/>
        <line num="200" count="70" type="stmt"/>
        <line num="201" count="53760" type="stmt"/>
        <line num="202" count="53760" type="stmt"/>
        <line num="203" count="53760" type="stmt"/>
        <line num="206" count="70" type="stmt"/>
        <line num="207" count="70" type="stmt"/>
        <line num="209" count="70" type="cond" truecount="2" falsecount="1"/>
        <line num="210" count="0" type="stmt"/>
        <line num="213" count="70" type="stmt"/>
        <line num="220" count="35" type="stmt"/>
        <line num="221" count="35" type="cond" truecount="1" falsecount="0"/>
        <line num="222" count="34" type="stmt"/>
        <line num="225" count="1" type="stmt"/>
        <line num="232" count="0" type="stmt"/>
        <line num="233" count="0" type="cond" truecount="0" falsecount="1"/>
        <line num="234" count="0" type="stmt"/>
        <line num="237" count="0" type="stmt"/>
        <line num="239" count="0" type="cond" truecount="0" falsecount="3"/>
        <line num="240" count="0" type="stmt"/>
        <line num="241" count="0" type="stmt"/>
        <line num="244" count="0" type="stmt"/>
        <line num="248" count="0" type="stmt"/>
        <line num="249" count="0" type="stmt"/>
        <line num="256" count="0" type="stmt"/>
        <line num="257" count="0" type="cond" truecount="0" falsecount="1"/>
        <line num="258" count="0" type="stmt"/>
        <line num="261" count="0" type="stmt"/>
        <line num="269" count="0" type="stmt"/>
        <line num="271" count="0" type="cond" truecount="0" falsecount="2"/>
        <line num="275" count="0" type="stmt"/>
        <line num="276" count="0" type="stmt"/>
        <line num="277" count="0" type="stmt"/>
        <line num="278" count="0" type="stmt"/>
        <line num="288" count="0" type="stmt"/>
        <line num="296" count="14" type="stmt"/>
        <line num="300" count="14" type="stmt"/>
      </file>
    </package>
    <package name="persistence">
      <metrics statements="7" coveredstatements="0" conditionals="0" coveredconditionals="0" methods="1" coveredmethods="0"/>
      <file name="db.ts" path="/Users/abhilashchadhar/uncloud/savitri/backend/persistence/db.ts">
        <metrics statements="7" coveredstatements="0" conditionals="0" coveredconditionals="0" methods="1" coveredmethods="0"/>
        <line num="1" count="0" type="stmt"/>
        <line num="3" count="0" type="stmt"/>
        <line num="4" count="0" type="stmt"/>
        <line num="5" count="0" type="stmt"/>
        <line num="6" count="0" type="stmt"/>
        <line num="8" count="0" type="stmt"/>
        <line num="10" count="0" type="stmt"/>
      </file>
    </package>
    <package name="persistence.models">
      <metrics statements="9" coveredstatements="9" conditionals="0" coveredconditionals="0" methods="0" coveredmethods="0"/>
      <file name="Interaction.ts" path="/Users/abhilashchadhar/uncloud/savitri/backend/persistence/models/Interaction.ts">
        <metrics statements="3" coveredstatements="3" conditionals="0" coveredconditionals="0" methods="0" coveredmethods="0"/>
        <line num="1" count="1" type="stmt"/>
        <line num="12" count="1" type="stmt"/>
        <line num="36" count="1" type="stmt"/>
      </file>
      <file name="Session.ts" path="/Users/abhilashchadhar/uncloud/savitri/backend/persistence/models/Session.ts">
        <metrics statements="3" coveredstatements="3" conditionals="0" coveredconditionals="0" methods="0" coveredmethods="0"/>
        <line num="1" count="1" type="stmt"/>
        <line num="10" count="1" type="stmt"/>
        <line num="31" count="1" type="stmt"/>
      </file>
      <file name="User.ts" path="/Users/abhilashchadhar/uncloud/savitri/backend/persistence/models/User.ts">
        <metrics statements="3" coveredstatements="3" conditionals="0" coveredconditionals="0" methods="0" coveredmethods="0"/>
        <line num="1" count="1" type="stmt"/>
        <line num="10" count="1" type="stmt"/>
        <line num="31" count="1" type="stmt"/>
      </file>
    </package>
    <package name="security">
      <metrics statements="38" coveredstatements="37" conditionals="2" coveredconditionals="2" methods="8" coveredmethods="7"/>
      <file name="audit-logger.ts" path="/Users/abhilashchadhar/uncloud/savitri/backend/security/audit-logger.ts">
        <metrics statements="6" coveredstatements="5" conditionals="2" coveredconditionals="2" methods="2" coveredmethods="1"/>
        <line num="1" count="1" type="cond" truecount="2" falsecount="0"/>
        <line num="2" count="1" type="stmt"/>
        <line num="3" count="1" type="stmt"/>
        <line num="4" count="1" type="stmt"/>
        <line num="14" count="1" type="stmt"/>
        <line num="16" count="0" type="stmt"/>
      </file>
      <file name="hipaa-compliance.ts" path="/Users/abhilashchadhar/uncloud/savitri/backend/security/hipaa-compliance.ts">
        <metrics statements="11" coveredstatements="11" conditionals="0" coveredconditionals="0" methods="3" coveredmethods="3"/>
        <line num="1" count="1" type="stmt"/>
        <line num="2" count="1" type="stmt"/>
        <line num="4" count="1" type="stmt"/>
        <line num="5" count="1" type="stmt"/>
        <line num="9" count="1" type="stmt"/>
        <line num="13" count="1" type="stmt"/>
        <line num="14" count="1" type="stmt"/>
        <line num="20" count="1" type="stmt"/>
        <line num="24" count="1" type="stmt"/>
        <line num="25" count="1" type="stmt"/>
        <line num="31" count="1" type="stmt"/>
      </file>
      <file name="hipaa-encryption.ts" path="/Users/abhilashchadhar/uncloud/savitri/backend/security/hipaa-encryption.ts">
        <metrics statements="21" coveredstatements="21" conditionals="0" coveredconditionals="0" methods="3" coveredmethods="3"/>
        <line num="1" count="1" type="stmt"/>
        <line num="3" count="1" type="stmt"/>
        <line num="4" count="1" type="stmt"/>
        <line num="5" count="1" type="stmt"/>
        <line num="6" count="1" type="stmt"/>
        <line num="7" count="1" type="stmt"/>
        <line num="8" count="1" type="stmt"/>
        <line num="10" count="1" type="stmt"/>
        <line num="14" count="1" type="stmt"/>
        <line num="18" count="1" type="stmt"/>
        <line num="19" count="1" type="stmt"/>
        <line num="20" count="1" type="stmt"/>
        <line num="21" count="1" type="stmt"/>
        <line num="22" count="1" type="stmt"/>
        <line num="26" count="1" type="stmt"/>
        <line num="27" count="1" type="stmt"/>
        <line num="28" count="1" type="stmt"/>
        <line num="29" count="1" type="stmt"/>
        <line num="30" count="1" type="stmt"/>
        <line num="31" count="1" type="stmt"/>
        <line num="32" count="1" type="stmt"/>
      </file>
    </package>
  </project>
</coverage>
