{"/Users/abhilashchadhar/uncloud/savitri/backend/src/audit/security-tests/automated-security-audit.ts": {"path":"/Users/abhilashchadhar/uncloud/savitri/backend/src/audit/security-tests/automated-security-audit.ts","statementMap":{"0":{"start":{"line":780,"column":0},"end":{"line":780,"column":7}},"1":{"start":{"line":1,"column":0},"end":{"line":1,"column":45}},"2":{"start":{"line":28,"column":10},"end":{"line":28,"column":46}},"3":{"start":{"line":31,"column":4},"end":{"line":31,"column":27}},"4":{"start":{"line":32,"column":4},"end":{"line":36,"column":7}},"5":{"start":{"line":35,"column":28},"end":{"line":35,"column":32}},"6":{"start":{"line":40,"column":4},"end":{"line":40,"column":63}},"7":{"start":{"line":43,"column":4},"end":{"line":43,"column":36}},"8":{"start":{"line":44,"column":4},"end":{"line":44,"column":34}},"9":{"start":{"line":45,"column":4},"end":{"line":45,"column":25}},"10":{"start":{"line":46,"column":4},"end":{"line":46,"column":42}},"11":{"start":{"line":47,"column":4},"end":{"line":47,"column":26}},"12":{"start":{"line":48,"column":4},"end":{"line":48,"column":35}},"13":{"start":{"line":49,"column":4},"end":{"line":49,"column":38}},"14":{"start":{"line":50,"column":4},"end":{"line":50,"column":25}},"15":{"start":{"line":51,"column":4},"end":{"line":51,"column":45}},"16":{"start":{"line":52,"column":4},"end":{"line":52,"column":35}},"17":{"start":{"line":53,"column":4},"end":{"line":53,"column":34}},"18":{"start":{"line":54,"column":4},"end":{"line":54,"column":39}},"19":{"start":{"line":56,"column":4},"end":{"line":56,"column":33}},"20":{"start":{"line":60,"column":4},"end":{"line":60,"column":56}},"21":{"start":{"line":63,"column":26},"end":{"line":63,"column":75}},"22":{"start":{"line":65,"column":4},"end":{"line":83,"column":5}},"23":{"start":{"line":66,"column":23},"end":{"line":70,"column":8}},"24":{"start":{"line":72,"column":6},"end":{"line":82,"column":7}},"25":{"start":{"line":73,"column":8},"end":{"line":80,"column":11}},"26":{"start":{"line":81,"column":8},"end":{"line":81,"column":14}},"27":{"start":{"line":86,"column":22},"end":{"line":89,"column":6}},"28":{"start":{"line":91,"column":22},"end":{"line":94,"column":6}},"29":{"start":{"line":96,"column":4},"end":{"line":104,"column":5}},"30":{"start":{"line":97,"column":6},"end":{"line":103,"column":9}},"31":{"start":{"line":107,"column":31},"end":{"line":107,"column":33}},"32":{"start":{"line":108,"column":18},"end":{"line":108,"column":23}},"33":{"start":{"line":110,"column":4},"end":{"line":120,"column":5}},"34":{"start":{"line":110,"column":17},"end":{"line":110,"column":18}},"35":{"start":{"line":111,"column":23},"end":{"line":114,"column":8}},"36":{"start":{"line":116,"column":6},"end":{"line":119,"column":7}},"37":{"start":{"line":117,"column":8},"end":{"line":117,"column":23}},"38":{"start":{"line":118,"column":8},"end":{"line":118,"column":14}},"39":{"start":{"line":122,"column":4},"end":{"line":130,"column":5}},"40":{"start":{"line":123,"column":6},"end":{"line":129,"column":9}},"41":{"start":{"line":134,"column":4},"end":{"line":134,"column":64}},"42":{"start":{"line":136,"column":24},"end":{"line":147,"column":6}},"43":{"start":{"line":149,"column":22},"end":{"line":153,"column":6}},"44":{"start":{"line":155,"column":4},"end":{"line":196,"column":5}},"45":{"start":{"line":156,"column":6},"end":{"line":195,"column":7}},"46":{"start":{"line":159,"column":8},"end":{"line":165,"column":9}},"47":{"start":{"line":160,"column":28},"end":{"line":160,"column":30}},"48":{"start":{"line":161,"column":10},"end":{"line":161,"column":41}},"49":{"start":{"line":162,"column":10},"end":{"line":162,"column":64}},"50":{"start":{"line":164,"column":10},"end":{"line":164,"column":111}},"51":{"start":{"line":168,"column":32},"end":{"line":168,"column":101}},"52":{"start":{"line":169,"column":29},"end":{"line":169,"column":58}},"53":{"start":{"line":171,"column":8},"end":{"line":181,"column":9}},"54":{"start":{"line":171,"column":46},"end":{"line":171,"column":106}},"55":{"start":{"line":172,"column":10},"end":{"line":179,"column":13}},"56":{"start":{"line":180,"column":10},"end":{"line":180,"column":16}},"57":{"start":{"line":184,"column":8},"end":{"line":194,"column":9}},"58":{"start":{"line":185,"column":10},"end":{"line":192,"column":13}},"59":{"start":{"line":193,"column":10},"end":{"line":193,"column":16}},"60":{"start":{"line":200,"column":4},"end":{"line":200,"column":54}},"61":{"start":{"line":202,"column":24},"end":{"line":213,"column":6}},"62":{"start":{"line":216,"column":4},"end":{"line":230,"column":5}},"63":{"start":{"line":217,"column":23},"end":{"line":217,"column":92}},"64":{"start":{"line":219,"column":6},"end":{"line":229,"column":7}},"65":{"start":{"line":220,"column":8},"end":{"line":227,"column":11}},"66":{"start":{"line":228,"column":8},"end":{"line":228,"column":14}},"67":{"start":{"line":233,"column":18},"end":{"line":233,"column":43}},"68":{"start":{"line":234,"column":4},"end":{"line":261,"column":5}},"69":{"start":{"line":235,"column":6},"end":{"line":260,"column":7}},"70":{"start":{"line":236,"column":25},"end":{"line":240,"column":10}},"71":{"start":{"line":242,"column":8},"end":{"line":259,"column":9}},"72":{"start":{"line":244,"column":29},"end":{"line":246,"column":12}},"73":{"start":{"line":248,"column":10},"end":{"line":258,"column":11}},"74":{"start":{"line":249,"column":12},"end":{"line":256,"column":15}},"75":{"start":{"line":257,"column":12},"end":{"line":257,"column":18}},"76":{"start":{"line":265,"column":4},"end":{"line":265,"column":56}},"77":{"start":{"line":267,"column":31},"end":{"line":273,"column":6}},"78":{"start":{"line":275,"column":29},"end":{"line":283,"column":6}},"79":{"start":{"line":285,"column":4},"end":{"line":300,"column":5}},"80":{"start":{"line":286,"column":6},"end":{"line":299,"column":7}},"81":{"start":{"line":287,"column":25},"end":{"line":287,"column":67}},"82":{"start":{"line":289,"column":8},"end":{"line":298,"column":9}},"83":{"start":{"line":290,"column":10},"end":{"line":296,"column":13}},"84":{"start":{"line":297,"column":10},"end":{"line":297,"column":16}},"85":{"start":{"line":304,"column":4},"end":{"line":304,"column":55}},"86":{"start":{"line":306,"column":18},"end":{"line":306,"column":43}},"87":{"start":{"line":307,"column":4},"end":{"line":307,"column":23}},"88":{"start":{"line":307,"column":16},"end":{"line":307,"column":23}},"89":{"start":{"line":310,"column":35},"end":{"line":314,"column":6}},"90":{"start":{"line":316,"column":4},"end":{"line":336,"column":5}},"91":{"start":{"line":317,"column":23},"end":{"line":325,"column":8}},"92":{"start":{"line":327,"column":6},"end":{"line":335,"column":7}},"93":{"start":{"line":328,"column":8},"end":{"line":334,"column":11}},"94":{"start":{"line":340,"column":4},"end":{"line":340,"column":65}},"95":{"start":{"line":342,"column":34},"end":{"line":350,"column":6}},"96":{"start":{"line":352,"column":22},"end":{"line":357,"column":6}},"97":{"start":{"line":359,"column":4},"end":{"line":379,"column":5}},"98":{"start":{"line":360,"column":6},"end":{"line":378,"column":7}},"99":{"start":{"line":361,"column":25},"end":{"line":361,"column":91}},"100":{"start":{"line":364,"column":27},"end":{"line":364,"column":86}},"101":{"start":{"line":365,"column":29},"end":{"line":365,"column":53}},"102":{"start":{"line":367,"column":8},"end":{"line":377,"column":9}},"103":{"start":{"line":367,"column":41},"end":{"line":367,"column":73}},"104":{"start":{"line":368,"column":10},"end":{"line":375,"column":13}},"105":{"start":{"line":376,"column":10},"end":{"line":376,"column":16}},"106":{"start":{"line":383,"column":4},"end":{"line":383,"column":68}},"107":{"start":{"line":385,"column":28},"end":{"line":394,"column":6}},"108":{"start":{"line":396,"column":22},"end":{"line":400,"column":6}},"109":{"start":{"line":402,"column":18},"end":{"line":402,"column":43}},"110":{"start":{"line":403,"column":4},"end":{"line":403,"column":23}},"111":{"start":{"line":403,"column":16},"end":{"line":403,"column":23}},"112":{"start":{"line":405,"column":4},"end":{"line":429,"column":5}},"113":{"start":{"line":406,"column":6},"end":{"line":428,"column":7}},"114":{"start":{"line":407,"column":25},"end":{"line":411,"column":10}},"115":{"start":{"line":414,"column":27},"end":{"line":414,"column":78}},"116":{"start":{"line":415,"column":29},"end":{"line":415,"column":58}},"117":{"start":{"line":417,"column":8},"end":{"line":427,"column":9}},"118":{"start":{"line":417,"column":41},"end":{"line":417,"column":73}},"119":{"start":{"line":418,"column":10},"end":{"line":425,"column":13}},"120":{"start":{"line":426,"column":10},"end":{"line":426,"column":16}},"121":{"start":{"line":433,"column":4},"end":{"line":433,"column":54}},"122":{"start":{"line":435,"column":24},"end":{"line":450,"column":6}},"123":{"start":{"line":452,"column":18},"end":{"line":452,"column":43}},"124":{"start":{"line":453,"column":4},"end":{"line":453,"column":23}},"125":{"start":{"line":453,"column":16},"end":{"line":453,"column":23}},"126":{"start":{"line":455,"column":4},"end":{"line":479,"column":5}},"127":{"start":{"line":456,"column":23},"end":{"line":461,"column":8}},"128":{"start":{"line":464,"column":6},"end":{"line":478,"column":7}},"129":{"start":{"line":469,"column":8},"end":{"line":476,"column":11}},"130":{"start":{"line":477,"column":8},"end":{"line":477,"column":14}},"131":{"start":{"line":483,"column":4},"end":{"line":483,"column":59}},"132":{"start":{"line":486,"column":30},"end":{"line":498,"column":6}},"133":{"start":{"line":500,"column":18},"end":{"line":500,"column":43}},"134":{"start":{"line":501,"column":4},"end":{"line":501,"column":23}},"135":{"start":{"line":501,"column":16},"end":{"line":501,"column":23}},"136":{"start":{"line":503,"column":4},"end":{"line":522,"column":5}},"137":{"start":{"line":504,"column":23},"end":{"line":509,"column":8}},"138":{"start":{"line":511,"column":6},"end":{"line":521,"column":7}},"139":{"start":{"line":513,"column":8},"end":{"line":519,"column":11}},"140":{"start":{"line":520,"column":8},"end":{"line":520,"column":14}},"141":{"start":{"line":526,"column":4},"end":{"line":526,"column":67}},"142":{"start":{"line":529,"column":21},"end":{"line":531,"column":6}},"143":{"start":{"line":530,"column":28},"end":{"line":530,"column":32}},"144":{"start":{"line":533,"column":4},"end":{"line":541,"column":5}},"145":{"start":{"line":534,"column":6},"end":{"line":540,"column":9}},"146":{"start":{"line":544,"column":18},"end":{"line":544,"column":43}},"147":{"start":{"line":545,"column":4},"end":{"line":565,"column":5}},"148":{"start":{"line":547,"column":6},"end":{"line":549,"column":9}},"149":{"start":{"line":552,"column":28},"end":{"line":554,"column":8}},"150":{"start":{"line":556,"column":6},"end":{"line":564,"column":7}},"151":{"start":{"line":557,"column":8},"end":{"line":563,"column":11}},"152":{"start":{"line":568,"column":28},"end":{"line":570,"column":6}},"153":{"start":{"line":572,"column":4},"end":{"line":581,"column":5}},"154":{"start":{"line":574,"column":6},"end":{"line":580,"column":9}},"155":{"start":{"line":585,"column":4},"end":{"line":585,"column":60}},"156":{"start":{"line":588,"column":20},"end":{"line":588,"column":47}},"157":{"start":{"line":591,"column":4},"end":{"line":599,"column":5}},"158":{"start":{"line":592,"column":6},"end":{"line":598,"column":9}},"159":{"start":{"line":602,"column":24},"end":{"line":602,"column":53}},"160":{"start":{"line":603,"column":4},"end":{"line":614,"column":5}},"161":{"start":{"line":604,"column":21},"end":{"line":604,"column":52}},"162":{"start":{"line":605,"column":6},"end":{"line":613,"column":7}},"163":{"start":{"line":605,"column":35},"end":{"line":605,"column":56}},"164":{"start":{"line":606,"column":8},"end":{"line":612,"column":11}},"165":{"start":{"line":617,"column":29},"end":{"line":617,"column":31}},"166":{"start":{"line":618,"column":4},"end":{"line":626,"column":5}},"167":{"start":{"line":618,"column":17},"end":{"line":618,"column":18}},"168":{"start":{"line":619,"column":23},"end":{"line":622,"column":8}},"169":{"start":{"line":623,"column":6},"end":{"line":625,"column":7}},"170":{"start":{"line":624,"column":8},"end":{"line":624,"column":41}},"171":{"start":{"line":629,"column":4},"end":{"line":640,"column":5}},"172":{"start":{"line":630,"column":22},"end":{"line":630,"column":51}},"173":{"start":{"line":631,"column":6},"end":{"line":639,"column":7}},"174":{"start":{"line":632,"column":8},"end":{"line":638,"column":11}},"175":{"start":{"line":644,"column":4},"end":{"line":644,"column":49}},"176":{"start":{"line":646,"column":18},"end":{"line":646,"column":43}},"177":{"start":{"line":647,"column":4},"end":{"line":647,"column":23}},"178":{"start":{"line":647,"column":16},"end":{"line":647,"column":23}},"179":{"start":{"line":650,"column":27},"end":{"line":650,"column":51}},"180":{"start":{"line":651,"column":21},"end":{"line":656,"column":6}},"181":{"start":{"line":658,"column":4},"end":{"line":667,"column":5}},"182":{"start":{"line":660,"column":6},"end":{"line":666,"column":9}},"183":{"start":{"line":670,"column":31},"end":{"line":670,"column":33}},"184":{"start":{"line":671,"column":4},"end":{"line":679,"column":5}},"185":{"start":{"line":671,"column":17},"end":{"line":671,"column":18}},"186":{"start":{"line":672,"column":28},"end":{"line":675,"column":8}},"187":{"start":{"line":676,"column":6},"end":{"line":678,"column":7}},"188":{"start":{"line":677,"column":8},"end":{"line":677,"column":48}},"189":{"start":{"line":682,"column":24},"end":{"line":682,"column":25}},"190":{"start":{"line":683,"column":4},"end":{"line":690,"column":5}},"191":{"start":{"line":684,"column":28},"end":{"line":686,"column":8}},"192":{"start":{"line":687,"column":6},"end":{"line":689,"column":7}},"193":{"start":{"line":688,"column":8},"end":{"line":688,"column":24}},"194":{"start":{"line":692,"column":4},"end":{"line":700,"column":5}},"195":{"start":{"line":693,"column":6},"end":{"line":699,"column":9}},"196":{"start":{"line":703,"column":4},"end":{"line":717,"column":23}},"197":{"start":{"line":704,"column":30},"end":{"line":706,"column":8}},"198":{"start":{"line":708,"column":6},"end":{"line":716,"column":7}},"199":{"start":{"line":709,"column":8},"end":{"line":715,"column":11}},"200":{"start":{"line":721,"column":4},"end":{"line":729,"column":5}},"201":{"start":{"line":722,"column":23},"end":{"line":725,"column":8}},"202":{"start":{"line":726,"column":6},"end":{"line":726,"column":41}},"203":{"start":{"line":728,"column":6},"end":{"line":728,"column":18}},"204":{"start":{"line":734,"column":21},"end":{"line":734,"column":36}},"205":{"start":{"line":735,"column":49},"end":{"line":735,"column":51}},"206":{"start":{"line":737,"column":4},"end":{"line":739,"column":5}},"207":{"start":{"line":738,"column":6},"end":{"line":738,"column":51}},"208":{"start":{"line":741,"column":18},"end":{"line":741,"column":19}},"209":{"start":{"line":742,"column":18},"end":{"line":742,"column":33}},"210":{"start":{"line":744,"column":4},"end":{"line":747,"column":5}},"211":{"start":{"line":745,"column":26},"end":{"line":745,"column":39}},"212":{"start":{"line":746,"column":6},"end":{"line":746,"column":54}},"213":{"start":{"line":749,"column":4},"end":{"line":749,"column":53}},"214":{"start":{"line":753,"column":26},"end":{"line":753,"column":84}},"215":{"start":{"line":753,"column":51},"end":{"line":753,"column":76}},"216":{"start":{"line":754,"column":22},"end":{"line":754,"column":76}},"217":{"start":{"line":754,"column":47},"end":{"line":754,"column":68}},"218":{"start":{"line":755,"column":24},"end":{"line":755,"column":80}},"219":{"start":{"line":755,"column":49},"end":{"line":755,"column":72}},"220":{"start":{"line":756,"column":21},"end":{"line":756,"column":74}},"221":{"start":{"line":756,"column":46},"end":{"line":756,"column":66}},"222":{"start":{"line":759,"column":4},"end":{"line":763,"column":33}},"223":{"start":{"line":759,"column":27},"end":{"line":759,"column":52}},"224":{"start":{"line":760,"column":9},"end":{"line":763,"column":33}},"225":{"start":{"line":760,"column":28},"end":{"line":760,"column":49}},"226":{"start":{"line":761,"column":9},"end":{"line":763,"column":33}},"227":{"start":{"line":761,"column":30},"end":{"line":761,"column":53}},"228":{"start":{"line":762,"column":9},"end":{"line":763,"column":33}},"229":{"start":{"line":762,"column":27},"end":{"line":762,"column":47}},"230":{"start":{"line":763,"column":9},"end":{"line":763,"column":33}},"231":{"start":{"line":765,"column":4},"end":{"line":775,"column":6}},"232":{"start":{"line":25,"column":0},"end":{"line":25,"column":13}},"233":{"start":{"line":781,"column":18},"end":{"line":781,"column":48}},"234":{"start":{"line":782,"column":2},"end":{"line":782,"column":38}}},"fnMap":{"0":{"name":"(anonymous_1)","decl":{"start":{"line":30,"column":2},"end":{"line":30,"column":14}},"loc":{"start":{"line":30,"column":29},"end":{"line":37,"column":3}}},"1":{"name":"(anonymous_2)","decl":{"start":{"line":35,"column":22},"end":{"line":35,"column":25}},"loc":{"start":{"line":35,"column":28},"end":{"line":35,"column":32}}},"2":{"name":"(anonymous_3)","decl":{"start":{"line":39,"column":2},"end":{"line":39,"column":7}},"loc":{"start":{"line":39,"column":20},"end":{"line":57,"column":3}}},"3":{"name":"(anonymous_4)","decl":{"start":{"line":59,"column":10},"end":{"line":59,"column":15}},"loc":{"start":{"line":59,"column":34},"end":{"line":131,"column":3}}},"4":{"name":"(anonymous_5)","decl":{"start":{"line":133,"column":10},"end":{"line":133,"column":15}},"loc":{"start":{"line":133,"column":32},"end":{"line":197,"column":3}}},"5":{"name":"(anonymous_6)","decl":{"start":{"line":171,"column":33},"end":{"line":171,"column":42}},"loc":{"start":{"line":171,"column":46},"end":{"line":171,"column":106}}},"6":{"name":"(anonymous_7)","decl":{"start":{"line":199,"column":10},"end":{"line":199,"column":15}},"loc":{"start":{"line":199,"column":23},"end":{"line":262,"column":3}}},"7":{"name":"(anonymous_8)","decl":{"start":{"line":264,"column":10},"end":{"line":264,"column":15}},"loc":{"start":{"line":264,"column":40},"end":{"line":301,"column":3}}},"8":{"name":"(anonymous_9)","decl":{"start":{"line":303,"column":10},"end":{"line":303,"column":15}},"loc":{"start":{"line":303,"column":24},"end":{"line":337,"column":3}}},"9":{"name":"(anonymous_10)","decl":{"start":{"line":339,"column":10},"end":{"line":339,"column":15}},"loc":{"start":{"line":339,"column":33},"end":{"line":380,"column":3}}},"10":{"name":"(anonymous_11)","decl":{"start":{"line":367,"column":28},"end":{"line":367,"column":37}},"loc":{"start":{"line":367,"column":41},"end":{"line":367,"column":73}}},"11":{"name":"(anonymous_12)","decl":{"start":{"line":382,"column":10},"end":{"line":382,"column":15}},"loc":{"start":{"line":382,"column":36},"end":{"line":430,"column":3}}},"12":{"name":"(anonymous_13)","decl":{"start":{"line":417,"column":28},"end":{"line":417,"column":37}},"loc":{"start":{"line":417,"column":41},"end":{"line":417,"column":73}}},"13":{"name":"(anonymous_14)","decl":{"start":{"line":432,"column":10},"end":{"line":432,"column":15}},"loc":{"start":{"line":432,"column":23},"end":{"line":480,"column":3}}},"14":{"name":"(anonymous_15)","decl":{"start":{"line":482,"column":10},"end":{"line":482,"column":15}},"loc":{"start":{"line":482,"column":43},"end":{"line":523,"column":3}}},"15":{"name":"(anonymous_16)","decl":{"start":{"line":525,"column":10},"end":{"line":525,"column":15}},"loc":{"start":{"line":525,"column":33},"end":{"line":582,"column":3}}},"16":{"name":"(anonymous_17)","decl":{"start":{"line":530,"column":22},"end":{"line":530,"column":25}},"loc":{"start":{"line":530,"column":28},"end":{"line":530,"column":32}}},"17":{"name":"(anonymous_18)","decl":{"start":{"line":584,"column":10},"end":{"line":584,"column":15}},"loc":{"start":{"line":584,"column":32},"end":{"line":641,"column":3}}},"18":{"name":"(anonymous_19)","decl":{"start":{"line":605,"column":27},"end":{"line":605,"column":31}},"loc":{"start":{"line":605,"column":35},"end":{"line":605,"column":56}}},"19":{"name":"(anonymous_20)","decl":{"start":{"line":643,"column":10},"end":{"line":643,"column":15}},"loc":{"start":{"line":643,"column":37},"end":{"line":718,"column":3}}},"20":{"name":"(anonymous_21)","decl":{"start":{"line":703,"column":15},"end":{"line":703,"column":20}},"loc":{"start":{"line":703,"column":26},"end":{"line":717,"column":5}}},"21":{"name":"(anonymous_22)","decl":{"start":{"line":720,"column":10},"end":{"line":720,"column":15}},"loc":{"start":{"line":720,"column":28},"end":{"line":730,"column":3}}},"22":{"name":"(anonymous_23)","decl":{"start":{"line":732,"column":10},"end":{"line":732,"column":26}},"loc":{"start":{"line":732,"column":43},"end":{"line":750,"column":3}}},"23":{"name":"(anonymous_24)","decl":{"start":{"line":752,"column":10},"end":{"line":752,"column":24}},"loc":{"start":{"line":752,"column":24},"end":{"line":776,"column":3}}},"24":{"name":"(anonymous_25)","decl":{"start":{"line":753,"column":46},"end":{"line":753,"column":47}},"loc":{"start":{"line":753,"column":51},"end":{"line":753,"column":76}}},"25":{"name":"(anonymous_26)","decl":{"start":{"line":754,"column":42},"end":{"line":754,"column":43}},"loc":{"start":{"line":754,"column":47},"end":{"line":754,"column":68}}},"26":{"name":"(anonymous_27)","decl":{"start":{"line":755,"column":44},"end":{"line":755,"column":45}},"loc":{"start":{"line":755,"column":49},"end":{"line":755,"column":72}}},"27":{"name":"(anonymous_28)","decl":{"start":{"line":756,"column":41},"end":{"line":756,"column":42}},"loc":{"start":{"line":756,"column":46},"end":{"line":756,"column":66}}},"28":{"name":"runSecurityAudit","decl":{"start":{"line":780,"column":22},"end":{"line":780,"column":38}},"loc":{"start":{"line":780,"column":56},"end":{"line":783,"column":1}}}},"branchMap":{"0":{"loc":{"start":{"line":72,"column":6},"end":{"line":82,"column":7}},"type":"if","locations":[{"start":{"line":72,"column":6},"end":{"line":82,"column":7}}]},"1":{"loc":{"start":{"line":96,"column":4},"end":{"line":104,"column":5}},"type":"if","locations":[{"start":{"line":96,"column":4},"end":{"line":104,"column":5}}]},"2":{"loc":{"start":{"line":96,"column":8},"end":{"line":96,"column":82}},"type":"binary-expr","locations":[{"start":{"line":96,"column":8},"end":{"line":96,"column":41}},{"start":{"line":96,"column":45},"end":{"line":96,"column":82}}]},"3":{"loc":{"start":{"line":116,"column":6},"end":{"line":119,"column":7}},"type":"if","locations":[{"start":{"line":116,"column":6},"end":{"line":119,"column":7}}]},"4":{"loc":{"start":{"line":116,"column":10},"end":{"line":116,"column":106}},"type":"binary-expr","locations":[{"start":{"line":116,"column":10},"end":{"line":116,"column":33}},{"start":{"line":116,"column":37},"end":{"line":116,"column":69}},{"start":{"line":116,"column":73},"end":{"line":116,"column":106}}]},"5":{"loc":{"start":{"line":122,"column":4},"end":{"line":130,"column":5}},"type":"if","locations":[{"start":{"line":122,"column":4},"end":{"line":130,"column":5}}]},"6":{"loc":{"start":{"line":159,"column":8},"end":{"line":165,"column":9}},"type":"if","locations":[{"start":{"line":159,"column":8},"end":{"line":165,"column":9}},{"start":{"line":163,"column":15},"end":{"line":165,"column":9}}]},"7":{"loc":{"start":{"line":171,"column":8},"end":{"line":181,"column":9}},"type":"if","locations":[{"start":{"line":171,"column":8},"end":{"line":181,"column":9}}]},"8":{"loc":{"start":{"line":184,"column":8},"end":{"line":194,"column":9}},"type":"if","locations":[{"start":{"line":184,"column":8},"end":{"line":194,"column":9}}]},"9":{"loc":{"start":{"line":184,"column":12},"end":{"line":184,"column":92}},"type":"binary-expr","locations":[{"start":{"line":184,"column":12},"end":{"line":184,"column":42}},{"start":{"line":184,"column":46},"end":{"line":184,"column":69}},{"start":{"line":184,"column":73},"end":{"line":184,"column":92}}]},"10":{"loc":{"start":{"line":219,"column":6},"end":{"line":229,"column":7}},"type":"if","locations":[{"start":{"line":219,"column":6},"end":{"line":229,"column":7}}]},"11":{"loc":{"start":{"line":219,"column":10},"end":{"line":219,"column":69}},"type":"binary-expr","locations":[{"start":{"line":219,"column":10},"end":{"line":219,"column":23}},{"start":{"line":219,"column":27},"end":{"line":219,"column":69}}]},"12":{"loc":{"start":{"line":234,"column":4},"end":{"line":261,"column":5}},"type":"if","locations":[{"start":{"line":234,"column":4},"end":{"line":261,"column":5}}]},"13":{"loc":{"start":{"line":242,"column":8},"end":{"line":259,"column":9}},"type":"if","locations":[{"start":{"line":242,"column":8},"end":{"line":259,"column":9}}]},"14":{"loc":{"start":{"line":248,"column":10},"end":{"line":258,"column":11}},"type":"if","locations":[{"start":{"line":248,"column":10},"end":{"line":258,"column":11}}]},"15":{"loc":{"start":{"line":248,"column":14},"end":{"line":248,"column":77}},"type":"binary-expr","locations":[{"start":{"line":248,"column":14},"end":{"line":248,"column":29}},{"start":{"line":248,"column":33},"end":{"line":248,"column":77}}]},"16":{"loc":{"start":{"line":289,"column":8},"end":{"line":298,"column":9}},"type":"if","locations":[{"start":{"line":289,"column":8},"end":{"line":298,"column":9}}]},"17":{"loc":{"start":{"line":307,"column":4},"end":{"line":307,"column":23}},"type":"if","locations":[{"start":{"line":307,"column":4},"end":{"line":307,"column":23}}]},"18":{"loc":{"start":{"line":327,"column":6},"end":{"line":335,"column":7}},"type":"if","locations":[{"start":{"line":327,"column":6},"end":{"line":335,"column":7}}]},"19":{"loc":{"start":{"line":327,"column":10},"end":{"line":327,"column":57}},"type":"binary-expr","locations":[{"start":{"line":327,"column":10},"end":{"line":327,"column":32}},{"start":{"line":327,"column":36},"end":{"line":327,"column":57}}]},"20":{"loc":{"start":{"line":367,"column":8},"end":{"line":377,"column":9}},"type":"if","locations":[{"start":{"line":367,"column":8},"end":{"line":377,"column":9}}]},"21":{"loc":{"start":{"line":403,"column":4},"end":{"line":403,"column":23}},"type":"if","locations":[{"start":{"line":403,"column":4},"end":{"line":403,"column":23}}]},"22":{"loc":{"start":{"line":417,"column":8},"end":{"line":427,"column":9}},"type":"if","locations":[{"start":{"line":417,"column":8},"end":{"line":427,"column":9}}]},"23":{"loc":{"start":{"line":453,"column":4},"end":{"line":453,"column":23}},"type":"if","locations":[{"start":{"line":453,"column":4},"end":{"line":453,"column":23}}]},"24":{"loc":{"start":{"line":464,"column":6},"end":{"line":478,"column":7}},"type":"if","locations":[{"start":{"line":464,"column":6},"end":{"line":478,"column":7}}]},"25":{"loc":{"start":{"line":464,"column":10},"end":{"line":467,"column":null}},"type":"binary-expr","locations":[{"start":{"line":464,"column":10},"end":{"line":464,"column":23}},{"start":{"line":465,"column":8},"end":{"line":465,"column":50}},{"start":{"line":466,"column":8},"end":{"line":466,"column":52}},{"start":{"line":467,"column":8},"end":{"line":467,"column":31}},{"start":{"line":467,"column":35},"end":{"line":467,"column":75}}]},"26":{"loc":{"start":{"line":501,"column":4},"end":{"line":501,"column":23}},"type":"if","locations":[{"start":{"line":501,"column":4},"end":{"line":501,"column":23}}]},"27":{"loc":{"start":{"line":511,"column":6},"end":{"line":521,"column":7}},"type":"if","locations":[{"start":{"line":511,"column":6},"end":{"line":521,"column":7}}]},"28":{"loc":{"start":{"line":511,"column":10},"end":{"line":512,"column":81}},"type":"binary-expr","locations":[{"start":{"line":511,"column":10},"end":{"line":511,"column":33}},{"start":{"line":512,"column":11},"end":{"line":512,"column":24}},{"start":{"line":512,"column":28},"end":{"line":512,"column":80}}]},"29":{"loc":{"start":{"line":533,"column":4},"end":{"line":541,"column":5}},"type":"if","locations":[{"start":{"line":533,"column":4},"end":{"line":541,"column":5}}]},"30":{"loc":{"start":{"line":545,"column":4},"end":{"line":565,"column":5}},"type":"if","locations":[{"start":{"line":545,"column":4},"end":{"line":565,"column":5}}]},"31":{"loc":{"start":{"line":556,"column":6},"end":{"line":564,"column":7}},"type":"if","locations":[{"start":{"line":556,"column":6},"end":{"line":564,"column":7}}]},"32":{"loc":{"start":{"line":556,"column":10},"end":{"line":556,"column":64}},"type":"binary-expr","locations":[{"start":{"line":556,"column":10},"end":{"line":556,"column":29}},{"start":{"line":556,"column":33},"end":{"line":556,"column":64}}]},"33":{"loc":{"start":{"line":572,"column":4},"end":{"line":581,"column":5}},"type":"if","locations":[{"start":{"line":572,"column":4},"end":{"line":581,"column":5}}]},"34":{"loc":{"start":{"line":572,"column":8},"end":{"line":573,"column":67}},"type":"binary-expr","locations":[{"start":{"line":572,"column":8},"end":{"line":572,"column":38}},{"start":{"line":573,"column":9},"end":{"line":573,"column":29}},{"start":{"line":573,"column":33},"end":{"line":573,"column":66}}]},"35":{"loc":{"start":{"line":591,"column":4},"end":{"line":599,"column":5}},"type":"if","locations":[{"start":{"line":591,"column":4},"end":{"line":599,"column":5}}]},"36":{"loc":{"start":{"line":591,"column":8},"end":{"line":591,"column":90}},"type":"binary-expr","locations":[{"start":{"line":591,"column":8},"end":{"line":591,"column":38}},{"start":{"line":591,"column":42},"end":{"line":591,"column":90}}]},"37":{"loc":{"start":{"line":603,"column":4},"end":{"line":614,"column":5}},"type":"if","locations":[{"start":{"line":603,"column":4},"end":{"line":614,"column":5}}]},"38":{"loc":{"start":{"line":605,"column":6},"end":{"line":613,"column":7}},"type":"if","locations":[{"start":{"line":605,"column":6},"end":{"line":613,"column":7}}]},"39":{"loc":{"start":{"line":623,"column":6},"end":{"line":625,"column":7}},"type":"if","locations":[{"start":{"line":623,"column":6},"end":{"line":625,"column":7}}]},"40":{"loc":{"start":{"line":629,"column":4},"end":{"line":640,"column":5}},"type":"if","locations":[{"start":{"line":629,"column":4},"end":{"line":640,"column":5}}]},"41":{"loc":{"start":{"line":631,"column":6},"end":{"line":639,"column":7}},"type":"if","locations":[{"start":{"line":631,"column":6},"end":{"line":639,"column":7}}]},"42":{"loc":{"start":{"line":647,"column":4},"end":{"line":647,"column":23}},"type":"if","locations":[{"start":{"line":647,"column":4},"end":{"line":647,"column":23}}]},"43":{"loc":{"start":{"line":658,"column":4},"end":{"line":667,"column":5}},"type":"if","locations":[{"start":{"line":658,"column":4},"end":{"line":667,"column":5}}]},"44":{"loc":{"start":{"line":658,"column":8},"end":{"line":659,"column":74}},"type":"binary-expr","locations":[{"start":{"line":658,"column":8},"end":{"line":658,"column":38}},{"start":{"line":659,"column":8},"end":{"line":659,"column":74}}]},"45":{"loc":{"start":{"line":676,"column":6},"end":{"line":678,"column":7}},"type":"if","locations":[{"start":{"line":676,"column":6},"end":{"line":678,"column":7}}]},"46":{"loc":{"start":{"line":687,"column":6},"end":{"line":689,"column":7}},"type":"if","locations":[{"start":{"line":687,"column":6},"end":{"line":689,"column":7}}]},"47":{"loc":{"start":{"line":692,"column":4},"end":{"line":700,"column":5}},"type":"if","locations":[{"start":{"line":692,"column":4},"end":{"line":700,"column":5}}]},"48":{"loc":{"start":{"line":708,"column":6},"end":{"line":716,"column":7}},"type":"if","locations":[{"start":{"line":708,"column":6},"end":{"line":716,"column":7}}]},"49":{"loc":{"start":{"line":726,"column":13},"end":{"line":726,"column":40}},"type":"binary-expr","locations":[{"start":{"line":726,"column":13},"end":{"line":726,"column":32}},{"start":{"line":726,"column":36},"end":{"line":726,"column":40}}]},"50":{"loc":{"start":{"line":738,"column":25},"end":{"line":738,"column":45}},"type":"binary-expr","locations":[{"start":{"line":738,"column":25},"end":{"line":738,"column":40}},{"start":{"line":738,"column":44},"end":{"line":738,"column":45}}]},"51":{"loc":{"start":{"line":759,"column":4},"end":{"line":763,"column":33}},"type":"if","locations":[{"start":{"line":759,"column":4},"end":{"line":763,"column":33}},{"start":{"line":760,"column":9},"end":{"line":763,"column":33}}]},"52":{"loc":{"start":{"line":760,"column":9},"end":{"line":763,"column":33}},"type":"if","locations":[{"start":{"line":760,"column":9},"end":{"line":763,"column":33}},{"start":{"line":761,"column":9},"end":{"line":763,"column":33}}]},"53":{"loc":{"start":{"line":761,"column":9},"end":{"line":763,"column":33}},"type":"if","locations":[{"start":{"line":761,"column":9},"end":{"line":763,"column":33}},{"start":{"line":762,"column":9},"end":{"line":763,"column":33}}]},"54":{"loc":{"start":{"line":762,"column":9},"end":{"line":763,"column":33}},"type":"if","locations":[{"start":{"line":762,"column":9},"end":{"line":763,"column":33}},{"start":{"line":763,"column":9},"end":{"line":763,"column":33}}]}},"s":{"0":0,"1":0,"2":0,"3":0,"4":0,"5":0,"6":0,"7":0,"8":0,"9":0,"10":0,"11":0,"12":0,"13":0,"14":0,"15":0,"16":0,"17":0,"18":0,"19":0,"20":0,"21":0,"22":0,"23":0,"24":0,"25":0,"26":0,"27":0,"28":0,"29":0,"30":0,"31":0,"32":0,"33":0,"34":0,"35":0,"36":0,"37":0,"38":0,"39":0,"40":0,"41":0,"42":0,"43":0,"44":0,"45":0,"46":0,"47":0,"48":0,"49":0,"50":0,"51":0,"52":0,"53":0,"54":0,"55":0,"56":0,"57":0,"58":0,"59":0,"60":0,"61":0,"62":0,"63":0,"64":0,"65":0,"66":0,"67":0,"68":0,"69":0,"70":0,"71":0,"72":0,"73":0,"74":0,"75":0,"76":0,"77":0,"78":0,"79":0,"80":0,"81":0,"82":0,"83":0,"84":0,"85":0,"86":0,"87":0,"88":0,"89":0,"90":0,"91":0,"92":0,"93":0,"94":0,"95":0,"96":0,"97":0,"98":0,"99":0,"100":0,"101":0,"102":0,"103":0,"104":0,"105":0,"106":0,"107":0,"108":0,"109":0,"110":0,"111":0,"112":0,"113":0,"114":0,"115":0,"116":0,"117":0,"118":0,"119":0,"120":0,"121":0,"122":0,"123":0,"124":0,"125":0,"126":0,"127":0,"128":0,"129":0,"130":0,"131":0,"132":0,"133":0,"134":0,"135":0,"136":0,"137":0,"138":0,"139":0,"140":0,"141":0,"142":0,"143":0,"144":0,"145":0,"146":0,"147":0,"148":0,"149":0,"150":0,"151":0,"152":0,"153":0,"154":0,"155":0,"156":0,"157":0,"158":0,"159":0,"160":0,"161":0,"162":0,"163":0,"164":0,"165":0,"166":0,"167":0,"168":0,"169":0,"170":0,"171":0,"172":0,"173":0,"174":0,"175":0,"176":0,"177":0,"178":0,"179":0,"180":0,"181":0,"182":0,"183":0,"184":0,"185":0,"186":0,"187":0,"188":0,"189":0,"190":0,"191":0,"192":0,"193":0,"194":0,"195":0,"196":0,"197":0,"198":0,"199":0,"200":0,"201":0,"202":0,"203":0,"204":0,"205":0,"206":0,"207":0,"208":0,"209":0,"210":0,"211":0,"212":0,"213":0,"214":0,"215":0,"216":0,"217":0,"218":0,"219":0,"220":0,"221":0,"222":0,"223":0,"224":0,"225":0,"226":0,"227":0,"228":0,"229":0,"230":0,"231":0,"232":0,"233":0,"234":0},"f":{"0":0,"1":0,"2":0,"3":0,"4":0,"5":0,"6":0,"7":0,"8":0,"9":0,"10":0,"11":0,"12":0,"13":0,"14":0,"15":0,"16":0,"17":0,"18":0,"19":0,"20":0,"21":0,"22":0,"23":0,"24":0,"25":0,"26":0,"27":0,"28":0},"b":{"0":[0],"1":[0],"2":[0,0],"3":[0],"4":[0,0,0],"5":[0],"6":[0,0],"7":[0],"8":[0],"9":[0,0,0],"10":[0],"11":[0,0],"12":[0],"13":[0],"14":[0],"15":[0,0],"16":[0],"17":[0],"18":[0],"19":[0,0],"20":[0],"21":[0],"22":[0],"23":[0],"24":[0],"25":[0,0,0,0,0],"26":[0],"27":[0],"28":[0,0,0],"29":[0],"30":[0],"31":[0],"32":[0,0],"33":[0],"34":[0,0,0],"35":[0],"36":[0,0],"37":[0],"38":[0],"39":[0],"40":[0],"41":[0],"42":[0],"43":[0],"44":[0,0],"45":[0],"46":[0],"47":[0],"48":[0],"49":[0,0],"50":[0,0],"51":[0,0],"52":[0,0],"53":[0,0],"54":[0,0]}}
,"/Users/abhilashchadhar/uncloud/savitri/backend/src/audit/security-tests/run-compliance-audit.ts": {"path":"/Users/abhilashchadhar/uncloud/savitri/backend/src/audit/security-tests/run-compliance-audit.ts","statementMap":{"0":{"start":{"line":3,"column":0},"end":{"line":3,"column":38}},"1":{"start":{"line":4,"column":0},"end":{"line":4,"column":73}},"2":{"start":{"line":5,"column":0},"end":{"line":5,"column":62}},"3":{"start":{"line":6,"column":0},"end":{"line":6,"column":25}},"4":{"start":{"line":7,"column":0},"end":{"line":7,"column":29}},"5":{"start":{"line":20,"column":4},"end":{"line":20,"column":25}},"6":{"start":{"line":24,"column":4},"end":{"line":24,"column":53}},"7":{"start":{"line":25,"column":4},"end":{"line":25,"column":51}},"8":{"start":{"line":26,"column":4},"end":{"line":26,"column":53}},"9":{"start":{"line":27,"column":4},"end":{"line":27,"column":53}},"10":{"start":{"line":28,"column":4},"end":{"line":28,"column":54}},"11":{"start":{"line":29,"column":4},"end":{"line":29,"column":20}},"12":{"start":{"line":31,"column":4},"end":{"line":64,"column":5}},"13":{"start":{"line":33,"column":6},"end":{"line":35,"column":7}},"14":{"start":{"line":34,"column":8},"end":{"line":34,"column":65}},"15":{"start":{"line":38,"column":6},"end":{"line":38,"column":56}},"16":{"start":{"line":39,"column":31},"end":{"line":39,"column":62}},"17":{"start":{"line":42,"column":6},"end":{"line":42,"column":62}},"18":{"start":{"line":43,"column":29},"end":{"line":43,"column":75}},"19":{"start":{"line":46,"column":29},"end":{"line":46,"column":90}},"20":{"start":{"line":49,"column":6},"end":{"line":49,"column":79}},"21":{"start":{"line":52,"column":6},"end":{"line":54,"column":7}},"22":{"start":{"line":53,"column":8},"end":{"line":53,"column":53}},"23":{"start":{"line":57,"column":6},"end":{"line":57,"column":40}},"24":{"start":{"line":60,"column":6},"end":{"line":60,"column":55}},"25":{"start":{"line":62,"column":6},"end":{"line":62,"column":55}},"26":{"start":{"line":63,"column":6},"end":{"line":63,"column":22}},"27":{"start":{"line":68,"column":19},"end":{"line":68,"column":56}},"28":{"start":{"line":70,"column":4},"end":{"line":78,"column":5}},"29":{"start":{"line":71,"column":6},"end":{"line":71,"column":29}},"30":{"start":{"line":72,"column":17},"end":{"line":72,"column":28}},"31":{"start":{"line":74,"column":24},"end":{"line":74,"column":56}},"32":{"start":{"line":75,"column":6},"end":{"line":75,"column":50}},"33":{"start":{"line":77,"column":6},"end":{"line":77,"column":27}},"34":{"start":{"line":82,"column":29},"end":{"line":85,"column":6}},"35":{"start":{"line":83,"column":53},"end":{"line":83,"column":78}},"36":{"start":{"line":84,"column":52},"end":{"line":84,"column":77}},"37":{"start":{"line":87,"column":25},"end":{"line":90,"column":6}},"38":{"start":{"line":88,"column":53},"end":{"line":88,"column":74}},"39":{"start":{"line":89,"column":52},"end":{"line":89,"column":73}},"40":{"start":{"line":92,"column":24},"end":{"line":93,"column":64}},"41":{"start":{"line":95,"column":4},"end":{"line":114,"column":6}},"42":{"start":{"line":118,"column":38},"end":{"line":118,"column":40}},"43":{"start":{"line":120,"column":4},"end":{"line":122,"column":5}},"44":{"start":{"line":121,"column":6},"end":{"line":121,"column":103}},"45":{"start":{"line":124,"column":4},"end":{"line":126,"column":5}},"46":{"start":{"line":124,"column":49},"end":{"line":124,"column":90}},"47":{"start":{"line":125,"column":6},"end":{"line":125,"column":89}},"48":{"start":{"line":128,"column":4},"end":{"line":130,"column":5}},"49":{"start":{"line":128,"column":49},"end":{"line":128,"column":80}},"50":{"start":{"line":129,"column":6},"end":{"line":129,"column":78}},"51":{"start":{"line":132,"column":4},"end":{"line":134,"column":5}},"52":{"start":{"line":132,"column":49},"end":{"line":132,"column":91}},"53":{"start":{"line":133,"column":6},"end":{"line":133,"column":78}},"54":{"start":{"line":136,"column":4},"end":{"line":136,"column":27}},"55":{"start":{"line":144,"column":22},"end":{"line":144,"column":68}},"56":{"start":{"line":147,"column":27},"end":{"line":149,"column":null}},"57":{"start":{"line":151,"column":4},"end":{"line":151,"column":80}},"58":{"start":{"line":152,"column":4},"end":{"line":152,"column":67}},"59":{"start":{"line":155,"column":25},"end":{"line":157,"column":null}},"60":{"start":{"line":159,"column":4},"end":{"line":159,"column":76}},"61":{"start":{"line":160,"column":4},"end":{"line":160,"column":61}},"62":{"start":{"line":163,"column":25},"end":{"line":165,"column":null}},"63":{"start":{"line":167,"column":4},"end":{"line":167,"column":76}},"64":{"start":{"line":168,"column":4},"end":{"line":168,"column":61}},"65":{"start":{"line":171,"column":23},"end":{"line":171,"column":62}},"66":{"start":{"line":172,"column":21},"end":{"line":174,"column":null}},"67":{"start":{"line":176,"column":4},"end":{"line":176,"column":43}},"68":{"start":{"line":177,"column":4},"end":{"line":177,"column":53}},"69":{"start":{"line":181,"column":4},"end":{"line":340,"column":6}},"70":{"start":{"line":290,"column":60},"end":{"line":297,"column":18}},"71":{"start":{"line":314,"column":64},"end":{"line":321,"column":18}},"72":{"start":{"line":327,"column":54},"end":{"line":331,"column":10}},"73":{"start":{"line":345,"column":4},"end":{"line":345,"column":85}},"74":{"start":{"line":349,"column":4},"end":{"line":349,"column":55}},"75":{"start":{"line":350,"column":4},"end":{"line":350,"column":33}},"76":{"start":{"line":351,"column":4},"end":{"line":351,"column":53}},"77":{"start":{"line":352,"column":4},"end":{"line":352,"column":75}},"78":{"start":{"line":353,"column":4},"end":{"line":353,"column":75}},"79":{"start":{"line":354,"column":4},"end":{"line":354,"column":57}},"80":{"start":{"line":355,"column":4},"end":{"line":355,"column":65}},"81":{"start":{"line":356,"column":4},"end":{"line":356,"column":66}},"82":{"start":{"line":357,"column":4},"end":{"line":357,"column":20}},"83":{"start":{"line":359,"column":4},"end":{"line":362,"column":5}},"84":{"start":{"line":360,"column":6},"end":{"line":360,"column":70}},"85":{"start":{"line":361,"column":6},"end":{"line":361,"column":71}},"86":{"start":{"line":364,"column":4},"end":{"line":364,"column":104}},"87":{"start":{"line":381,"column":9},"end":{"line":381,"column":30}},"88":{"start":{"line":369,"column":0},"end":{"line":379,"column":1}},"89":{"start":{"line":370,"column":30},"end":{"line":375,"column":4}},"90":{"start":{"line":377,"column":17},"end":{"line":377,"column":50}},"91":{"start":{"line":378,"column":2},"end":{"line":378,"column":36}}},"fnMap":{"0":{"name":"(anonymous_9)","decl":{"start":{"line":19,"column":2},"end":{"line":19,"column":14}},"loc":{"start":{"line":19,"column":33},"end":{"line":21,"column":3}}},"1":{"name":"(anonymous_10)","decl":{"start":{"line":23,"column":2},"end":{"line":23,"column":7}},"loc":{"start":{"line":23,"column":11},"end":{"line":65,"column":3}}},"2":{"name":"(anonymous_11)","decl":{"start":{"line":67,"column":10},"end":{"line":67,"column":15}},"loc":{"start":{"line":67,"column":34},"end":{"line":79,"column":3}}},"3":{"name":"(anonymous_12)","decl":{"start":{"line":81,"column":10},"end":{"line":81,"column":32}},"loc":{"start":{"line":81,"column":75},"end":{"line":115,"column":3}}},"4":{"name":"(anonymous_13)","decl":{"start":{"line":83,"column":41},"end":{"line":83,"column":42}},"loc":{"start":{"line":83,"column":53},"end":{"line":83,"column":78}}},"5":{"name":"(anonymous_14)","decl":{"start":{"line":84,"column":40},"end":{"line":84,"column":41}},"loc":{"start":{"line":84,"column":52},"end":{"line":84,"column":77}}},"6":{"name":"(anonymous_15)","decl":{"start":{"line":88,"column":41},"end":{"line":88,"column":42}},"loc":{"start":{"line":88,"column":53},"end":{"line":88,"column":74}}},"7":{"name":"(anonymous_16)","decl":{"start":{"line":89,"column":40},"end":{"line":89,"column":41}},"loc":{"start":{"line":89,"column":52},"end":{"line":89,"column":73}}},"8":{"name":"(anonymous_17)","decl":{"start":{"line":117,"column":10},"end":{"line":117,"column":41}},"loc":{"start":{"line":117,"column":61},"end":{"line":137,"column":3}}},"9":{"name":"(anonymous_18)","decl":{"start":{"line":124,"column":37},"end":{"line":124,"column":38}},"loc":{"start":{"line":124,"column":49},"end":{"line":124,"column":90}}},"10":{"name":"(anonymous_19)","decl":{"start":{"line":128,"column":37},"end":{"line":128,"column":38}},"loc":{"start":{"line":128,"column":49},"end":{"line":128,"column":80}}},"11":{"name":"(anonymous_20)","decl":{"start":{"line":132,"column":37},"end":{"line":132,"column":38}},"loc":{"start":{"line":132,"column":49},"end":{"line":132,"column":91}}},"12":{"name":"(anonymous_21)","decl":{"start":{"line":139,"column":10},"end":{"line":139,"column":15}},"loc":{"start":{"line":142,"column":23},"end":{"line":178,"column":3}}},"13":{"name":"(anonymous_22)","decl":{"start":{"line":180,"column":10},"end":{"line":180,"column":28}},"loc":{"start":{"line":180,"column":40},"end":{"line":341,"column":3}}},"14":{"name":"(anonymous_23)","decl":{"start":{"line":290,"column":44},"end":{"line":290,"column":45}},"loc":{"start":{"line":290,"column":60},"end":{"line":297,"column":18}}},"15":{"name":"(anonymous_24)","decl":{"start":{"line":314,"column":48},"end":{"line":314,"column":49}},"loc":{"start":{"line":314,"column":64},"end":{"line":321,"column":18}}},"16":{"name":"(anonymous_25)","decl":{"start":{"line":327,"column":37},"end":{"line":327,"column":38}},"loc":{"start":{"line":327,"column":54},"end":{"line":331,"column":10}}},"17":{"name":"(anonymous_26)","decl":{"start":{"line":343,"column":10},"end":{"line":343,"column":15}},"loc":{"start":{"line":343,"column":45},"end":{"line":346,"column":3}}},"18":{"name":"(anonymous_27)","decl":{"start":{"line":348,"column":10},"end":{"line":348,"column":22}},"loc":{"start":{"line":348,"column":34},"end":{"line":365,"column":3}}}},"branchMap":{"0":{"loc":{"start":{"line":33,"column":6},"end":{"line":35,"column":7}},"type":"if","locations":[{"start":{"line":33,"column":6},"end":{"line":35,"column":7}}]},"1":{"loc":{"start":{"line":52,"column":6},"end":{"line":54,"column":7}},"type":"if","locations":[{"start":{"line":52,"column":6},"end":{"line":54,"column":7}}]},"2":{"loc":{"start":{"line":52,"column":10},"end":{"line":52,"column":79}},"type":"binary-expr","locations":[{"start":{"line":52,"column":10},"end":{"line":52,"column":37}},{"start":{"line":52,"column":41},"end":{"line":52,"column":79}}]},"3":{"loc":{"start":{"line":60,"column":19},"end":{"line":60,"column":53}},"type":"cond-expr","locations":[{"start":{"line":60,"column":48},"end":{"line":60,"column":49}},{"start":{"line":60,"column":52},"end":{"line":60,"column":53}}]},"4":{"loc":{"start":{"line":92,"column":24},"end":{"line":93,"column":64}},"type":"binary-expr","locations":[{"start":{"line":92,"column":24},"end":{"line":92,"column":57}},{"start":{"line":93,"column":23},"end":{"line":93,"column":64}}]},"5":{"loc":{"start":{"line":97,"column":19},"end":{"line":97,"column":55}},"type":"binary-expr","locations":[{"start":{"line":97,"column":19},"end":{"line":97,"column":39}},{"start":{"line":97,"column":43},"end":{"line":97,"column":55}}]},"6":{"loc":{"start":{"line":120,"column":4},"end":{"line":122,"column":5}},"type":"if","locations":[{"start":{"line":120,"column":4},"end":{"line":122,"column":5}}]},"7":{"loc":{"start":{"line":124,"column":4},"end":{"line":126,"column":5}},"type":"if","locations":[{"start":{"line":124,"column":4},"end":{"line":126,"column":5}}]},"8":{"loc":{"start":{"line":128,"column":4},"end":{"line":130,"column":5}},"type":"if","locations":[{"start":{"line":128,"column":4},"end":{"line":130,"column":5}}]},"9":{"loc":{"start":{"line":132,"column":4},"end":{"line":134,"column":5}},"type":"if","locations":[{"start":{"line":132,"column":4},"end":{"line":134,"column":5}}]},"10":{"loc":{"start":{"line":267,"column":31},"end":{"line":267,"column":81}},"type":"cond-expr","locations":[{"start":{"line":267,"column":52},"end":{"line":267,"column":65}},{"start":{"line":267,"column":68},"end":{"line":267,"column":81}}]},"11":{"loc":{"start":{"line":268,"column":22},"end":{"line":268,"column":62}},"type":"cond-expr","locations":[{"start":{"line":268,"column":43},"end":{"line":268,"column":51}},{"start":{"line":268,"column":54},"end":{"line":268,"column":62}}]},"12":{"loc":{"start":{"line":278,"column":10},"end":{"line":300,"column":14}},"type":"cond-expr","locations":[{"start":{"line":278,"column":45},"end":{"line":300,"column":10}},{"start":{"line":300,"column":12},"end":{"line":300,"column":14}}]},"13":{"loc":{"start":{"line":292,"column":26},"end":{"line":292,"column":63}},"type":"binary-expr","locations":[{"start":{"line":292,"column":26},"end":{"line":292,"column":40}},{"start":{"line":292,"column":44},"end":{"line":292,"column":63}}]},"14":{"loc":{"start":{"line":294,"column":26},"end":{"line":294,"column":84}},"type":"cond-expr","locations":[{"start":{"line":294,"column":43},"end":{"line":294,"column":68}},{"start":{"line":294,"column":71},"end":{"line":294,"column":84}}]},"15":{"loc":{"start":{"line":295,"column":26},"end":{"line":295,"column":82}},"type":"binary-expr","locations":[{"start":{"line":295,"column":26},"end":{"line":295,"column":46}},{"start":{"line":295,"column":50},"end":{"line":295,"column":82}}]},"16":{"loc":{"start":{"line":302,"column":10},"end":{"line":324,"column":14}},"type":"cond-expr","locations":[{"start":{"line":302,"column":49},"end":{"line":324,"column":10}},{"start":{"line":324,"column":12},"end":{"line":324,"column":14}}]},"17":{"loc":{"start":{"line":316,"column":26},"end":{"line":316,"column":63}},"type":"binary-expr","locations":[{"start":{"line":316,"column":26},"end":{"line":316,"column":40}},{"start":{"line":316,"column":44},"end":{"line":316,"column":63}}]},"18":{"loc":{"start":{"line":318,"column":26},"end":{"line":318,"column":84}},"type":"cond-expr","locations":[{"start":{"line":318,"column":43},"end":{"line":318,"column":68}},{"start":{"line":318,"column":71},"end":{"line":318,"column":84}}]},"19":{"loc":{"start":{"line":319,"column":26},"end":{"line":319,"column":75}},"type":"binary-expr","locations":[{"start":{"line":319,"column":26},"end":{"line":319,"column":46}},{"start":{"line":319,"column":50},"end":{"line":319,"column":75}}]},"20":{"loc":{"start":{"line":345,"column":44},"end":{"line":345,"column":83}},"type":"cond-expr","locations":[{"start":{"line":345,"column":71},"end":{"line":345,"column":73}},{"start":{"line":345,"column":71},"end":{"line":345,"column":83}}]},"21":{"loc":{"start":{"line":345,"column":44},"end":{"line":345,"column":73}},"type":"binary-expr","locations":[{"start":{"line":345,"column":44},"end":{"line":345,"column":73}},{"start":{"line":345,"column":71},"end":{"line":345,"column":73}}]},"22":{"loc":{"start":{"line":352,"column":27},"end":{"line":352,"column":71}},"type":"cond-expr","locations":[{"start":{"line":352,"column":48},"end":{"line":352,"column":58}},{"start":{"line":352,"column":61},"end":{"line":352,"column":71}}]},"23":{"loc":{"start":{"line":359,"column":4},"end":{"line":362,"column":5}},"type":"if","locations":[{"start":{"line":359,"column":4},"end":{"line":362,"column":5}}]},"24":{"loc":{"start":{"line":369,"column":0},"end":{"line":379,"column":1}},"type":"if","locations":[{"start":{"line":369,"column":0},"end":{"line":379,"column":1}}]},"25":{"loc":{"start":{"line":371,"column":14},"end":{"line":371,"column":76}},"type":"binary-expr","locations":[{"start":{"line":371,"column":14},"end":{"line":371,"column":37}},{"start":{"line":371,"column":41},"end":{"line":371,"column":76}}]},"26":{"loc":{"start":{"line":372,"column":16},"end":{"line":372,"column":72}},"type":"binary-expr","locations":[{"start":{"line":372,"column":16},"end":{"line":372,"column":40}},{"start":{"line":372,"column":44},"end":{"line":372,"column":72}}]},"27":{"loc":{"start":{"line":373,"column":15},"end":{"line":373,"column":64}},"type":"binary-expr","locations":[{"start":{"line":373,"column":15},"end":{"line":373,"column":43}},{"start":{"line":373,"column":47},"end":{"line":373,"column":64}}]},"28":{"loc":{"start":{"line":374,"column":21},"end":{"line":374,"column":73}},"type":"binary-expr","locations":[{"start":{"line":374,"column":21},"end":{"line":374,"column":67}},{"start":{"line":374,"column":71},"end":{"line":374,"column":73}}]},"29":{"loc":{"start":{"line":374,"column":21},"end":{"line":374,"column":67}},"type":"cond-expr","locations":[{"start":{"line":374,"column":55},"end":{"line":374,"column":57}},{"start":{"line":374,"column":55},"end":{"line":374,"column":67}}]},"30":{"loc":{"start":{"line":374,"column":21},"end":{"line":374,"column":57}},"type":"binary-expr","locations":[{"start":{"line":374,"column":21},"end":{"line":374,"column":57}},{"start":{"line":374,"column":55},"end":{"line":374,"column":57}}]}},"s":{"0":0,"1":0,"2":0,"3":0,"4":0,"5":0,"6":0,"7":0,"8":0,"9":0,"10":0,"11":0,"12":0,"13":0,"14":0,"15":0,"16":0,"17":0,"18":0,"19":0,"20":0,"21":0,"22":0,"23":0,"24":0,"25":0,"26":0,"27":0,"28":0,"29":0,"30":0,"31":0,"32":0,"33":0,"34":0,"35":0,"36":0,"37":0,"38":0,"39":0,"40":0,"41":0,"42":0,"43":0,"44":0,"45":0,"46":0,"47":0,"48":0,"49":0,"50":0,"51":0,"52":0,"53":0,"54":0,"55":0,"56":0,"57":0,"58":0,"59":0,"60":0,"61":0,"62":0,"63":0,"64":0,"65":0,"66":0,"67":0,"68":0,"69":0,"70":0,"71":0,"72":0,"73":0,"74":0,"75":0,"76":0,"77":0,"78":0,"79":0,"80":0,"81":0,"82":0,"83":0,"84":0,"85":0,"86":0,"87":0,"88":0,"89":0,"90":0,"91":0},"f":{"0":0,"1":0,"2":0,"3":0,"4":0,"5":0,"6":0,"7":0,"8":0,"9":0,"10":0,"11":0,"12":0,"13":0,"14":0,"15":0,"16":0,"17":0,"18":0},"b":{"0":[0],"1":[0],"2":[0,0],"3":[0,0],"4":[0,0],"5":[0,0],"6":[0],"7":[0],"8":[0],"9":[0],"10":[0,0],"11":[0,0],"12":[0,0],"13":[0,0],"14":[0,0],"15":[0,0],"16":[0,0],"17":[0,0],"18":[0,0],"19":[0,0],"20":[0,0],"21":[0,0],"22":[0,0],"23":[0],"24":[0],"25":[0,0],"26":[0,0],"27":[0,0],"28":[0,0],"29":[0,0],"30":[0,0]}}
,"/Users/abhilashchadhar/uncloud/savitri/backend/src/security/index.ts": {"path":"/Users/abhilashchadhar/uncloud/savitri/backend/src/security/index.ts","statementMap":{"0":{"start":{"line":1,"column":0},"end":{"line":1,"column":9}},"1":{"start":{"line":1,"column":9},"end":{"line":1,"column":33}},"2":{"start":{"line":1,"column":33},"end":{"line":1,"column":81}}},"fnMap":{"0":{"name":"(anonymous_0)","decl":{"start":{"line":1,"column":9},"end":{"line":1,"column":31}},"loc":{"start":{"line":1,"column":9},"end":{"line":1,"column":33}}},"1":{"name":"(anonymous_1)","decl":{"start":{"line":1,"column":33},"end":{"line":1,"column":44}},"loc":{"start":{"line":1,"column":33},"end":{"line":1,"column":81}}}},"branchMap":{},"s":{"0":0,"1":0,"2":0},"f":{"0":0,"1":0},"b":{}}
}
