{"/Users/abhilashchadhar/uncloud/savitri/backend/clinical/crisis-detector.ts": {"path":"/Users/abhilashchadhar/uncloud/savitri/backend/clinical/crisis-detector.ts","statementMap":{"0":{"start":{"line":4,"column":10},"end":{"line":7,"column":4}},"1":{"start":{"line":10,"column":22},"end":{"line":10,"column":23}},"2":{"start":{"line":11,"column":26},"end":{"line":11,"column":44}},"3":{"start":{"line":14,"column":4},"end":{"line":18,"column":5}},"4":{"start":{"line":15,"column":6},"end":{"line":17,"column":7}},"5":{"start":{"line":16,"column":8},"end":{"line":16,"column":25}},"6":{"start":{"line":21,"column":4},"end":{"line":23,"column":5}},"7":{"start":{"line":22,"column":6},"end":{"line":22,"column":23}},"8":{"start":{"line":24,"column":4},"end":{"line":26,"column":5}},"9":{"start":{"line":25,"column":6},"end":{"line":25,"column":23}},"10":{"start":{"line":29,"column":4},"end":{"line":29,"column":37}},"11":{"start":{"line":3,"column":0},"end":{"line":3,"column":13}}},"fnMap":{"0":{"name":"(anonymous_0)","decl":{"start":{"line":3,"column":0},"end":{"line":3,"column":13}},"loc":{"start":{"line":3,"column":0},"end":{"line":31,"column":1}}},"1":{"name":"(anonymous_1)","decl":{"start":{"line":9,"column":2},"end":{"line":9,"column":14}},"loc":{"start":{"line":9,"column":59},"end":{"line":30,"column":3}}}},"branchMap":{"0":{"loc":{"start":{"line":15,"column":6},"end":{"line":17,"column":7}},"type":"if","locations":[{"start":{"line":15,"column":6},"end":{"line":17,"column":7}}]},"1":{"loc":{"start":{"line":21,"column":4},"end":{"line":23,"column":5}},"type":"if","locations":[{"start":{"line":21,"column":4},"end":{"line":23,"column":5}}]},"2":{"loc":{"start":{"line":21,"column":8},"end":{"line":21,"column":86}},"type":"binary-expr","locations":[{"start":{"line":21,"column":8},"end":{"line":21,"column":52}},{"start":{"line":21,"column":56},"end":{"line":21,"column":86}}]},"3":{"loc":{"start":{"line":24,"column":4},"end":{"line":26,"column":5}},"type":"if","locations":[{"start":{"line":24,"column":4},"end":{"line":26,"column":5}}]},"4":{"loc":{"start":{"line":24,"column":8},"end":{"line":24,"column":83}},"type":"binary-expr","locations":[{"start":{"line":24,"column":8},"end":{"line":24,"column":49}},{"start":{"line":24,"column":53},"end":{"line":24,"column":83}}]}},"s":{"0":68,"1":210,"2":210,"3":210,"4":2100,"5":104,"6":210,"7":55,"8":210,"9":7,"10":210,"11":3},"f":{"0":68,"1":210},"b":{"0":[104],"1":[55],"2":[210,71],"3":[7],"4":[210,11]}}
,"/Users/abhilashchadhar/uncloud/savitri/backend/clinical/enhanced-emotion-analyzer.ts": {"path":"/Users/abhilashchadhar/uncloud/savitri/backend/clinical/enhanced-emotion-analyzer.ts","statementMap":{"0":{"start":{"line":7,"column":4},"end":{"line":14,"column":6}},"1":{"start":{"line":20,"column":4},"end":{"line":29,"column":6}},"2":{"start":{"line":3,"column":0},"end":{"line":3,"column":13}}},"fnMap":{"0":{"name":"(anonymous_0)","decl":{"start":{"line":4,"column":2},"end":{"line":4,"column":7}},"loc":{"start":{"line":4,"column":49},"end":{"line":15,"column":3}}},"1":{"name":"(anonymous_1)","decl":{"start":{"line":17,"column":2},"end":{"line":17,"column":7}},"loc":{"start":{"line":17,"column":47},"end":{"line":30,"column":3}}}},"branchMap":{},"s":{"0":1,"1":0,"2":1},"f":{"0":1,"1":0},"b":{}}
,"/Users/abhilashchadhar/uncloud/savitri/backend/clinical/hybrid-therapeutic-engine-fixed.ts": {"path":"/Users/abhilashchadhar/uncloud/savitri/backend/clinical/hybrid-therapeutic-engine-fixed.ts","statementMap":{"0":{"start":{"line":2,"column":0},"end":{"line":2,"column":51}},"1":{"start":{"line":3,"column":0},"end":{"line":3,"column":65}},"2":{"start":{"line":4,"column":0},"end":{"line":4,"column":78}},"3":{"start":{"line":5,"column":0},"end":{"line":5,"column":65}},"4":{"start":{"line":30,"column":19},"end":{"line":30,"column":40}},"5":{"start":{"line":31,"column":19},"end":{"line":31,"column":39}},"6":{"start":{"line":32,"column":19},"end":{"line":32,"column":42}},"7":{"start":{"line":35,"column":4},"end":{"line":35,"column":47}},"8":{"start":{"line":36,"column":4},"end":{"line":36,"column":47}},"9":{"start":{"line":37,"column":4},"end":{"line":37,"column":39}},"10":{"start":{"line":38,"column":4},"end":{"line":38,"column":41}},"11":{"start":{"line":43,"column":4},"end":{"line":45,"column":7}},"12":{"start":{"line":48,"column":4},"end":{"line":48,"column":37}},"13":{"start":{"line":57,"column":24},"end":{"line":59,"column":null}},"14":{"start":{"line":62,"column":4},"end":{"line":64,"column":5}},"15":{"start":{"line":63,"column":6},"end":{"line":63,"column":43}},"16":{"start":{"line":66,"column":4},"end":{"line":68,"column":5}},"17":{"start":{"line":67,"column":6},"end":{"line":67,"column":43}},"18":{"start":{"line":71,"column":21},"end":{"line":71,"column":67}},"19":{"start":{"line":74,"column":29},"end":{"line":74,"column":74}},"20":{"start":{"line":77,"column":30},"end":{"line":77,"column":77}},"21":{"start":{"line":80,"column":21},"end":{"line":83,"column":null}},"22":{"start":{"line":87,"column":4},"end":{"line":89,"column":5}},"23":{"start":{"line":88,"column":6},"end":{"line":88,"column":53}},"24":{"start":{"line":91,"column":4},"end":{"line":91,"column":20}},"25":{"start":{"line":97,"column":27},"end":{"line":97,"column":58}},"26":{"start":{"line":98,"column":4},"end":{"line":100,"column":5}},"27":{"start":{"line":99,"column":6},"end":{"line":99,"column":19}},"28":{"start":{"line":101,"column":4},"end":{"line":103,"column":5}},"29":{"start":{"line":102,"column":6},"end":{"line":102,"column":22}},"30":{"start":{"line":104,"column":4},"end":{"line":106,"column":5}},"31":{"start":{"line":105,"column":6},"end":{"line":105,"column":19}},"32":{"start":{"line":108,"column":26},"end":{"line":108,"column":62}},"33":{"start":{"line":111,"column":4},"end":{"line":113,"column":5}},"34":{"start":{"line":112,"column":6},"end":{"line":112,"column":19}},"35":{"start":{"line":116,"column":4},"end":{"line":118,"column":5}},"36":{"start":{"line":117,"column":6},"end":{"line":117,"column":19}},"37":{"start":{"line":121,"column":4},"end":{"line":121,"column":20}},"38":{"start":{"line":125,"column":23},"end":{"line":125,"column":46}},"39":{"start":{"line":127,"column":4},"end":{"line":133,"column":6}},"40":{"start":{"line":137,"column":27},"end":{"line":140,"column":6}},"41":{"start":{"line":141,"column":4},"end":{"line":141,"column":67}},"42":{"start":{"line":141,"column":42},"end":{"line":141,"column":65}},"43":{"start":{"line":145,"column":29},"end":{"line":148,"column":6}},"44":{"start":{"line":149,"column":4},"end":{"line":149,"column":69}},"45":{"start":{"line":149,"column":44},"end":{"line":149,"column":67}},"46":{"start":{"line":153,"column":28},"end":{"line":156,"column":6}},"47":{"start":{"line":157,"column":4},"end":{"line":157,"column":66}},"48":{"start":{"line":157,"column":42},"end":{"line":157,"column":64}},"49":{"start":{"line":161,"column":28},"end":{"line":164,"column":6}},"50":{"start":{"line":165,"column":4},"end":{"line":165,"column":66}},"51":{"start":{"line":165,"column":42},"end":{"line":165,"column":64}},"52":{"start":{"line":170,"column":22},"end":{"line":170,"column":76}},"53":{"start":{"line":170,"column":56},"end":{"line":170,"column":75}},"54":{"start":{"line":171,"column":32},"end":{"line":171,"column":74}},"55":{"start":{"line":172,"column":4},"end":{"line":172,"column":49}},"56":{"start":{"line":179,"column":39},"end":{"line":179,"column":41}},"57":{"start":{"line":181,"column":4},"end":{"line":185,"column":5}},"58":{"start":{"line":183,"column":25},"end":{"line":183,"column":60}},"59":{"start":{"line":184,"column":6},"end":{"line":184,"column":34}},"60":{"start":{"line":187,"column":4},"end":{"line":191,"column":5}},"61":{"start":{"line":189,"column":25},"end":{"line":189,"column":60}},"62":{"start":{"line":190,"column":6},"end":{"line":190,"column":34}},"63":{"start":{"line":194,"column":4},"end":{"line":194,"column":71}},"64":{"start":{"line":194,"column":34},"end":{"line":194,"column":69}},"65":{"start":{"line":200,"column":39},"end":{"line":200,"column":41}},"66":{"start":{"line":203,"column":21},"end":{"line":203,"column":60}},"67":{"start":{"line":206,"column":23},"end":{"line":209,"column":null}},"68":{"start":{"line":212,"column":4},"end":{"line":223,"column":5}},"69":{"start":{"line":213,"column":6},"end":{"line":222,"column":9}},"70":{"start":{"line":225,"column":4},"end":{"line":225,"column":19}},"71":{"start":{"line":229,"column":42},"end":{"line":229,"column":49}},"72":{"start":{"line":230,"column":23},"end":{"line":230,"column":46}},"73":{"start":{"line":233,"column":4},"end":{"line":235,"column":5}},"74":{"start":{"line":234,"column":6},"end":{"line":234,"column":19}},"75":{"start":{"line":238,"column":4},"end":{"line":240,"column":5}},"76":{"start":{"line":239,"column":6},"end":{"line":239,"column":19}},"77":{"start":{"line":243,"column":4},"end":{"line":247,"column":5}},"78":{"start":{"line":246,"column":6},"end":{"line":246,"column":19}},"79":{"start":{"line":249,"column":4},"end":{"line":251,"column":5}},"80":{"start":{"line":250,"column":8},"end":{"line":250,"column":29}},"81":{"start":{"line":254,"column":4},"end":{"line":254,"column":25}},"82":{"start":{"line":258,"column":31},"end":{"line":262,"column":6}},"83":{"start":{"line":263,"column":4},"end":{"line":265,"column":6}},"84":{"start":{"line":264,"column":6},"end":{"line":264,"column":43}},"85":{"start":{"line":269,"column":31},"end":{"line":272,"column":6}},"86":{"start":{"line":273,"column":4},"end":{"line":275,"column":6}},"87":{"start":{"line":274,"column":6},"end":{"line":274,"column":43}},"88":{"start":{"line":281,"column":23},"end":{"line":281,"column":75}},"89":{"start":{"line":283,"column":20},"end":{"line":289,"column":6}},"90":{"start":{"line":291,"column":4},"end":{"line":296,"column":8}},"91":{"start":{"line":291,"column":29},"end":{"line":296,"column":6}},"92":{"start":{"line":302,"column":4},"end":{"line":304,"column":5}},"93":{"start":{"line":303,"column":6},"end":{"line":303,"column":34}},"94":{"start":{"line":306,"column":4},"end":{"line":310,"column":7}},"95":{"start":{"line":319,"column":28},"end":{"line":319,"column":68}},"96":{"start":{"line":322,"column":21},"end":{"line":325,"column":null}},"97":{"start":{"line":329,"column":21},"end":{"line":333,"column":null}},"98":{"start":{"line":336,"column":4},"end":{"line":336,"column":20}},"99":{"start":{"line":342,"column":40},"end":{"line":342,"column":42}},"100":{"start":{"line":343,"column":24},"end":{"line":343,"column":41}},"101":{"start":{"line":346,"column":4},"end":{"line":360,"column":5}},"102":{"start":{"line":347,"column":6},"end":{"line":347,"column":38}},"103":{"start":{"line":347,"column":32},"end":{"line":347,"column":38}},"104":{"start":{"line":350,"column":6},"end":{"line":359,"column":7}},"105":{"start":{"line":351,"column":8},"end":{"line":351,"column":30}},"106":{"start":{"line":352,"column":8},"end":{"line":352,"column":39}},"107":{"start":{"line":355,"column":11},"end":{"line":359,"column":7}},"108":{"start":{"line":357,"column":8},"end":{"line":357,"column":30}},"109":{"start":{"line":358,"column":8},"end":{"line":358,"column":39}},"110":{"start":{"line":362,"column":4},"end":{"line":362,"column":20}},"111":{"start":{"line":371,"column":22},"end":{"line":373,"column":28}},"112":{"start":{"line":372,"column":19},"end":{"line":372,"column":29}},"113":{"start":{"line":373,"column":16},"end":{"line":373,"column":27}},"114":{"start":{"line":375,"column":28},"end":{"line":375,"column":57}},"115":{"start":{"line":378,"column":27},"end":{"line":378,"column":42}},"116":{"start":{"line":379,"column":4},"end":{"line":386,"column":5}},"117":{"start":{"line":380,"column":33},"end":{"line":381,"column":50}},"118":{"start":{"line":381,"column":28},"end":{"line":381,"column":49}},"119":{"start":{"line":383,"column":6},"end":{"line":385,"column":7}},"120":{"start":{"line":384,"column":8},"end":{"line":384,"column":54}},"121":{"start":{"line":388,"column":4},"end":{"line":392,"column":6}},"122":{"start":{"line":396,"column":4},"end":{"line":399,"column":19}},"123":{"start":{"line":397,"column":19},"end":{"line":397,"column":41}},"124":{"start":{"line":398,"column":16},"end":{"line":398,"column":37}},"125":{"start":{"line":409,"column":19},"end":{"line":413,"column":null}},"126":{"start":{"line":418,"column":26},"end":{"line":418,"column":57}},"127":{"start":{"line":421,"column":32},"end":{"line":424,"column":null}},"128":{"start":{"line":428,"column":22},"end":{"line":428,"column":63}},"129":{"start":{"line":429,"column":26},"end":{"line":429,"column":61}},"130":{"start":{"line":432,"column":25},"end":{"line":432,"column":38}},"131":{"start":{"line":433,"column":4},"end":{"line":438,"column":5}},"132":{"start":{"line":437,"column":6},"end":{"line":437,"column":49}},"133":{"start":{"line":440,"column":4},"end":{"line":448,"column":6}},"134":{"start":{"line":457,"column":17},"end":{"line":457,"column":112}},"135":{"start":{"line":458,"column":4},"end":{"line":458,"column":53}},"136":{"start":{"line":459,"column":4},"end":{"line":459,"column":128}},"137":{"start":{"line":461,"column":4},"end":{"line":463,"column":5}},"138":{"start":{"line":462,"column":6},"end":{"line":462,"column":92}},"139":{"start":{"line":465,"column":4},"end":{"line":465,"column":49}},"140":{"start":{"line":466,"column":4},"end":{"line":468,"column":7}},"141":{"start":{"line":467,"column":6},"end":{"line":467,"column":70}},"142":{"start":{"line":470,"column":4},"end":{"line":470,"column":167}},"143":{"start":{"line":472,"column":4},"end":{"line":472,"column":18}},"144":{"start":{"line":476,"column":4},"end":{"line":478,"column":5}},"145":{"start":{"line":477,"column":6},"end":{"line":477,"column":44}},"146":{"start":{"line":479,"column":4},"end":{"line":481,"column":5}},"147":{"start":{"line":480,"column":6},"end":{"line":480,"column":38}},"148":{"start":{"line":483,"column":4},"end":{"line":483,"column":103}},"149":{"start":{"line":492,"column":4},"end":{"line":499,"column":5}},"150":{"start":{"line":495,"column":6},"end":{"line":498,"column":null}},"151":{"start":{"line":501,"column":4},"end":{"line":506,"column":5}},"152":{"start":{"line":502,"column":6},"end":{"line":505,"column":null}},"153":{"start":{"line":509,"column":4},"end":{"line":512,"column":6}},"154":{"start":{"line":519,"column":4},"end":{"line":521,"column":5}},"155":{"start":{"line":520,"column":6},"end":{"line":520,"column":13}},"156":{"start":{"line":522,"column":4},"end":{"line":535,"column":7}},"157":{"start":{"line":539,"column":4},"end":{"line":551,"column":6}},"158":{"start":{"line":23,"column":0},"end":{"line":23,"column":13}}},"fnMap":{"0":{"name":"(anonymous_0)","decl":{"start":{"line":34,"column":2},"end":{"line":34,"column":null}},"loc":{"start":{"line":34,"column":2},"end":{"line":39,"column":3}}},"1":{"name":"(anonymous_1)","decl":{"start":{"line":41,"column":2},"end":{"line":41,"column":7}},"loc":{"start":{"line":41,"column":18},"end":{"line":51,"column":3}}},"2":{"name":"(anonymous_2)","decl":{"start":{"line":53,"column":2},"end":{"line":53,"column":7}},"loc":{"start":{"line":54,"column":25},"end":{"line":92,"column":3}}},"3":{"name":"(anonymous_3)","decl":{"start":{"line":94,"column":10},"end":{"line":94,"column":15}},"loc":{"start":{"line":95,"column":25},"end":{"line":122,"column":3}}},"4":{"name":"(anonymous_4)","decl":{"start":{"line":124,"column":10},"end":{"line":124,"column":22}},"loc":{"start":{"line":124,"column":40},"end":{"line":134,"column":3}}},"5":{"name":"(anonymous_5)","decl":{"start":{"line":136,"column":10},"end":{"line":136,"column":32}},"loc":{"start":{"line":136,"column":46},"end":{"line":142,"column":3}}},"6":{"name":"(anonymous_6)","decl":{"start":{"line":141,"column":31},"end":{"line":141,"column":38}},"loc":{"start":{"line":141,"column":42},"end":{"line":141,"column":65}}},"7":{"name":"(anonymous_7)","decl":{"start":{"line":144,"column":10},"end":{"line":144,"column":34}},"loc":{"start":{"line":144,"column":48},"end":{"line":150,"column":3}}},"8":{"name":"(anonymous_8)","decl":{"start":{"line":149,"column":33},"end":{"line":149,"column":40}},"loc":{"start":{"line":149,"column":44},"end":{"line":149,"column":67}}},"9":{"name":"(anonymous_9)","decl":{"start":{"line":152,"column":10},"end":{"line":152,"column":37}},"loc":{"start":{"line":152,"column":51},"end":{"line":158,"column":3}}},"10":{"name":"(anonymous_10)","decl":{"start":{"line":157,"column":32},"end":{"line":157,"column":38}},"loc":{"start":{"line":157,"column":42},"end":{"line":157,"column":64}}},"11":{"name":"(anonymous_11)","decl":{"start":{"line":160,"column":10},"end":{"line":160,"column":33}},"loc":{"start":{"line":160,"column":47},"end":{"line":166,"column":3}}},"12":{"name":"(anonymous_12)","decl":{"start":{"line":165,"column":32},"end":{"line":165,"column":38}},"loc":{"start":{"line":165,"column":42},"end":{"line":165,"column":64}}},"13":{"name":"(anonymous_13)","decl":{"start":{"line":168,"column":10},"end":{"line":168,"column":29}},"loc":{"start":{"line":168,"column":43},"end":{"line":173,"column":3}}},"14":{"name":"(anonymous_14)","decl":{"start":{"line":170,"column":51},"end":{"line":170,"column":52}},"loc":{"start":{"line":170,"column":56},"end":{"line":170,"column":75}}},"15":{"name":"(anonymous_15)","decl":{"start":{"line":175,"column":10},"end":{"line":175,"column":15}},"loc":{"start":{"line":177,"column":38},"end":{"line":195,"column":3}}},"16":{"name":"(anonymous_16)","decl":{"start":{"line":194,"column":24},"end":{"line":194,"column":25}},"loc":{"start":{"line":194,"column":34},"end":{"line":194,"column":69}}},"17":{"name":"(anonymous_17)","decl":{"start":{"line":197,"column":10},"end":{"line":197,"column":15}},"loc":{"start":{"line":198,"column":25},"end":{"line":226,"column":3}}},"18":{"name":"(anonymous_18)","decl":{"start":{"line":228,"column":10},"end":{"line":228,"column":35}},"loc":{"start":{"line":228,"column":57},"end":{"line":255,"column":3}}},"19":{"name":"(anonymous_19)","decl":{"start":{"line":257,"column":10},"end":{"line":257,"column":36}},"loc":{"start":{"line":257,"column":50},"end":{"line":266,"column":3}}},"20":{"name":"(anonymous_20)","decl":{"start":{"line":263,"column":35},"end":{"line":263,"column":42}},"loc":{"start":{"line":264,"column":6},"end":{"line":264,"column":43}}},"21":{"name":"(anonymous_21)","decl":{"start":{"line":268,"column":10},"end":{"line":268,"column":33}},"loc":{"start":{"line":268,"column":47},"end":{"line":276,"column":3}}},"22":{"name":"(anonymous_22)","decl":{"start":{"line":273,"column":35},"end":{"line":273,"column":42}},"loc":{"start":{"line":274,"column":6},"end":{"line":274,"column":43}}},"23":{"name":"(anonymous_23)","decl":{"start":{"line":278,"column":10},"end":{"line":278,"column":15}},"loc":{"start":{"line":279,"column":25},"end":{"line":297,"column":3}}},"24":{"name":"(anonymous_24)","decl":{"start":{"line":291,"column":23},"end":{"line":291,"column":24}},"loc":{"start":{"line":291,"column":29},"end":{"line":296,"column":6}}},"25":{"name":"(anonymous_25)","decl":{"start":{"line":299,"column":10},"end":{"line":299,"column":15}},"loc":{"start":{"line":300,"column":19},"end":{"line":311,"column":3}}},"26":{"name":"(anonymous_26)","decl":{"start":{"line":313,"column":10},"end":{"line":313,"column":15}},"loc":{"start":{"line":316,"column":26},"end":{"line":337,"column":3}}},"27":{"name":"(anonymous_27)","decl":{"start":{"line":339,"column":10},"end":{"line":339,"column":27}},"loc":{"start":{"line":340,"column":30},"end":{"line":363,"column":3}}},"28":{"name":"(anonymous_28)","decl":{"start":{"line":365,"column":10},"end":{"line":365,"column":38}},"loc":{"start":{"line":368,"column":26},"end":{"line":393,"column":3}}},"29":{"name":"(anonymous_29)","decl":{"start":{"line":372,"column":14},"end":{"line":372,"column":15}},"loc":{"start":{"line":372,"column":19},"end":{"line":372,"column":29}}},"30":{"name":"(anonymous_30)","decl":{"start":{"line":373,"column":11},"end":{"line":373,"column":12}},"loc":{"start":{"line":373,"column":16},"end":{"line":373,"column":27}}},"31":{"name":"(anonymous_31)","decl":{"start":{"line":381,"column":16},"end":{"line":381,"column":17}},"loc":{"start":{"line":381,"column":28},"end":{"line":381,"column":49}}},"32":{"name":"(anonymous_32)","decl":{"start":{"line":395,"column":10},"end":{"line":395,"column":26}},"loc":{"start":{"line":395,"column":53},"end":{"line":400,"column":3}}},"33":{"name":"(anonymous_33)","decl":{"start":{"line":397,"column":14},"end":{"line":397,"column":15}},"loc":{"start":{"line":397,"column":18},"end":{"line":397,"column":41}}},"34":{"name":"(anonymous_34)","decl":{"start":{"line":398,"column":11},"end":{"line":398,"column":12}},"loc":{"start":{"line":398,"column":16},"end":{"line":398,"column":37}}},"35":{"name":"(anonymous_35)","decl":{"start":{"line":402,"column":10},"end":{"line":402,"column":15}},"loc":{"start":{"line":406,"column":26},"end":{"line":449,"column":3}}},"36":{"name":"(anonymous_36)","decl":{"start":{"line":451,"column":10},"end":{"line":451,"column":36}},"loc":{"start":{"line":455,"column":16},"end":{"line":473,"column":3}}},"37":{"name":"(anonymous_37)","decl":{"start":{"line":466,"column":20},"end":{"line":466,"column":21}},"loc":{"start":{"line":466,"column":24},"end":{"line":468,"column":5}}},"38":{"name":"(anonymous_38)","decl":{"start":{"line":475,"column":10},"end":{"line":475,"column":15}},"loc":{"start":{"line":475,"column":43},"end":{"line":484,"column":3}}},"39":{"name":"(anonymous_39)","decl":{"start":{"line":486,"column":10},"end":{"line":486,"column":36}},"loc":{"start":{"line":489,"column":26},"end":{"line":513,"column":3}}},"40":{"name":"(anonymous_40)","decl":{"start":{"line":515,"column":10},"end":{"line":515,"column":15}},"loc":{"start":{"line":517,"column":33},"end":{"line":536,"column":3}}},"41":{"name":"(anonymous_41)","decl":{"start":{"line":538,"column":10},"end":{"line":538,"column":32}},"loc":{"start":{"line":538,"column":32},"end":{"line":552,"column":3}}}},"branchMap":{"0":{"loc":{"start":{"line":62,"column":4},"end":{"line":64,"column":5}},"type":"if","locations":[{"start":{"line":62,"column":4},"end":{"line":64,"column":5}}]},"1":{"loc":{"start":{"line":66,"column":4},"end":{"line":68,"column":5}},"type":"if","locations":[{"start":{"line":66,"column":4},"end":{"line":68,"column":5}}]},"2":{"loc":{"start":{"line":87,"column":4},"end":{"line":89,"column":5}},"type":"if","locations":[{"start":{"line":87,"column":4},"end":{"line":89,"column":5}}]},"3":{"loc":{"start":{"line":98,"column":4},"end":{"line":100,"column":5}},"type":"if","locations":[{"start":{"line":98,"column":4},"end":{"line":100,"column":5}}]},"4":{"loc":{"start":{"line":101,"column":4},"end":{"line":103,"column":5}},"type":"if","locations":[{"start":{"line":101,"column":4},"end":{"line":103,"column":5}}]},"5":{"loc":{"start":{"line":101,"column":8},"end":{"line":101,"column":78}},"type":"binary-expr","locations":[{"start":{"line":101,"column":8},"end":{"line":101,"column":38}},{"start":{"line":101,"column":42},"end":{"line":101,"column":78}}]},"6":{"loc":{"start":{"line":104,"column":4},"end":{"line":106,"column":5}},"type":"if","locations":[{"start":{"line":104,"column":4},"end":{"line":106,"column":5}}]},"7":{"loc":{"start":{"line":111,"column":4},"end":{"line":113,"column":5}},"type":"if","locations":[{"start":{"line":111,"column":4},"end":{"line":113,"column":5}}]},"8":{"loc":{"start":{"line":111,"column":8},"end":{"line":111,"column":73}},"type":"binary-expr","locations":[{"start":{"line":111,"column":8},"end":{"line":111,"column":37}},{"start":{"line":111,"column":41},"end":{"line":111,"column":73}}]},"9":{"loc":{"start":{"line":116,"column":4},"end":{"line":118,"column":5}},"type":"if","locations":[{"start":{"line":116,"column":4},"end":{"line":118,"column":5}}]},"10":{"loc":{"start":{"line":116,"column":8},"end":{"line":116,"column":74}},"type":"binary-expr","locations":[{"start":{"line":116,"column":8},"end":{"line":116,"column":42}},{"start":{"line":116,"column":46},"end":{"line":116,"column":74}}]},"11":{"loc":{"start":{"line":181,"column":4},"end":{"line":185,"column":5}},"type":"if","locations":[{"start":{"line":181,"column":4},"end":{"line":185,"column":5}}]},"12":{"loc":{"start":{"line":181,"column":8},"end":{"line":181,"column":51}},"type":"binary-expr","locations":[{"start":{"line":181,"column":8},"end":{"line":181,"column":26}},{"start":{"line":181,"column":30},"end":{"line":181,"column":51}}]},"13":{"loc":{"start":{"line":187,"column":4},"end":{"line":191,"column":5}},"type":"if","locations":[{"start":{"line":187,"column":4},"end":{"line":191,"column":5}}]},"14":{"loc":{"start":{"line":187,"column":8},"end":{"line":187,"column":51}},"type":"binary-expr","locations":[{"start":{"line":187,"column":8},"end":{"line":187,"column":26}},{"start":{"line":187,"column":30},"end":{"line":187,"column":51}}]},"15":{"loc":{"start":{"line":233,"column":4},"end":{"line":235,"column":5}},"type":"if","locations":[{"start":{"line":233,"column":4},"end":{"line":235,"column":5}}]},"16":{"loc":{"start":{"line":233,"column":8},"end":{"line":233,"column":92}},"type":"binary-expr","locations":[{"start":{"line":233,"column":8},"end":{"line":233,"column":45}},{"start":{"line":233,"column":49},"end":{"line":233,"column":92}}]},"17":{"loc":{"start":{"line":238,"column":4},"end":{"line":240,"column":5}},"type":"if","locations":[{"start":{"line":238,"column":4},"end":{"line":240,"column":5}}]},"18":{"loc":{"start":{"line":243,"column":4},"end":{"line":247,"column":5}},"type":"if","locations":[{"start":{"line":243,"column":4},"end":{"line":247,"column":5}}]},"19":{"loc":{"start":{"line":243,"column":8},"end":{"line":245,"column":49}},"type":"binary-expr","locations":[{"start":{"line":243,"column":8},"end":{"line":243,"column":38}},{"start":{"line":244,"column":8},"end":{"line":244,"column":52}},{"start":{"line":245,"column":8},"end":{"line":245,"column":49}}]},"20":{"loc":{"start":{"line":249,"column":4},"end":{"line":251,"column":5}},"type":"if","locations":[{"start":{"line":249,"column":4},"end":{"line":251,"column":5}}]},"21":{"loc":{"start":{"line":302,"column":4},"end":{"line":304,"column":5}},"type":"if","locations":[{"start":{"line":302,"column":4},"end":{"line":304,"column":5}}]},"22":{"loc":{"start":{"line":347,"column":6},"end":{"line":347,"column":38}},"type":"if","locations":[{"start":{"line":347,"column":6},"end":{"line":347,"column":38}}]},"23":{"loc":{"start":{"line":350,"column":6},"end":{"line":359,"column":7}},"type":"if","locations":[{"start":{"line":350,"column":6},"end":{"line":359,"column":7}},{"start":{"line":355,"column":11},"end":{"line":359,"column":7}}]},"24":{"loc":{"start":{"line":350,"column":10},"end":{"line":350,"column":80}},"type":"binary-expr","locations":[{"start":{"line":350,"column":10},"end":{"line":350,"column":33}},{"start":{"line":350,"column":37},"end":{"line":350,"column":80}}]},"25":{"loc":{"start":{"line":355,"column":11},"end":{"line":359,"column":7}},"type":"if","locations":[{"start":{"line":355,"column":11},"end":{"line":359,"column":7}}]},"26":{"loc":{"start":{"line":355,"column":15},"end":{"line":356,"column":46}},"type":"binary-expr","locations":[{"start":{"line":355,"column":15},"end":{"line":355,"column":58}},{"start":{"line":356,"column":15},"end":{"line":356,"column":46}}]},"27":{"loc":{"start":{"line":375,"column":28},"end":{"line":375,"column":57}},"type":"binary-expr","locations":[{"start":{"line":375,"column":28},"end":{"line":375,"column":40}},{"start":{"line":375,"column":44},"end":{"line":375,"column":57}}]},"28":{"loc":{"start":{"line":379,"column":4},"end":{"line":386,"column":5}},"type":"if","locations":[{"start":{"line":379,"column":4},"end":{"line":386,"column":5}}]},"29":{"loc":{"start":{"line":379,"column":8},"end":{"line":379,"column":44}},"type":"cond-expr","locations":[{"start":{"line":379,"column":25},"end":{"line":379,"column":27}},{"start":{"line":379,"column":8},"end":{"line":379,"column":44}}]},"30":{"loc":{"start":{"line":379,"column":8},"end":{"line":379,"column":27}},"type":"binary-expr","locations":[{"start":{"line":379,"column":8},"end":{"line":379,"column":27}},{"start":{"line":379,"column":8},"end":{"line":379,"column":27}}]},"31":{"loc":{"start":{"line":383,"column":6},"end":{"line":385,"column":7}},"type":"if","locations":[{"start":{"line":383,"column":6},"end":{"line":385,"column":7}}]},"32":{"loc":{"start":{"line":391,"column":28},"end":{"line":391,"column":65}},"type":"cond-expr","locations":[{"start":{"line":391,"column":48},"end":{"line":391,"column":54}},{"start":{"line":391,"column":57},"end":{"line":391,"column":65}}]},"33":{"loc":{"start":{"line":397,"column":19},"end":{"line":397,"column":40}},"type":"cond-expr","locations":[{"start":{"line":397,"column":29},"end":{"line":397,"column":31}},{"start":{"line":397,"column":29},"end":{"line":397,"column":40}}]},"34":{"loc":{"start":{"line":397,"column":19},"end":{"line":397,"column":31}},"type":"binary-expr","locations":[{"start":{"line":397,"column":19},"end":{"line":397,"column":31}},{"start":{"line":397,"column":29},"end":{"line":397,"column":31}}]},"35":{"loc":{"start":{"line":423,"column":6},"end":{"line":423,"column":47}},"type":"binary-expr","locations":[{"start":{"line":423,"column":6},"end":{"line":423,"column":34}},{"start":{"line":423,"column":38},"end":{"line":423,"column":47}}]},"36":{"loc":{"start":{"line":423,"column":6},"end":{"line":423,"column":34}},"type":"cond-expr","locations":[{"start":{"line":423,"column":24},"end":{"line":423,"column":26}},{"start":{"line":423,"column":24},"end":{"line":423,"column":34}}]},"37":{"loc":{"start":{"line":423,"column":6},"end":{"line":423,"column":26}},"type":"binary-expr","locations":[{"start":{"line":423,"column":6},"end":{"line":423,"column":26}},{"start":{"line":423,"column":24},"end":{"line":423,"column":26}}]},"38":{"loc":{"start":{"line":429,"column":26},"end":{"line":429,"column":61}},"type":"binary-expr","locations":[{"start":{"line":429,"column":26},"end":{"line":429,"column":35}},{"start":{"line":429,"column":39},"end":{"line":429,"column":61}}]},"39":{"loc":{"start":{"line":433,"column":4},"end":{"line":438,"column":5}},"type":"if","locations":[{"start":{"line":433,"column":4},"end":{"line":438,"column":5}}]},"40":{"loc":{"start":{"line":433,"column":8},"end":{"line":436,"column":58}},"type":"binary-expr","locations":[{"start":{"line":433,"column":8},"end":{"line":433,"column":46}},{"start":{"line":434,"column":8},"end":{"line":434,"column":58}},{"start":{"line":435,"column":8},"end":{"line":435,"column":59}},{"start":{"line":436,"column":8},"end":{"line":436,"column":58}}]},"41":{"loc":{"start":{"line":433,"column":8},"end":{"line":433,"column":36}},"type":"cond-expr","locations":[{"start":{"line":433,"column":26},"end":{"line":433,"column":28}},{"start":{"line":433,"column":26},"end":{"line":433,"column":36}}]},"42":{"loc":{"start":{"line":433,"column":8},"end":{"line":433,"column":28}},"type":"binary-expr","locations":[{"start":{"line":433,"column":8},"end":{"line":433,"column":28}},{"start":{"line":433,"column":26},"end":{"line":433,"column":28}}]},"43":{"loc":{"start":{"line":442,"column":16},"end":{"line":442,"column":61}},"type":"binary-expr","locations":[{"start":{"line":442,"column":16},"end":{"line":442,"column":44}},{"start":{"line":442,"column":48},"end":{"line":442,"column":61}}]},"44":{"loc":{"start":{"line":442,"column":16},"end":{"line":442,"column":44}},"type":"cond-expr","locations":[{"start":{"line":442,"column":34},"end":{"line":442,"column":36}},{"start":{"line":442,"column":34},"end":{"line":442,"column":44}}]},"45":{"loc":{"start":{"line":442,"column":16},"end":{"line":442,"column":36}},"type":"binary-expr","locations":[{"start":{"line":442,"column":16},"end":{"line":442,"column":36}},{"start":{"line":442,"column":34},"end":{"line":442,"column":36}}]},"46":{"loc":{"start":{"line":461,"column":4},"end":{"line":463,"column":5}},"type":"if","locations":[{"start":{"line":461,"column":4},"end":{"line":463,"column":5}}]},"47":{"loc":{"start":{"line":461,"column":8},"end":{"line":461,"column":74}},"type":"binary-expr","locations":[{"start":{"line":461,"column":8},"end":{"line":461,"column":15}},{"start":{"line":461,"column":19},"end":{"line":461,"column":39}},{"start":{"line":461,"column":43},"end":{"line":461,"column":74}}]},"48":{"loc":{"start":{"line":476,"column":4},"end":{"line":478,"column":5}},"type":"if","locations":[{"start":{"line":476,"column":4},"end":{"line":478,"column":5}}]},"49":{"loc":{"start":{"line":479,"column":4},"end":{"line":481,"column":5}},"type":"if","locations":[{"start":{"line":479,"column":4},"end":{"line":481,"column":5}}]},"50":{"loc":{"start":{"line":492,"column":4},"end":{"line":499,"column":5}},"type":"if","locations":[{"start":{"line":492,"column":4},"end":{"line":499,"column":5}}]},"51":{"loc":{"start":{"line":492,"column":8},"end":{"line":494,"column":60}},"type":"binary-expr","locations":[{"start":{"line":492,"column":8},"end":{"line":492,"column":15}},{"start":{"line":493,"column":8},"end":{"line":493,"column":57}},{"start":{"line":494,"column":8},"end":{"line":494,"column":60}}]},"52":{"loc":{"start":{"line":501,"column":4},"end":{"line":506,"column":5}},"type":"if","locations":[{"start":{"line":501,"column":4},"end":{"line":506,"column":5}}]},"53":{"loc":{"start":{"line":519,"column":4},"end":{"line":521,"column":5}},"type":"if","locations":[{"start":{"line":519,"column":4},"end":{"line":521,"column":5}}]}},"s":{"0":0,"1":0,"2":0,"3":0,"4":0,"5":0,"6":0,"7":0,"8":0,"9":0,"10":0,"11":0,"12":0,"13":0,"14":0,"15":0,"16":0,"17":0,"18":0,"19":0,"20":0,"21":0,"22":0,"23":0,"24":0,"25":0,"26":0,"27":0,"28":0,"29":0,"30":0,"31":0,"32":0,"33":0,"34":0,"35":0,"36":0,"37":0,"38":0,"39":0,"40":0,"41":0,"42":0,"43":0,"44":0,"45":0,"46":0,"47":0,"48":0,"49":0,"50":0,"51":0,"52":0,"53":0,"54":0,"55":0,"56":0,"57":0,"58":0,"59":0,"60":0,"61":0,"62":0,"63":0,"64":0,"65":0,"66":0,"67":0,"68":0,"69":0,"70":0,"71":0,"72":0,"73":0,"74":0,"75":0,"76":0,"77":0,"78":0,"79":0,"80":0,"81":0,"82":0,"83":0,"84":0,"85":0,"86":0,"87":0,"88":0,"89":0,"90":0,"91":0,"92":0,"93":0,"94":0,"95":0,"96":0,"97":0,"98":0,"99":0,"100":0,"101":0,"102":0,"103":0,"104":0,"105":0,"106":0,"107":0,"108":0,"109":0,"110":0,"111":0,"112":0,"113":0,"114":0,"115":0,"116":0,"117":0,"118":0,"119":0,"120":0,"121":0,"122":0,"123":0,"124":0,"125":0,"126":0,"127":0,"128":0,"129":0,"130":0,"131":0,"132":0,"133":0,"134":0,"135":0,"136":0,"137":0,"138":0,"139":0,"140":0,"141":0,"142":0,"143":0,"144":0,"145":0,"146":0,"147":0,"148":0,"149":0,"150":0,"151":0,"152":0,"153":0,"154":0,"155":0,"156":0,"157":0,"158":0},"f":{"0":0,"1":0,"2":0,"3":0,"4":0,"5":0,"6":0,"7":0,"8":0,"9":0,"10":0,"11":0,"12":0,"13":0,"14":0,"15":0,"16":0,"17":0,"18":0,"19":0,"20":0,"21":0,"22":0,"23":0,"24":0,"25":0,"26":0,"27":0,"28":0,"29":0,"30":0,"31":0,"32":0,"33":0,"34":0,"35":0,"36":0,"37":0,"38":0,"39":0,"40":0,"41":0},"b":{"0":[0],"1":[0],"2":[0],"3":[0],"4":[0],"5":[0,0],"6":[0],"7":[0],"8":[0,0],"9":[0],"10":[0,0],"11":[0],"12":[0,0],"13":[0],"14":[0,0],"15":[0],"16":[0,0],"17":[0],"18":[0],"19":[0,0,0],"20":[0],"21":[0],"22":[0],"23":[0,0],"24":[0,0],"25":[0],"26":[0,0],"27":[0,0],"28":[0],"29":[0,0],"30":[0,0],"31":[0],"32":[0,0],"33":[0,0],"34":[0,0],"35":[0,0],"36":[0,0],"37":[0,0],"38":[0,0],"39":[0],"40":[0,0,0,0],"41":[0,0],"42":[0,0],"43":[0,0],"44":[0,0],"45":[0,0],"46":[0],"47":[0,0,0],"48":[0],"49":[0],"50":[0],"51":[0,0,0],"52":[0],"53":[0]}}
,"/Users/abhilashchadhar/uncloud/savitri/backend/clinical/hybrid-therapeutic-engine-v2.ts": {"path":"/Users/abhilashchadhar/uncloud/savitri/backend/clinical/hybrid-therapeutic-engine-v2.ts","statementMap":{"0":{"start":{"line":2,"column":0},"end":{"line":2,"column":51}},"1":{"start":{"line":3,"column":0},"end":{"line":3,"column":65}},"2":{"start":{"line":4,"column":0},"end":{"line":4,"column":78}},"3":{"start":{"line":5,"column":0},"end":{"line":5,"column":65}},"4":{"start":{"line":30,"column":19},"end":{"line":30,"column":40}},"5":{"start":{"line":31,"column":19},"end":{"line":31,"column":39}},"6":{"start":{"line":32,"column":19},"end":{"line":32,"column":42}},"7":{"start":{"line":35,"column":4},"end":{"line":35,"column":47}},"8":{"start":{"line":36,"column":4},"end":{"line":36,"column":47}},"9":{"start":{"line":37,"column":4},"end":{"line":37,"column":39}},"10":{"start":{"line":38,"column":4},"end":{"line":38,"column":41}},"11":{"start":{"line":43,"column":4},"end":{"line":45,"column":7}},"12":{"start":{"line":48,"column":4},"end":{"line":48,"column":37}},"13":{"start":{"line":57,"column":24},"end":{"line":59,"column":null}},"14":{"start":{"line":62,"column":4},"end":{"line":64,"column":5}},"15":{"start":{"line":63,"column":6},"end":{"line":63,"column":43}},"16":{"start":{"line":66,"column":4},"end":{"line":68,"column":5}},"17":{"start":{"line":67,"column":6},"end":{"line":67,"column":43}},"18":{"start":{"line":71,"column":21},"end":{"line":71,"column":67}},"19":{"start":{"line":74,"column":29},"end":{"line":74,"column":68}},"20":{"start":{"line":77,"column":29},"end":{"line":77,"column":74}},"21":{"start":{"line":80,"column":30},"end":{"line":80,"column":77}},"22":{"start":{"line":83,"column":21},"end":{"line":87,"column":null}},"23":{"start":{"line":91,"column":4},"end":{"line":93,"column":5}},"24":{"start":{"line":92,"column":6},"end":{"line":92,"column":53}},"25":{"start":{"line":95,"column":4},"end":{"line":95,"column":20}},"26":{"start":{"line":101,"column":27},"end":{"line":101,"column":58}},"27":{"start":{"line":102,"column":4},"end":{"line":104,"column":5}},"28":{"start":{"line":103,"column":6},"end":{"line":103,"column":19}},"29":{"start":{"line":105,"column":4},"end":{"line":107,"column":5}},"30":{"start":{"line":106,"column":6},"end":{"line":106,"column":22}},"31":{"start":{"line":108,"column":4},"end":{"line":110,"column":5}},"32":{"start":{"line":109,"column":6},"end":{"line":109,"column":19}},"33":{"start":{"line":112,"column":26},"end":{"line":112,"column":62}},"34":{"start":{"line":115,"column":4},"end":{"line":117,"column":5}},"35":{"start":{"line":116,"column":6},"end":{"line":116,"column":19}},"36":{"start":{"line":120,"column":4},"end":{"line":122,"column":5}},"37":{"start":{"line":121,"column":6},"end":{"line":121,"column":19}},"38":{"start":{"line":125,"column":4},"end":{"line":125,"column":20}},"39":{"start":{"line":129,"column":23},"end":{"line":129,"column":46}},"40":{"start":{"line":131,"column":4},"end":{"line":137,"column":6}},"41":{"start":{"line":141,"column":27},"end":{"line":144,"column":6}},"42":{"start":{"line":145,"column":4},"end":{"line":145,"column":67}},"43":{"start":{"line":145,"column":42},"end":{"line":145,"column":65}},"44":{"start":{"line":149,"column":29},"end":{"line":152,"column":6}},"45":{"start":{"line":153,"column":4},"end":{"line":153,"column":69}},"46":{"start":{"line":153,"column":44},"end":{"line":153,"column":67}},"47":{"start":{"line":157,"column":28},"end":{"line":160,"column":6}},"48":{"start":{"line":161,"column":4},"end":{"line":161,"column":66}},"49":{"start":{"line":161,"column":42},"end":{"line":161,"column":64}},"50":{"start":{"line":165,"column":28},"end":{"line":168,"column":6}},"51":{"start":{"line":169,"column":4},"end":{"line":169,"column":66}},"52":{"start":{"line":169,"column":42},"end":{"line":169,"column":64}},"53":{"start":{"line":174,"column":22},"end":{"line":174,"column":76}},"54":{"start":{"line":174,"column":56},"end":{"line":174,"column":75}},"55":{"start":{"line":175,"column":32},"end":{"line":175,"column":74}},"56":{"start":{"line":176,"column":4},"end":{"line":176,"column":49}},"57":{"start":{"line":183,"column":39},"end":{"line":183,"column":41}},"58":{"start":{"line":185,"column":4},"end":{"line":189,"column":5}},"59":{"start":{"line":187,"column":25},"end":{"line":187,"column":60}},"60":{"start":{"line":188,"column":6},"end":{"line":188,"column":34}},"61":{"start":{"line":191,"column":4},"end":{"line":195,"column":5}},"62":{"start":{"line":193,"column":25},"end":{"line":193,"column":60}},"63":{"start":{"line":194,"column":6},"end":{"line":194,"column":34}},"64":{"start":{"line":198,"column":4},"end":{"line":198,"column":71}},"65":{"start":{"line":198,"column":34},"end":{"line":198,"column":69}},"66":{"start":{"line":204,"column":39},"end":{"line":204,"column":41}},"67":{"start":{"line":207,"column":21},"end":{"line":207,"column":60}},"68":{"start":{"line":210,"column":23},"end":{"line":213,"column":null}},"69":{"start":{"line":217,"column":4},"end":{"line":241,"column":5}},"70":{"start":{"line":218,"column":6},"end":{"line":227,"column":9}},"71":{"start":{"line":229,"column":6},"end":{"line":240,"column":7}},"72":{"start":{"line":230,"column":8},"end":{"line":239,"column":11}},"73":{"start":{"line":243,"column":4},"end":{"line":243,"column":19}},"74":{"start":{"line":247,"column":4},"end":{"line":258,"column":5}},"75":{"start":{"line":249,"column":8},"end":{"line":249,"column":164}},"76":{"start":{"line":251,"column":8},"end":{"line":251,"column":126}},"77":{"start":{"line":253,"column":8},"end":{"line":253,"column":135}},"78":{"start":{"line":255,"column":8},"end":{"line":255,"column":140}},"79":{"start":{"line":257,"column":8},"end":{"line":257,"column":107}},"80":{"start":{"line":262,"column":4},"end":{"line":273,"column":5}},"81":{"start":{"line":264,"column":8},"end":{"line":264,"column":41}},"82":{"start":{"line":266,"column":8},"end":{"line":266,"column":36}},"83":{"start":{"line":268,"column":8},"end":{"line":268,"column":38}},"84":{"start":{"line":270,"column":8},"end":{"line":270,"column":42}},"85":{"start":{"line":272,"column":8},"end":{"line":272,"column":38}},"86":{"start":{"line":277,"column":42},"end":{"line":277,"column":49}},"87":{"start":{"line":278,"column":23},"end":{"line":278,"column":46}},"88":{"start":{"line":281,"column":4},"end":{"line":283,"column":5}},"89":{"start":{"line":282,"column":6},"end":{"line":282,"column":19}},"90":{"start":{"line":286,"column":4},"end":{"line":288,"column":5}},"91":{"start":{"line":287,"column":6},"end":{"line":287,"column":19}},"92":{"start":{"line":291,"column":4},"end":{"line":295,"column":5}},"93":{"start":{"line":294,"column":6},"end":{"line":294,"column":19}},"94":{"start":{"line":297,"column":4},"end":{"line":299,"column":5}},"95":{"start":{"line":298,"column":8},"end":{"line":298,"column":29}},"96":{"start":{"line":302,"column":4},"end":{"line":302,"column":25}},"97":{"start":{"line":306,"column":31},"end":{"line":310,"column":6}},"98":{"start":{"line":311,"column":4},"end":{"line":313,"column":6}},"99":{"start":{"line":312,"column":6},"end":{"line":312,"column":43}},"100":{"start":{"line":317,"column":31},"end":{"line":320,"column":6}},"101":{"start":{"line":321,"column":4},"end":{"line":323,"column":6}},"102":{"start":{"line":322,"column":6},"end":{"line":322,"column":43}},"103":{"start":{"line":329,"column":23},"end":{"line":329,"column":75}},"104":{"start":{"line":331,"column":20},"end":{"line":337,"column":6}},"105":{"start":{"line":339,"column":4},"end":{"line":344,"column":8}},"106":{"start":{"line":339,"column":29},"end":{"line":344,"column":6}},"107":{"start":{"line":350,"column":4},"end":{"line":352,"column":5}},"108":{"start":{"line":351,"column":6},"end":{"line":351,"column":34}},"109":{"start":{"line":354,"column":4},"end":{"line":358,"column":7}},"110":{"start":{"line":368,"column":28},"end":{"line":368,"column":68}},"111":{"start":{"line":371,"column":21},"end":{"line":375,"column":null}},"112":{"start":{"line":379,"column":21},"end":{"line":384,"column":null}},"113":{"start":{"line":387,"column":4},"end":{"line":387,"column":20}},"114":{"start":{"line":393,"column":40},"end":{"line":393,"column":42}},"115":{"start":{"line":394,"column":24},"end":{"line":394,"column":41}},"116":{"start":{"line":397,"column":4},"end":{"line":411,"column":5}},"117":{"start":{"line":398,"column":6},"end":{"line":398,"column":38}},"118":{"start":{"line":398,"column":32},"end":{"line":398,"column":38}},"119":{"start":{"line":401,"column":6},"end":{"line":410,"column":7}},"120":{"start":{"line":402,"column":8},"end":{"line":402,"column":30}},"121":{"start":{"line":403,"column":8},"end":{"line":403,"column":39}},"122":{"start":{"line":406,"column":11},"end":{"line":410,"column":7}},"123":{"start":{"line":408,"column":8},"end":{"line":408,"column":30}},"124":{"start":{"line":409,"column":8},"end":{"line":409,"column":39}},"125":{"start":{"line":414,"column":4},"end":{"line":416,"column":5}},"126":{"start":{"line":415,"column":6},"end":{"line":415,"column":32}},"127":{"start":{"line":418,"column":4},"end":{"line":418,"column":20}},"128":{"start":{"line":428,"column":22},"end":{"line":430,"column":28}},"129":{"start":{"line":429,"column":19},"end":{"line":429,"column":29}},"130":{"start":{"line":430,"column":16},"end":{"line":430,"column":27}},"131":{"start":{"line":432,"column":28},"end":{"line":432,"column":60}},"132":{"start":{"line":435,"column":27},"end":{"line":435,"column":42}},"133":{"start":{"line":436,"column":4},"end":{"line":443,"column":5}},"134":{"start":{"line":437,"column":33},"end":{"line":438,"column":50}},"135":{"start":{"line":438,"column":28},"end":{"line":438,"column":49}},"136":{"start":{"line":440,"column":6},"end":{"line":442,"column":7}},"137":{"start":{"line":441,"column":8},"end":{"line":441,"column":54}},"138":{"start":{"line":445,"column":4},"end":{"line":449,"column":6}},"139":{"start":{"line":453,"column":4},"end":{"line":456,"column":19}},"140":{"start":{"line":454,"column":19},"end":{"line":454,"column":41}},"141":{"start":{"line":455,"column":16},"end":{"line":455,"column":37}},"142":{"start":{"line":467,"column":19},"end":{"line":471,"column":null}},"143":{"start":{"line":476,"column":26},"end":{"line":476,"column":57}},"144":{"start":{"line":479,"column":32},"end":{"line":482,"column":null}},"145":{"start":{"line":486,"column":20},"end":{"line":486,"column":42}},"146":{"start":{"line":487,"column":4},"end":{"line":491,"column":5}},"147":{"start":{"line":488,"column":6},"end":{"line":488,"column":56}},"148":{"start":{"line":490,"column":6},"end":{"line":490,"column":61}},"149":{"start":{"line":494,"column":4},"end":{"line":499,"column":5}},"150":{"start":{"line":498,"column":6},"end":{"line":498,"column":44}},"151":{"start":{"line":501,"column":4},"end":{"line":509,"column":6}},"152":{"start":{"line":518,"column":17},"end":{"line":518,"column":112}},"153":{"start":{"line":519,"column":4},"end":{"line":519,"column":53}},"154":{"start":{"line":520,"column":4},"end":{"line":520,"column":128}},"155":{"start":{"line":522,"column":4},"end":{"line":524,"column":5}},"156":{"start":{"line":523,"column":6},"end":{"line":523,"column":92}},"157":{"start":{"line":526,"column":4},"end":{"line":526,"column":49}},"158":{"start":{"line":527,"column":4},"end":{"line":529,"column":7}},"159":{"start":{"line":528,"column":6},"end":{"line":528,"column":70}},"160":{"start":{"line":531,"column":4},"end":{"line":531,"column":167}},"161":{"start":{"line":533,"column":4},"end":{"line":533,"column":18}},"162":{"start":{"line":537,"column":4},"end":{"line":539,"column":5}},"163":{"start":{"line":538,"column":6},"end":{"line":538,"column":44}},"164":{"start":{"line":540,"column":4},"end":{"line":542,"column":5}},"165":{"start":{"line":541,"column":6},"end":{"line":541,"column":38}},"166":{"start":{"line":544,"column":4},"end":{"line":544,"column":103}},"167":{"start":{"line":553,"column":4},"end":{"line":560,"column":5}},"168":{"start":{"line":556,"column":6},"end":{"line":559,"column":null}},"169":{"start":{"line":562,"column":4},"end":{"line":567,"column":5}},"170":{"start":{"line":563,"column":6},"end":{"line":566,"column":null}},"171":{"start":{"line":570,"column":4},"end":{"line":573,"column":6}},"172":{"start":{"line":580,"column":4},"end":{"line":582,"column":5}},"173":{"start":{"line":581,"column":6},"end":{"line":581,"column":13}},"174":{"start":{"line":583,"column":4},"end":{"line":596,"column":7}},"175":{"start":{"line":600,"column":4},"end":{"line":612,"column":6}},"176":{"start":{"line":23,"column":0},"end":{"line":23,"column":13}}},"fnMap":{"0":{"name":"(anonymous_0)","decl":{"start":{"line":34,"column":2},"end":{"line":34,"column":null}},"loc":{"start":{"line":34,"column":2},"end":{"line":39,"column":3}}},"1":{"name":"(anonymous_1)","decl":{"start":{"line":41,"column":2},"end":{"line":41,"column":7}},"loc":{"start":{"line":41,"column":18},"end":{"line":51,"column":3}}},"2":{"name":"(anonymous_2)","decl":{"start":{"line":53,"column":2},"end":{"line":53,"column":7}},"loc":{"start":{"line":54,"column":25},"end":{"line":96,"column":3}}},"3":{"name":"(anonymous_3)","decl":{"start":{"line":98,"column":10},"end":{"line":98,"column":15}},"loc":{"start":{"line":99,"column":25},"end":{"line":126,"column":3}}},"4":{"name":"(anonymous_4)","decl":{"start":{"line":128,"column":10},"end":{"line":128,"column":22}},"loc":{"start":{"line":128,"column":40},"end":{"line":138,"column":3}}},"5":{"name":"(anonymous_5)","decl":{"start":{"line":140,"column":10},"end":{"line":140,"column":32}},"loc":{"start":{"line":140,"column":46},"end":{"line":146,"column":3}}},"6":{"name":"(anonymous_6)","decl":{"start":{"line":145,"column":31},"end":{"line":145,"column":38}},"loc":{"start":{"line":145,"column":42},"end":{"line":145,"column":65}}},"7":{"name":"(anonymous_7)","decl":{"start":{"line":148,"column":10},"end":{"line":148,"column":34}},"loc":{"start":{"line":148,"column":48},"end":{"line":154,"column":3}}},"8":{"name":"(anonymous_8)","decl":{"start":{"line":153,"column":33},"end":{"line":153,"column":40}},"loc":{"start":{"line":153,"column":44},"end":{"line":153,"column":67}}},"9":{"name":"(anonymous_9)","decl":{"start":{"line":156,"column":10},"end":{"line":156,"column":37}},"loc":{"start":{"line":156,"column":51},"end":{"line":162,"column":3}}},"10":{"name":"(anonymous_10)","decl":{"start":{"line":161,"column":32},"end":{"line":161,"column":38}},"loc":{"start":{"line":161,"column":42},"end":{"line":161,"column":64}}},"11":{"name":"(anonymous_11)","decl":{"start":{"line":164,"column":10},"end":{"line":164,"column":33}},"loc":{"start":{"line":164,"column":47},"end":{"line":170,"column":3}}},"12":{"name":"(anonymous_12)","decl":{"start":{"line":169,"column":32},"end":{"line":169,"column":38}},"loc":{"start":{"line":169,"column":42},"end":{"line":169,"column":64}}},"13":{"name":"(anonymous_13)","decl":{"start":{"line":172,"column":10},"end":{"line":172,"column":29}},"loc":{"start":{"line":172,"column":43},"end":{"line":177,"column":3}}},"14":{"name":"(anonymous_14)","decl":{"start":{"line":174,"column":51},"end":{"line":174,"column":52}},"loc":{"start":{"line":174,"column":56},"end":{"line":174,"column":75}}},"15":{"name":"(anonymous_15)","decl":{"start":{"line":179,"column":10},"end":{"line":179,"column":15}},"loc":{"start":{"line":181,"column":38},"end":{"line":199,"column":3}}},"16":{"name":"(anonymous_16)","decl":{"start":{"line":198,"column":24},"end":{"line":198,"column":25}},"loc":{"start":{"line":198,"column":34},"end":{"line":198,"column":69}}},"17":{"name":"(anonymous_17)","decl":{"start":{"line":201,"column":10},"end":{"line":201,"column":15}},"loc":{"start":{"line":202,"column":25},"end":{"line":244,"column":3}}},"18":{"name":"(anonymous_18)","decl":{"start":{"line":246,"column":10},"end":{"line":246,"column":27}},"loc":{"start":{"line":246,"column":57},"end":{"line":259,"column":3}}},"19":{"name":"(anonymous_19)","decl":{"start":{"line":261,"column":10},"end":{"line":261,"column":29}},"loc":{"start":{"line":261,"column":59},"end":{"line":274,"column":3}}},"20":{"name":"(anonymous_20)","decl":{"start":{"line":276,"column":10},"end":{"line":276,"column":35}},"loc":{"start":{"line":276,"column":57},"end":{"line":303,"column":3}}},"21":{"name":"(anonymous_21)","decl":{"start":{"line":305,"column":10},"end":{"line":305,"column":36}},"loc":{"start":{"line":305,"column":50},"end":{"line":314,"column":3}}},"22":{"name":"(anonymous_22)","decl":{"start":{"line":311,"column":35},"end":{"line":311,"column":42}},"loc":{"start":{"line":312,"column":6},"end":{"line":312,"column":43}}},"23":{"name":"(anonymous_23)","decl":{"start":{"line":316,"column":10},"end":{"line":316,"column":33}},"loc":{"start":{"line":316,"column":47},"end":{"line":324,"column":3}}},"24":{"name":"(anonymous_24)","decl":{"start":{"line":321,"column":35},"end":{"line":321,"column":42}},"loc":{"start":{"line":322,"column":6},"end":{"line":322,"column":43}}},"25":{"name":"(anonymous_25)","decl":{"start":{"line":326,"column":10},"end":{"line":326,"column":15}},"loc":{"start":{"line":327,"column":25},"end":{"line":345,"column":3}}},"26":{"name":"(anonymous_26)","decl":{"start":{"line":339,"column":23},"end":{"line":339,"column":24}},"loc":{"start":{"line":339,"column":29},"end":{"line":344,"column":6}}},"27":{"name":"(anonymous_27)","decl":{"start":{"line":347,"column":10},"end":{"line":347,"column":15}},"loc":{"start":{"line":348,"column":19},"end":{"line":359,"column":3}}},"28":{"name":"(anonymous_28)","decl":{"start":{"line":361,"column":10},"end":{"line":361,"column":15}},"loc":{"start":{"line":365,"column":41},"end":{"line":388,"column":3}}},"29":{"name":"(anonymous_29)","decl":{"start":{"line":390,"column":10},"end":{"line":390,"column":27}},"loc":{"start":{"line":391,"column":30},"end":{"line":419,"column":3}}},"30":{"name":"(anonymous_30)","decl":{"start":{"line":421,"column":10},"end":{"line":421,"column":38}},"loc":{"start":{"line":425,"column":41},"end":{"line":450,"column":3}}},"31":{"name":"(anonymous_31)","decl":{"start":{"line":429,"column":14},"end":{"line":429,"column":15}},"loc":{"start":{"line":429,"column":19},"end":{"line":429,"column":29}}},"32":{"name":"(anonymous_32)","decl":{"start":{"line":430,"column":11},"end":{"line":430,"column":12}},"loc":{"start":{"line":430,"column":16},"end":{"line":430,"column":27}}},"33":{"name":"(anonymous_33)","decl":{"start":{"line":438,"column":16},"end":{"line":438,"column":17}},"loc":{"start":{"line":438,"column":28},"end":{"line":438,"column":49}}},"34":{"name":"(anonymous_34)","decl":{"start":{"line":452,"column":10},"end":{"line":452,"column":26}},"loc":{"start":{"line":452,"column":53},"end":{"line":457,"column":3}}},"35":{"name":"(anonymous_35)","decl":{"start":{"line":454,"column":14},"end":{"line":454,"column":15}},"loc":{"start":{"line":454,"column":18},"end":{"line":454,"column":41}}},"36":{"name":"(anonymous_36)","decl":{"start":{"line":455,"column":11},"end":{"line":455,"column":12}},"loc":{"start":{"line":455,"column":16},"end":{"line":455,"column":37}}},"37":{"name":"(anonymous_37)","decl":{"start":{"line":459,"column":10},"end":{"line":459,"column":15}},"loc":{"start":{"line":464,"column":41},"end":{"line":510,"column":3}}},"38":{"name":"(anonymous_38)","decl":{"start":{"line":512,"column":10},"end":{"line":512,"column":36}},"loc":{"start":{"line":516,"column":16},"end":{"line":534,"column":3}}},"39":{"name":"(anonymous_39)","decl":{"start":{"line":527,"column":20},"end":{"line":527,"column":21}},"loc":{"start":{"line":527,"column":24},"end":{"line":529,"column":5}}},"40":{"name":"(anonymous_40)","decl":{"start":{"line":536,"column":10},"end":{"line":536,"column":15}},"loc":{"start":{"line":536,"column":43},"end":{"line":545,"column":3}}},"41":{"name":"(anonymous_41)","decl":{"start":{"line":547,"column":10},"end":{"line":547,"column":36}},"loc":{"start":{"line":550,"column":26},"end":{"line":574,"column":3}}},"42":{"name":"(anonymous_42)","decl":{"start":{"line":576,"column":10},"end":{"line":576,"column":15}},"loc":{"start":{"line":578,"column":33},"end":{"line":597,"column":3}}},"43":{"name":"(anonymous_43)","decl":{"start":{"line":599,"column":10},"end":{"line":599,"column":32}},"loc":{"start":{"line":599,"column":32},"end":{"line":613,"column":3}}}},"branchMap":{"0":{"loc":{"start":{"line":62,"column":4},"end":{"line":64,"column":5}},"type":"if","locations":[{"start":{"line":62,"column":4},"end":{"line":64,"column":5}}]},"1":{"loc":{"start":{"line":66,"column":4},"end":{"line":68,"column":5}},"type":"if","locations":[{"start":{"line":66,"column":4},"end":{"line":68,"column":5}}]},"2":{"loc":{"start":{"line":91,"column":4},"end":{"line":93,"column":5}},"type":"if","locations":[{"start":{"line":91,"column":4},"end":{"line":93,"column":5}}]},"3":{"loc":{"start":{"line":102,"column":4},"end":{"line":104,"column":5}},"type":"if","locations":[{"start":{"line":102,"column":4},"end":{"line":104,"column":5}}]},"4":{"loc":{"start":{"line":105,"column":4},"end":{"line":107,"column":5}},"type":"if","locations":[{"start":{"line":105,"column":4},"end":{"line":107,"column":5}}]},"5":{"loc":{"start":{"line":105,"column":8},"end":{"line":105,"column":78}},"type":"binary-expr","locations":[{"start":{"line":105,"column":8},"end":{"line":105,"column":38}},{"start":{"line":105,"column":42},"end":{"line":105,"column":78}}]},"6":{"loc":{"start":{"line":108,"column":4},"end":{"line":110,"column":5}},"type":"if","locations":[{"start":{"line":108,"column":4},"end":{"line":110,"column":5}}]},"7":{"loc":{"start":{"line":115,"column":4},"end":{"line":117,"column":5}},"type":"if","locations":[{"start":{"line":115,"column":4},"end":{"line":117,"column":5}}]},"8":{"loc":{"start":{"line":115,"column":8},"end":{"line":115,"column":73}},"type":"binary-expr","locations":[{"start":{"line":115,"column":8},"end":{"line":115,"column":37}},{"start":{"line":115,"column":41},"end":{"line":115,"column":73}}]},"9":{"loc":{"start":{"line":120,"column":4},"end":{"line":122,"column":5}},"type":"if","locations":[{"start":{"line":120,"column":4},"end":{"line":122,"column":5}}]},"10":{"loc":{"start":{"line":120,"column":8},"end":{"line":120,"column":74}},"type":"binary-expr","locations":[{"start":{"line":120,"column":8},"end":{"line":120,"column":42}},{"start":{"line":120,"column":46},"end":{"line":120,"column":74}}]},"11":{"loc":{"start":{"line":185,"column":4},"end":{"line":189,"column":5}},"type":"if","locations":[{"start":{"line":185,"column":4},"end":{"line":189,"column":5}}]},"12":{"loc":{"start":{"line":185,"column":8},"end":{"line":185,"column":51}},"type":"binary-expr","locations":[{"start":{"line":185,"column":8},"end":{"line":185,"column":26}},{"start":{"line":185,"column":30},"end":{"line":185,"column":51}}]},"13":{"loc":{"start":{"line":191,"column":4},"end":{"line":195,"column":5}},"type":"if","locations":[{"start":{"line":191,"column":4},"end":{"line":195,"column":5}}]},"14":{"loc":{"start":{"line":191,"column":8},"end":{"line":191,"column":51}},"type":"binary-expr","locations":[{"start":{"line":191,"column":8},"end":{"line":191,"column":26}},{"start":{"line":191,"column":30},"end":{"line":191,"column":51}}]},"15":{"loc":{"start":{"line":217,"column":4},"end":{"line":241,"column":5}},"type":"if","locations":[{"start":{"line":217,"column":4},"end":{"line":241,"column":5}},{"start":{"line":228,"column":11},"end":{"line":241,"column":5}}]},"16":{"loc":{"start":{"line":247,"column":4},"end":{"line":258,"column":5}},"type":"switch","locations":[{"start":{"line":248,"column":6},"end":{"line":249,"column":164}},{"start":{"line":250,"column":6},"end":{"line":251,"column":126}},{"start":{"line":252,"column":6},"end":{"line":253,"column":135}},{"start":{"line":254,"column":6},"end":{"line":255,"column":140}},{"start":{"line":256,"column":6},"end":{"line":257,"column":107}}]},"17":{"loc":{"start":{"line":262,"column":4},"end":{"line":273,"column":5}},"type":"switch","locations":[{"start":{"line":263,"column":6},"end":{"line":264,"column":41}},{"start":{"line":265,"column":6},"end":{"line":266,"column":36}},{"start":{"line":267,"column":6},"end":{"line":268,"column":38}},{"start":{"line":269,"column":6},"end":{"line":270,"column":42}},{"start":{"line":271,"column":6},"end":{"line":272,"column":38}}]},"18":{"loc":{"start":{"line":281,"column":4},"end":{"line":283,"column":5}},"type":"if","locations":[{"start":{"line":281,"column":4},"end":{"line":283,"column":5}}]},"19":{"loc":{"start":{"line":281,"column":8},"end":{"line":281,"column":92}},"type":"binary-expr","locations":[{"start":{"line":281,"column":8},"end":{"line":281,"column":45}},{"start":{"line":281,"column":49},"end":{"line":281,"column":92}}]},"20":{"loc":{"start":{"line":286,"column":4},"end":{"line":288,"column":5}},"type":"if","locations":[{"start":{"line":286,"column":4},"end":{"line":288,"column":5}}]},"21":{"loc":{"start":{"line":291,"column":4},"end":{"line":295,"column":5}},"type":"if","locations":[{"start":{"line":291,"column":4},"end":{"line":295,"column":5}}]},"22":{"loc":{"start":{"line":291,"column":8},"end":{"line":293,"column":49}},"type":"binary-expr","locations":[{"start":{"line":291,"column":8},"end":{"line":291,"column":38}},{"start":{"line":292,"column":8},"end":{"line":292,"column":52}},{"start":{"line":293,"column":8},"end":{"line":293,"column":49}}]},"23":{"loc":{"start":{"line":297,"column":4},"end":{"line":299,"column":5}},"type":"if","locations":[{"start":{"line":297,"column":4},"end":{"line":299,"column":5}}]},"24":{"loc":{"start":{"line":350,"column":4},"end":{"line":352,"column":5}},"type":"if","locations":[{"start":{"line":350,"column":4},"end":{"line":352,"column":5}}]},"25":{"loc":{"start":{"line":398,"column":6},"end":{"line":398,"column":38}},"type":"if","locations":[{"start":{"line":398,"column":6},"end":{"line":398,"column":38}}]},"26":{"loc":{"start":{"line":401,"column":6},"end":{"line":410,"column":7}},"type":"if","locations":[{"start":{"line":401,"column":6},"end":{"line":410,"column":7}},{"start":{"line":406,"column":11},"end":{"line":410,"column":7}}]},"27":{"loc":{"start":{"line":401,"column":10},"end":{"line":401,"column":80}},"type":"binary-expr","locations":[{"start":{"line":401,"column":10},"end":{"line":401,"column":33}},{"start":{"line":401,"column":37},"end":{"line":401,"column":80}}]},"28":{"loc":{"start":{"line":406,"column":11},"end":{"line":410,"column":7}},"type":"if","locations":[{"start":{"line":406,"column":11},"end":{"line":410,"column":7}}]},"29":{"loc":{"start":{"line":406,"column":15},"end":{"line":407,"column":46}},"type":"binary-expr","locations":[{"start":{"line":406,"column":15},"end":{"line":406,"column":58}},{"start":{"line":407,"column":15},"end":{"line":407,"column":46}}]},"30":{"loc":{"start":{"line":414,"column":4},"end":{"line":416,"column":5}},"type":"if","locations":[{"start":{"line":414,"column":4},"end":{"line":416,"column":5}}]},"31":{"loc":{"start":{"line":414,"column":8},"end":{"line":414,"column":51}},"type":"binary-expr","locations":[{"start":{"line":414,"column":8},"end":{"line":414,"column":29}},{"start":{"line":414,"column":33},"end":{"line":414,"column":51}}]},"32":{"loc":{"start":{"line":432,"column":28},"end":{"line":432,"column":60}},"type":"binary-expr","locations":[{"start":{"line":432,"column":28},"end":{"line":432,"column":40}},{"start":{"line":432,"column":44},"end":{"line":432,"column":60}}]},"33":{"loc":{"start":{"line":436,"column":4},"end":{"line":443,"column":5}},"type":"if","locations":[{"start":{"line":436,"column":4},"end":{"line":443,"column":5}}]},"34":{"loc":{"start":{"line":436,"column":8},"end":{"line":436,"column":44}},"type":"cond-expr","locations":[{"start":{"line":436,"column":25},"end":{"line":436,"column":27}},{"start":{"line":436,"column":8},"end":{"line":436,"column":44}}]},"35":{"loc":{"start":{"line":436,"column":8},"end":{"line":436,"column":27}},"type":"binary-expr","locations":[{"start":{"line":436,"column":8},"end":{"line":436,"column":27}},{"start":{"line":436,"column":8},"end":{"line":436,"column":27}}]},"36":{"loc":{"start":{"line":440,"column":6},"end":{"line":442,"column":7}},"type":"if","locations":[{"start":{"line":440,"column":6},"end":{"line":442,"column":7}}]},"37":{"loc":{"start":{"line":448,"column":28},"end":{"line":448,"column":65}},"type":"cond-expr","locations":[{"start":{"line":448,"column":48},"end":{"line":448,"column":54}},{"start":{"line":448,"column":57},"end":{"line":448,"column":65}}]},"38":{"loc":{"start":{"line":454,"column":19},"end":{"line":454,"column":40}},"type":"cond-expr","locations":[{"start":{"line":454,"column":29},"end":{"line":454,"column":31}},{"start":{"line":454,"column":29},"end":{"line":454,"column":40}}]},"39":{"loc":{"start":{"line":454,"column":19},"end":{"line":454,"column":31}},"type":"binary-expr","locations":[{"start":{"line":454,"column":19},"end":{"line":454,"column":31}},{"start":{"line":454,"column":29},"end":{"line":454,"column":31}}]},"40":{"loc":{"start":{"line":487,"column":4},"end":{"line":491,"column":5}},"type":"if","locations":[{"start":{"line":487,"column":4},"end":{"line":491,"column":5}},{"start":{"line":489,"column":11},"end":{"line":491,"column":5}}]},"41":{"loc":{"start":{"line":487,"column":8},"end":{"line":487,"column":78}},"type":"binary-expr","locations":[{"start":{"line":487,"column":8},"end":{"line":487,"column":34}},{"start":{"line":487,"column":38},"end":{"line":487,"column":76}}]},"42":{"loc":{"start":{"line":487,"column":38},"end":{"line":487,"column":76}},"type":"cond-expr","locations":[{"start":{"line":487,"column":65},"end":{"line":487,"column":67}},{"start":{"line":487,"column":65},"end":{"line":487,"column":76}}]},"43":{"loc":{"start":{"line":487,"column":38},"end":{"line":487,"column":67}},"type":"binary-expr","locations":[{"start":{"line":487,"column":38},"end":{"line":487,"column":67}},{"start":{"line":487,"column":65},"end":{"line":487,"column":67}}]},"44":{"loc":{"start":{"line":494,"column":4},"end":{"line":499,"column":5}},"type":"if","locations":[{"start":{"line":494,"column":4},"end":{"line":499,"column":5}}]},"45":{"loc":{"start":{"line":494,"column":8},"end":{"line":497,"column":60}},"type":"binary-expr","locations":[{"start":{"line":494,"column":8},"end":{"line":494,"column":34}},{"start":{"line":495,"column":9},"end":{"line":495,"column":59}},{"start":{"line":496,"column":9},"end":{"line":496,"column":60}},{"start":{"line":497,"column":9},"end":{"line":497,"column":59}}]},"46":{"loc":{"start":{"line":522,"column":4},"end":{"line":524,"column":5}},"type":"if","locations":[{"start":{"line":522,"column":4},"end":{"line":524,"column":5}}]},"47":{"loc":{"start":{"line":522,"column":8},"end":{"line":522,"column":74}},"type":"binary-expr","locations":[{"start":{"line":522,"column":8},"end":{"line":522,"column":15}},{"start":{"line":522,"column":19},"end":{"line":522,"column":39}},{"start":{"line":522,"column":43},"end":{"line":522,"column":74}}]},"48":{"loc":{"start":{"line":537,"column":4},"end":{"line":539,"column":5}},"type":"if","locations":[{"start":{"line":537,"column":4},"end":{"line":539,"column":5}}]},"49":{"loc":{"start":{"line":540,"column":4},"end":{"line":542,"column":5}},"type":"if","locations":[{"start":{"line":540,"column":4},"end":{"line":542,"column":5}}]},"50":{"loc":{"start":{"line":553,"column":4},"end":{"line":560,"column":5}},"type":"if","locations":[{"start":{"line":553,"column":4},"end":{"line":560,"column":5}}]},"51":{"loc":{"start":{"line":553,"column":8},"end":{"line":555,"column":60}},"type":"binary-expr","locations":[{"start":{"line":553,"column":8},"end":{"line":553,"column":15}},{"start":{"line":554,"column":8},"end":{"line":554,"column":57}},{"start":{"line":555,"column":8},"end":{"line":555,"column":60}}]},"52":{"loc":{"start":{"line":562,"column":4},"end":{"line":567,"column":5}},"type":"if","locations":[{"start":{"line":562,"column":4},"end":{"line":567,"column":5}}]},"53":{"loc":{"start":{"line":580,"column":4},"end":{"line":582,"column":5}},"type":"if","locations":[{"start":{"line":580,"column":4},"end":{"line":582,"column":5}}]}},"s":{"0":0,"1":0,"2":0,"3":0,"4":0,"5":0,"6":0,"7":0,"8":0,"9":0,"10":0,"11":0,"12":0,"13":0,"14":0,"15":0,"16":0,"17":0,"18":0,"19":0,"20":0,"21":0,"22":0,"23":0,"24":0,"25":0,"26":0,"27":0,"28":0,"29":0,"30":0,"31":0,"32":0,"33":0,"34":0,"35":0,"36":0,"37":0,"38":0,"39":0,"40":0,"41":0,"42":0,"43":0,"44":0,"45":0,"46":0,"47":0,"48":0,"49":0,"50":0,"51":0,"52":0,"53":0,"54":0,"55":0,"56":0,"57":0,"58":0,"59":0,"60":0,"61":0,"62":0,"63":0,"64":0,"65":0,"66":0,"67":0,"68":0,"69":0,"70":0,"71":0,"72":0,"73":0,"74":0,"75":0,"76":0,"77":0,"78":0,"79":0,"80":0,"81":0,"82":0,"83":0,"84":0,"85":0,"86":0,"87":0,"88":0,"89":0,"90":0,"91":0,"92":0,"93":0,"94":0,"95":0,"96":0,"97":0,"98":0,"99":0,"100":0,"101":0,"102":0,"103":0,"104":0,"105":0,"106":0,"107":0,"108":0,"109":0,"110":0,"111":0,"112":0,"113":0,"114":0,"115":0,"116":0,"117":0,"118":0,"119":0,"120":0,"121":0,"122":0,"123":0,"124":0,"125":0,"126":0,"127":0,"128":0,"129":0,"130":0,"131":0,"132":0,"133":0,"134":0,"135":0,"136":0,"137":0,"138":0,"139":0,"140":0,"141":0,"142":0,"143":0,"144":0,"145":0,"146":0,"147":0,"148":0,"149":0,"150":0,"151":0,"152":0,"153":0,"154":0,"155":0,"156":0,"157":0,"158":0,"159":0,"160":0,"161":0,"162":0,"163":0,"164":0,"165":0,"166":0,"167":0,"168":0,"169":0,"170":0,"171":0,"172":0,"173":0,"174":0,"175":0,"176":0},"f":{"0":0,"1":0,"2":0,"3":0,"4":0,"5":0,"6":0,"7":0,"8":0,"9":0,"10":0,"11":0,"12":0,"13":0,"14":0,"15":0,"16":0,"17":0,"18":0,"19":0,"20":0,"21":0,"22":0,"23":0,"24":0,"25":0,"26":0,"27":0,"28":0,"29":0,"30":0,"31":0,"32":0,"33":0,"34":0,"35":0,"36":0,"37":0,"38":0,"39":0,"40":0,"41":0,"42":0,"43":0},"b":{"0":[0],"1":[0],"2":[0],"3":[0],"4":[0],"5":[0,0],"6":[0],"7":[0],"8":[0,0],"9":[0],"10":[0,0],"11":[0],"12":[0,0],"13":[0],"14":[0,0],"15":[0,0],"16":[0,0,0,0,0],"17":[0,0,0,0,0],"18":[0],"19":[0,0],"20":[0],"21":[0],"22":[0,0,0],"23":[0],"24":[0],"25":[0],"26":[0,0],"27":[0,0],"28":[0],"29":[0,0],"30":[0],"31":[0,0],"32":[0,0],"33":[0],"34":[0,0],"35":[0,0],"36":[0],"37":[0,0],"38":[0,0],"39":[0,0],"40":[0,0],"41":[0,0],"42":[0,0],"43":[0,0],"44":[0],"45":[0,0,0,0],"46":[0],"47":[0,0,0],"48":[0],"49":[0],"50":[0],"51":[0,0,0],"52":[0],"53":[0]}}
,"/Users/abhilashchadhar/uncloud/savitri/backend/clinical/hybrid-therapeutic-engine.ts": {"path":"/Users/abhilashchadhar/uncloud/savitri/backend/clinical/hybrid-therapeutic-engine.ts","statementMap":{"0":{"start":{"line":2,"column":0},"end":{"line":2,"column":51}},"1":{"start":{"line":3,"column":0},"end":{"line":3,"column":65}},"2":{"start":{"line":4,"column":0},"end":{"line":4,"column":78}},"3":{"start":{"line":5,"column":0},"end":{"line":5,"column":65}},"4":{"start":{"line":30,"column":19},"end":{"line":30,"column":40}},"5":{"start":{"line":31,"column":19},"end":{"line":31,"column":39}},"6":{"start":{"line":32,"column":19},"end":{"line":32,"column":42}},"7":{"start":{"line":35,"column":4},"end":{"line":35,"column":47}},"8":{"start":{"line":36,"column":4},"end":{"line":36,"column":47}},"9":{"start":{"line":37,"column":4},"end":{"line":37,"column":39}},"10":{"start":{"line":38,"column":4},"end":{"line":38,"column":41}},"11":{"start":{"line":43,"column":4},"end":{"line":45,"column":7}},"12":{"start":{"line":48,"column":4},"end":{"line":48,"column":37}},"13":{"start":{"line":57,"column":24},"end":{"line":59,"column":null}},"14":{"start":{"line":62,"column":4},"end":{"line":64,"column":5}},"15":{"start":{"line":63,"column":6},"end":{"line":63,"column":43}},"16":{"start":{"line":66,"column":4},"end":{"line":68,"column":5}},"17":{"start":{"line":67,"column":6},"end":{"line":67,"column":43}},"18":{"start":{"line":71,"column":21},"end":{"line":71,"column":67}},"19":{"start":{"line":74,"column":29},"end":{"line":74,"column":74}},"20":{"start":{"line":77,"column":30},"end":{"line":77,"column":77}},"21":{"start":{"line":80,"column":21},"end":{"line":83,"column":null}},"22":{"start":{"line":87,"column":4},"end":{"line":89,"column":5}},"23":{"start":{"line":88,"column":6},"end":{"line":88,"column":53}},"24":{"start":{"line":91,"column":4},"end":{"line":91,"column":20}},"25":{"start":{"line":97,"column":27},"end":{"line":97,"column":58}},"26":{"start":{"line":98,"column":4},"end":{"line":100,"column":5}},"27":{"start":{"line":99,"column":6},"end":{"line":99,"column":19}},"28":{"start":{"line":101,"column":4},"end":{"line":103,"column":5}},"29":{"start":{"line":102,"column":6},"end":{"line":102,"column":22}},"30":{"start":{"line":104,"column":4},"end":{"line":106,"column":5}},"31":{"start":{"line":105,"column":6},"end":{"line":105,"column":19}},"32":{"start":{"line":108,"column":26},"end":{"line":108,"column":62}},"33":{"start":{"line":111,"column":4},"end":{"line":113,"column":5}},"34":{"start":{"line":112,"column":6},"end":{"line":112,"column":19}},"35":{"start":{"line":116,"column":4},"end":{"line":118,"column":5}},"36":{"start":{"line":117,"column":6},"end":{"line":117,"column":19}},"37":{"start":{"line":121,"column":4},"end":{"line":121,"column":20}},"38":{"start":{"line":125,"column":23},"end":{"line":125,"column":46}},"39":{"start":{"line":127,"column":4},"end":{"line":133,"column":6}},"40":{"start":{"line":137,"column":27},"end":{"line":140,"column":6}},"41":{"start":{"line":141,"column":4},"end":{"line":141,"column":67}},"42":{"start":{"line":141,"column":42},"end":{"line":141,"column":65}},"43":{"start":{"line":145,"column":29},"end":{"line":148,"column":6}},"44":{"start":{"line":149,"column":4},"end":{"line":149,"column":111}},"45":{"start":{"line":149,"column":44},"end":{"line":149,"column":67}},"46":{"start":{"line":153,"column":28},"end":{"line":156,"column":6}},"47":{"start":{"line":157,"column":4},"end":{"line":157,"column":66}},"48":{"start":{"line":157,"column":42},"end":{"line":157,"column":64}},"49":{"start":{"line":161,"column":28},"end":{"line":164,"column":6}},"50":{"start":{"line":165,"column":4},"end":{"line":165,"column":66}},"51":{"start":{"line":165,"column":42},"end":{"line":165,"column":64}},"52":{"start":{"line":170,"column":22},"end":{"line":170,"column":76}},"53":{"start":{"line":170,"column":56},"end":{"line":170,"column":75}},"54":{"start":{"line":171,"column":32},"end":{"line":171,"column":74}},"55":{"start":{"line":172,"column":4},"end":{"line":172,"column":49}},"56":{"start":{"line":179,"column":39},"end":{"line":179,"column":41}},"57":{"start":{"line":181,"column":4},"end":{"line":185,"column":5}},"58":{"start":{"line":183,"column":25},"end":{"line":183,"column":60}},"59":{"start":{"line":184,"column":6},"end":{"line":184,"column":34}},"60":{"start":{"line":187,"column":4},"end":{"line":191,"column":5}},"61":{"start":{"line":189,"column":25},"end":{"line":189,"column":60}},"62":{"start":{"line":190,"column":6},"end":{"line":190,"column":34}},"63":{"start":{"line":194,"column":4},"end":{"line":194,"column":71}},"64":{"start":{"line":194,"column":34},"end":{"line":194,"column":69}},"65":{"start":{"line":200,"column":39},"end":{"line":200,"column":41}},"66":{"start":{"line":203,"column":21},"end":{"line":203,"column":60}},"67":{"start":{"line":206,"column":23},"end":{"line":209,"column":null}},"68":{"start":{"line":213,"column":4},"end":{"line":237,"column":5}},"69":{"start":{"line":214,"column":6},"end":{"line":223,"column":9}},"70":{"start":{"line":225,"column":6},"end":{"line":236,"column":7}},"71":{"start":{"line":226,"column":8},"end":{"line":235,"column":11}},"72":{"start":{"line":239,"column":4},"end":{"line":239,"column":19}},"73":{"start":{"line":243,"column":42},"end":{"line":243,"column":49}},"74":{"start":{"line":244,"column":23},"end":{"line":244,"column":46}},"75":{"start":{"line":247,"column":4},"end":{"line":249,"column":5}},"76":{"start":{"line":248,"column":6},"end":{"line":248,"column":19}},"77":{"start":{"line":252,"column":4},"end":{"line":254,"column":5}},"78":{"start":{"line":253,"column":6},"end":{"line":253,"column":19}},"79":{"start":{"line":263,"column":4},"end":{"line":265,"column":5}},"80":{"start":{"line":264,"column":7},"end":{"line":264,"column":28}},"81":{"start":{"line":268,"column":4},"end":{"line":268,"column":25}},"82":{"start":{"line":272,"column":31},"end":{"line":276,"column":6}},"83":{"start":{"line":277,"column":4},"end":{"line":279,"column":6}},"84":{"start":{"line":278,"column":6},"end":{"line":278,"column":29}},"85":{"start":{"line":283,"column":31},"end":{"line":286,"column":6}},"86":{"start":{"line":287,"column":4},"end":{"line":289,"column":6}},"87":{"start":{"line":288,"column":6},"end":{"line":288,"column":43}},"88":{"start":{"line":295,"column":23},"end":{"line":295,"column":75}},"89":{"start":{"line":297,"column":20},"end":{"line":303,"column":6}},"90":{"start":{"line":305,"column":4},"end":{"line":310,"column":8}},"91":{"start":{"line":305,"column":29},"end":{"line":310,"column":6}},"92":{"start":{"line":316,"column":4},"end":{"line":318,"column":5}},"93":{"start":{"line":317,"column":6},"end":{"line":317,"column":34}},"94":{"start":{"line":320,"column":4},"end":{"line":324,"column":7}},"95":{"start":{"line":333,"column":28},"end":{"line":333,"column":68}},"96":{"start":{"line":336,"column":21},"end":{"line":339,"column":null}},"97":{"start":{"line":343,"column":21},"end":{"line":347,"column":null}},"98":{"start":{"line":350,"column":4},"end":{"line":350,"column":20}},"99":{"start":{"line":356,"column":40},"end":{"line":356,"column":42}},"100":{"start":{"line":357,"column":24},"end":{"line":357,"column":41}},"101":{"start":{"line":360,"column":4},"end":{"line":374,"column":5}},"102":{"start":{"line":361,"column":6},"end":{"line":361,"column":38}},"103":{"start":{"line":361,"column":32},"end":{"line":361,"column":38}},"104":{"start":{"line":364,"column":6},"end":{"line":373,"column":7}},"105":{"start":{"line":365,"column":8},"end":{"line":365,"column":30}},"106":{"start":{"line":366,"column":8},"end":{"line":366,"column":39}},"107":{"start":{"line":369,"column":11},"end":{"line":373,"column":7}},"108":{"start":{"line":371,"column":8},"end":{"line":371,"column":30}},"109":{"start":{"line":372,"column":8},"end":{"line":372,"column":39}},"110":{"start":{"line":376,"column":4},"end":{"line":376,"column":20}},"111":{"start":{"line":385,"column":22},"end":{"line":387,"column":28}},"112":{"start":{"line":386,"column":19},"end":{"line":386,"column":29}},"113":{"start":{"line":387,"column":16},"end":{"line":387,"column":27}},"114":{"start":{"line":389,"column":28},"end":{"line":389,"column":57}},"115":{"start":{"line":392,"column":27},"end":{"line":392,"column":42}},"116":{"start":{"line":393,"column":4},"end":{"line":400,"column":5}},"117":{"start":{"line":394,"column":33},"end":{"line":395,"column":50}},"118":{"start":{"line":395,"column":28},"end":{"line":395,"column":49}},"119":{"start":{"line":397,"column":6},"end":{"line":399,"column":7}},"120":{"start":{"line":398,"column":8},"end":{"line":398,"column":54}},"121":{"start":{"line":402,"column":4},"end":{"line":406,"column":6}},"122":{"start":{"line":410,"column":4},"end":{"line":413,"column":19}},"123":{"start":{"line":411,"column":19},"end":{"line":411,"column":41}},"124":{"start":{"line":412,"column":16},"end":{"line":412,"column":37}},"125":{"start":{"line":423,"column":19},"end":{"line":427,"column":null}},"126":{"start":{"line":432,"column":26},"end":{"line":432,"column":57}},"127":{"start":{"line":435,"column":19},"end":{"line":435,"column":92}},"128":{"start":{"line":439,"column":4},"end":{"line":441,"column":5}},"129":{"start":{"line":440,"column":6},"end":{"line":440,"column":23}},"130":{"start":{"line":443,"column":32},"end":{"line":446,"column":null}},"131":{"start":{"line":450,"column":22},"end":{"line":450,"column":63}},"132":{"start":{"line":451,"column":26},"end":{"line":451,"column":61}},"133":{"start":{"line":454,"column":25},"end":{"line":454,"column":38}},"134":{"start":{"line":455,"column":4},"end":{"line":460,"column":5}},"135":{"start":{"line":459,"column":6},"end":{"line":459,"column":49}},"136":{"start":{"line":462,"column":4},"end":{"line":470,"column":6}},"137":{"start":{"line":479,"column":17},"end":{"line":479,"column":112}},"138":{"start":{"line":480,"column":4},"end":{"line":480,"column":53}},"139":{"start":{"line":481,"column":4},"end":{"line":481,"column":128}},"140":{"start":{"line":483,"column":4},"end":{"line":485,"column":5}},"141":{"start":{"line":484,"column":6},"end":{"line":484,"column":92}},"142":{"start":{"line":487,"column":4},"end":{"line":487,"column":49}},"143":{"start":{"line":488,"column":4},"end":{"line":490,"colum
[...]
,"end":{"line":146,"column":5}},"18":{"start":{"line":129,"column":25},"end":{"line":129,"column":76}},"19":{"start":{"line":131,"column":6},"end":{"line":145,"column":7}},"20":{"start":{"line":132,"column":25},"end":{"line":132,"column":51}},"21":{"start":{"line":135,"column":8},"end":{"line":137,"column":9}},"22":{"start":{"line":136,"column":10},"end":{"line":136,"column":19}},"23":{"start":{"line":139,"column":8},"end":{"line":144,"column":11}},"24":{"start":{"line":149,"column":4},"end":{"line":151,"column":30}},"25":{"start":{"line":150,"column":22},"end":{"line":150,"column":39}},"26":{"start":{"line":157,"column":22},"end":{"line":157,"column":48}},"27":{"start":{"line":160,"column":15},"end":{"line":160,"column":16}},"28":{"start":{"line":161,"column":4},"end":{"line":164,"column":5}},"29":{"start":{"line":161,"column":17},"end":{"line":161,"column":18}},"30":{"start":{"line":162,"column":6},"end":{"line":162,"column":55}},"31":{"start":{"line":163,"column":6},"end":{"line":163,"column":25}},"32":{"start":{"line":167,"column":17},"end":{"line":167,"column":31}},"33":{"start":{"line":168,"column":4},"end":{"line":170,"column":5}},"34":{"start":{"line":168,"column":17},"end":{"line":168,"column":18}},"35":{"start":{"line":169,"column":6},"end":{"line":169,"column":57}},"36":{"start":{"line":173,"column":4},"end":{"line":173,"column":37}},"37":{"start":{"line":177,"column":14},"end":{"line":177,"column":36}},"38":{"start":{"line":178,"column":4},"end":{"line":178,"column":29}},"39":{"start":{"line":182,"column":22},"end":{"line":183,"column":null}},"40":{"start":{"line":183,"column":34},"end":{"line":183,"column":49}},"41":{"start":{"line":186,"column":4},"end":{"line":186,"column":39}},"42":{"start":{"line":186,"column":25},"end":{"line":186,"column":39}},"43":{"start":{"line":188,"column":4},"end":{"line":188,"column":46}},"44":{"start":{"line":188,"column":29},"end":{"line":188,"column":44}},"45":{"start":{"line":192,"column":4},"end":{"line":194,"column":5}},"46":{"start":{"line":193,"column":6},"end":{"line":193,"column":63}},"47":{"start":{"line":196,"column":21},"end":{"line":196,"column":22}},"48":{"start":{"line":197,"column":21},"end":{"line":197,"column":22}},"49":{"start":{"line":198,"column":21},"end":{"line":198,"column":22}},"50":{"start":{"line":200,"column":4},"end":{"line":204,"column":5}},"51":{"start":{"line":200,"column":17},"end":{"line":200,"column":18}},"52":{"start":{"line":201,"column":6},"end":{"line":201,"column":32}},"53":{"start":{"line":202,"column":6},"end":{"line":202,"column":32}},"54":{"start":{"line":203,"column":6},"end":{"line":203,"column":32}},"55":{"start":{"line":206,"column":4},"end":{"line":206,"column":39}},"56":{"start":{"line":207,"column":4},"end":{"line":207,"column":39}},"57":{"start":{"line":209,"column":4},"end":{"line":211,"column":5}},"58":{"start":{"line":210,"column":6},"end":{"line":210,"column":15}},"59":{"start":{"line":213,"column":4},"end":{"line":213,"column":50}},"60":{"start":{"line":220,"column":4},"end":{"line":224,"column":5}},"61":{"start":{"line":221,"column":6},"end":{"line":223,"column":7}},"62":{"start":{"line":222,"column":8},"end":{"line":222,"column":21}},"63":{"start":{"line":225,"column":4},"end":{"line":225,"column":16}},"64":{"start":{"line":232,"column":21},"end":{"line":232,"column":43}},"65":{"start":{"line":233,"column":4},"end":{"line":235,"column":5}},"66":{"start":{"line":234,"column":6},"end":{"line":234,"column":50}},"67":{"start":{"line":237,"column":17},"end":{"line":237,"column":47}},"68":{"start":{"line":239,"column":4},"end":{"line":242,"column":5}},"69":{"start":{"line":240,"column":6},"end":{"line":240,"column":72}},"70":{"start":{"line":241,"column":6},"end":{"line":241,"column":49}},"71":{"start":{"line":244,"column":4},"end":{"line":244,"column":36}},"72":{"start":{"line":248,"column":4},"end":{"line":248,"column":30}},"73":{"start":{"line":249,"column":4},"end":{"line":249,"column":31}},"74":{"start":{"line":256,"column":22},"end":{"line":256,"column":53}},"75":{"start":{"line":257,"column":4},"end":{"line":259,"column":5}},"76":{"start":{"line":258,"column":6},"end":{"line":258,"column":58}},"77":{"start":{"line":261,"column":4},"end":{"line":264,"column":7}},"78":{"start":{"line":269,"column":23},"end":{"line":272,"column":null}},"79":{"start":{"line":271,"column":8},"end":{"line":271,"column":92}},"80":{"start":{"line":275,"column":4},"end":{"line":279,"column":7}},"81":{"start":{"line":276,"column":6},"end":{"line":276,"column":40}},"82":{"start":{"line":277,"column":6},"end":{"line":277,"column":38}},"83":{"start":{"line":278,"column":6},"end":{"line":278,"column":49}},"84":{"start":{"line":288,"column":4},"end":{"line":292,"column":6}},"85":{"start":{"line":296,"column":4},"end":{"line":296,"column":40}},"86":{"start":{"line":300,"column":4},"end":{"line":304,"column":7}},"87":{"start":{"line":26,"column":0},"end":{"line":26,"column":13}}},"fnMap":{"0":{"name":"(anonymous_0)","decl":{"start":{"line":26,"column":0},"end":{"line":26,"column":13}},"loc":{"start":{"line":26,"column":0},"end":{"line":306,"column":1}}},"1":{"name":"(anonymous_1)","decl":{"start":{"line":32,"column":2},"end":{"line":32,"column":7}},"loc":{"start":{"line":32,"column":18},"end":{"line":37,"column":3}}},"2":{"name":"(anonymous_2)","decl":{"start":{"line":39,"column":10},"end":{"line":39,"column":15}},"loc":{"start":{"line":39,"column":36},"end":{"line":106,"column":3}}},"3":{"name":"(anonymous_3)","decl":{"start":{"line":108,"column":2},"end":{"line":108,"column":7}},"loc":{"start":{"line":108,"column":44},"end":{"line":115,"column":3}}},"4":{"name":"(anonymous_4)","decl":{"start":{"line":117,"column":2},"end":{"line":117,"column":7}},"loc":{"start":{"line":119,"column":32},"end":{"line":152,"column":3}}},"5":{"name":"(anonymous_5)","decl":{"start":{"line":150,"column":12},"end":{"line":150,"column":13}},"loc":{"start":{"line":150,"column":22},"end":{"line":150,"column":39}}},"6":{"name":"(anonymous_6)","decl":{"start":{"line":154,"column":2},"end":{"line":154,"column":7}},"loc":{"start":{"line":154,"column":38},"end":{"line":174,"column":3}}},"7":{"name":"(anonymous_7)","decl":{"start":{"line":176,"column":10},"end":{"line":176,"column":22}},"loc":{"start":{"line":176,"column":35},"end":{"line":179,"column":3}}},"8":{"name":"(anonymous_8)","decl":{"start":{"line":181,"column":10},"end":{"line":181,"column":19}},"loc":{"start":{"line":181,"column":36},"end":{"line":189,"column":3}}},"9":{"name":"(anonymous_9)","decl":{"start":{"line":183,"column":20},"end":{"line":183,"column":21}},"loc":{"start":{"line":183,"column":34},"end":{"line":183,"column":49}}},"10":{"name":"(anonymous_10)","decl":{"start":{"line":188,"column":22},"end":{"line":188,"column":25}},"loc":{"start":{"line":188,"column":29},"end":{"line":188,"column":44}}},"11":{"name":"(anonymous_11)","decl":{"start":{"line":191,"column":10},"end":{"line":191,"column":26}},"loc":{"start":{"line":191,"column":51},"end":{"line":214,"column":3}}},"12":{"name":"(anonymous_12)","decl":{"start":{"line":216,"column":10},"end":{"line":216,"column":24}},"loc":{"start":{"line":218,"column":32},"end":{"line":226,"column":3}}},"13":{"name":"(anonymous_13)","decl":{"start":{"line":228,"column":2},"end":{"line":228,"column":7}},"loc":{"start":{"line":230,"column":36},"end":{"line":245,"column":3}}},"14":{"name":"(anonymous_14)","decl":{"start":{"line":247,"column":2},"end":{"line":247,"column":7}},"loc":{"start":{"line":247,"column":33},"end":{"line":250,"column":3}}},"15":{"name":"(anonymous_15)","decl":{"start":{"line":252,"column":2},"end":{"line":252,"column":7}},"loc":{"start":{"line":254,"column":51},"end":{"line":265,"column":3}}},"16":{"name":"(anonymous_16)","decl":{"start":{"line":268,"column":2},"end":{"line":268,"column":7}},"loc":{"start":{"line":268,"column":53},"end":{"line":280,"column":3}}},"17":{"name":"(anonymous_17)","decl":{"start":{"line":270,"column":20},"end":{"line":270,"column":23}},"loc":{"start":{"line":271,"column":8},"end":{"line":271,"column":92}}},"18":{"name":"(anonymous_18)","decl":{"start":{"line":275,"column":22},"end":{"line":275,"column":23}},"loc":{"start":{"line":275,"column":37},"end":{"line":279,"column":5}}},"19":{"name":"(anonymous_19)","decl":{"start":{"line":283,"column":2},"end":{"line":283,"column":10}},"loc":{"start":{"line":283,"column":10},"end":{"line":293,"column":3}}},"20":{"name":"(anonymous_20)","decl":{"start":{"line":295,"column":2},"end":{"line":295,"column":7}},"loc":{"start":{"line":295,"column":34},"end":{"line":297,"column":3}}},"21":{"name":"(anonymous_21)","decl":{"start":{"line":299,"column":2},"end":{"line":299,"column":7}},"loc":{"start":{"line":299,"column":74},"end":{"line":305,"column":3}}}},"branchMap":{"0":{"loc":{"start":{"line":109,"column":4},"end":{"line":111,"column":5}},"type":"if","locations":[{"start":{"line":109,"column":4},"end":{"line":111,"column":5}}]},"1":{"loc":{"start":{"line":121,"column":4},"end":{"line":123,"column":5}},"type":"if","locations":[{"start":{"line":121,"column":4},"end":{"line":123,"column":5}}]},"2":{"loc":{"start":{"line":131,"column":6},"end":{"line":145,"column":7}},"type":"if","locations":[{"start":{"line":131,"column":6},"end":{"line":145,"column":7}}]},"3":{"loc":{"start":{"line":135,"column":8},"end":{"line":137,"column":9}},"type":"if","locations":[{"start":{"line":135,"column":8},"end":{"line":137,"column":9}}]},"4":{"loc":{"start":{"line":135,"column":12},"end":{"line":135,"column":78}},"type":"binary-expr","locations":[{"start":{"line":135,"column":12},"end":{"line":135,"column":27}},{"start":{"line":135,"column":31},"end":{"line":135,"column":78}}]},"5":{"loc":{"start":{"line":186,"column":4},"end":{"line":186,"column":39}},"type":"if","locations":[{"start":{"line":186,"column":4},"end":{"line":186,"column":39}}]},"6":{"loc":{"start":{"line":192,"column":4},"end":{"line":194,"column":5}},"type":"if","locations":[{"start":{"line":192,"column":4},"end":{"line":194,"column":5}}]},"7":{"loc":{"start":{"line":209,"column":4},"end":{"line":211,"column":5}},"type":"if","locations":[{"start":{"line":209,"column":4},"end":{"line":211,"column":5}}]},"8":{"loc":{"start":{"line":209,"column":8},"end":{"line":209,"column":44}},"type":"binary-expr","locations":[{"start":{"line":209,"column":8},"end":{"line":209,"column":24}},{"start":{"line":209,"column":28},"end":{"line":209,"column":44}}]},"9":{"loc":{"start":{"line":221,"column":6},"end":{"line":223,"column":7}},"type":"if","locations":[{"start":{"line":221,"column":6},"end":{"line":223,"column":7}}]},"10":{"loc":{"start":{"line":233,"column":4},"end":{"line":235,"column":5}},"type":"if","locations":[{"start":{"line":233,"column":4},"end":{"line":235,"column":5}}]},"11":{"loc":{"start":{"line":239,"column":4},"end":{"line":242,"column":5}},"type":"if","locations":[{"start":{"line":239,"column":4},"end":{"line":242,"column":5}}]},"12":{"loc":{"start":{"line":239,"column":8},"end":{"line":239,"column":63}},"type":"binary-expr","locations":[{"start":{"line":239,"column":8},"end":{"line":239,"column":23}},{"start":{"line":239,"column":27},"end":{"line":239,"column":63}}]},"13":{"loc":{"start":{"line":257,"column":4},"end":{"line":259,"column":5}},"type":"if","locations":[{"start":{"line":257,"column":4},"end":{"line":259,"column":5}}]},"14":{"loc":{"start":{"line":271,"column":8},"end":{"line":271,"column":92}},"type":"cond-expr","locations":[{"start":{"line":271,"column":24},"end":{"line":271,"column":54}},{"start":{"line":271,"column":57},"end":{"line":271,"column":92}}]}},"s":{"0":18,"1":18,"2":18,"3":18,"4":18,"5":18,"6":18,"7":18,"8":90,"9":90,"10":90,"11":0,"12":90,"13":90,"14":14,"15":0,"16":14,"17":14,"18":70,"19":70,"20":35,"21":35,"22":34,"23":1,"24":14,"25":0,"26":104,"27":104,"28":104,"29":104,"30":19527,"31":19527,"32":104,"33":104,"34":104,"35":79872,"36":104,"37":79872,"38":79872,"39":104,"40":79872,"41":104,"42":0,"43":104,"44":79872,"45":70,"46":0,"47":70,"48":70,"49":70,"50":70,"51":70,"52":53760,"53":53760,"54":53760,"55":70,"56":70,"57":70,"58":0,"59":70,"60":35,"61":35,"62":34,"63":1,"64":0,"65":0,"66":0,"67":0,"68":0,"69":0,"70":0,"71":0,"72":0,"73":0,"74":0,"75":0,"76":0,"77":0,"78":0,"79":0,"80":0,"81":0,"82":0,"83":0,"84":0,"85":14,"86":14,"87":1},"f":{"0":18,"1":18,"2":18,"3":90,"4":14,"5":0,"6":104,"7":79872,"8":104,"9":79872,"10":79872,"11":70,"12":35,"13":0,"14":0,"15":0,"16":0,"17":0,"18":0,"19":0,"20":14,"21":14},"b":{"0":[0],"1":[0],"2":[35],"3":[34],"4":[35,35],"5":[0],"6":[0],"7":[0],"8":[70,70],"9":[34],"10":[0],"11":[0],"12":[0,0],"13":[0],"14":[0,0]}}
,"/Users/abhilashchadhar/uncloud/savitri/backend/persistence/db.ts": {"path":"/Users/abhilashchadhar/uncloud/savitri/backend/persistence/db.ts","statementMap":{"0":{"start":{"line":1,"column":0},"end":{"line":1,"column":32}},"1":{"start":{"line":3,"column":25},"end":{"line":12,"column":1}},"2":{"start":{"line":4,"column":2},"end":{"line":11,"column":3}},"3":{"start":{"line":5,"column":4},"end":{"line":5,"column":58}},"4":{"start":{"line":6,"column":4},"end":{"line":6,"column":40}},"5":{"start":{"line":8,"column":4},"end":{"line":8,"column":31}},"6":{"start":{"line":10,"column":4},"end":{"line":10,"column":20}},"7":{"start":{"line":3,"column":13},"end":{"line":3,"column":25}}},"fnMap":{"0":{"name":"(anonymous_1)","decl":{"start":{"line":3,"column":25},"end":{"line":3,"column":30}},"loc":{"start":{"line":3,"column":36},"end":{"line":12,"column":1}}}},"branchMap":{},"s":{"0":0,"1":0,"2":0,"3":0,"4":0,"5":0,"6":0,"7":0},"f":{"0":0},"b":{}}
,"/Users/abhilashchadhar/uncloud/savitri/backend/persistence/models/Interaction.ts": {"path":"/Users/abhilashchadhar/uncloud/savitri/backend/persistence/models/Interaction.ts","statementMap":{"0":{"start":{"line":1,"column":0},"end":{"line":1,"column":54}},"1":{"start":{"line":12,"column":34},"end":{"line":34,"column":2}},"2":{"start":{"line":36,"column":0},"end":{"line":36,"column":78}}},"fnMap":{},"branchMap":{},"s":{"0":1,"1":1,"2":1},"f":{},"b":{}}
,"/Users/abhilashchadhar/uncloud/savitri/backend/persistence/models/Session.ts": {"path":"/Users/abhilashchadhar/uncloud/savitri/backend/persistence/models/Session.ts","statementMap":{"0":{"start":{"line":1,"column":0},"end":{"line":1,"column":54}},"1":{"start":{"line":10,"column":30},"end":{"line":29,"column":2}},"2":{"start":{"line":31,"column":0},"end":{"line":31,"column":66}}},"fnMap":{},"branchMap":{},"s":{"0":1,"1":1,"2":1},"f":{},"b":{}}
,"/Users/abhilashchadhar/uncloud/savitri/backend/persistence/models/User.ts": {"path":"/Users/abhilashchadhar/uncloud/savitri/backend/persistence/models/User.ts","statementMap":{"0":{"start":{"line":1,"column":0},"end":{"line":1,"column":54}},"1":{"start":{"line":10,"column":27},"end":{"line":29,"column":2}},"2":{"start":{"line":31,"column":0},"end":{"line":31,"column":57}}},"fnMap":{},"branchMap":{},"s":{"0":1,"1":1,"2":1},"f":{},"b":{}}
,"/Users/abhilashchadhar/uncloud/savitri/backend/security/audit-logger.ts": {"path":"/Users/abhilashchadhar/uncloud/savitri/backend/security/audit-logger.ts","statementMap":{"0":{"start":{"line":1,"column":0},"end":{"line":1,"column":null}},"1":{"start":{"line":2,"column":2},"end":{"line":2,"column":null}},"2":{"start":{"line":3,"column":2},"end":{"line":3,"column":null}},"3":{"start":{"line":4,"column":2},"end":{"line":4,"column":null}},"4":{"start":{"line":16,"column":4},"end":{"line":16,"column":37}},"5":{"start":{"line":14,"column":0},"end":{"line":14,"column":13}}},"fnMap":{"0":{"name":"(anonymous_0)","decl":{"start":{"line":1,"column":0},"end":{"line":1,"column":12}},"loc":{"start":{"line":1,"column":22},"end":{"line":5,"column":1}}},"1":{"name":"(anonymous_1)","decl":{"start":{"line":15,"column":2},"end":{"line":15,"column":5}},"loc":{"start":{"line":15,"column":19},"end":{"line":17,"column":3}}}},"branchMap":{"0":{"loc":{"start":{"line":1,"column":12},"end":{"line":1,"column":null}},"type":"binary-expr","locations":[{"start":{"line":1,"column":12},"end":{"line":1,"column":22}},{"start":{"line":1,"column":22},"end":{"line":1,"column":null}}]}},"s":{"0":1,"1":1,"2":1,"3":1,"4":0,"5":1},"f":{"0":1,"1":0},"b":{"0":[1,1]}}
,"/Users/abhilashchadhar/uncloud/savitri/backend/security/hipaa-compliance.ts": {"path":"/Users/abhilashchadhar/uncloud/savitri/backend/security/hipaa-compliance.ts","statementMap":{"0":{"start":{"line":1,"column":0},"end":{"line":1,"column":57}},"1":{"start":{"line":2,"column":0},"end":{"line":2,"column":53}},"2":{"start":{"line":5,"column":10},"end":{"line":5,"column":37}},"3":{"start":{"line":9,"column":4},"end":{"line":9,"column":52}},"4":{"start":{"line":13,"column":26},"end":{"line":13,"column":55}},"5":{"start":{"line":14,"column":4},"end":{"line":19,"column":7}},"6":{"start":{"line":20,"column":4},"end":{"line":20,"column":25}},"7":{"start":{"line":24,"column":26},"end":{"line":24,"column":55}},"8":{"start":{"line":25,"column":4},"end":{"line":30,"column":7}},"9":{"start":{"line":31,"column":4},"end":{"line":31,"column":25}},"10":{"start":{"line":4,"column":0},"end":{"line":4,"column":13}}},"fnMap":{"0":{"name":"(anonymous_0)","decl":{"start":{"line":8,"column":2},"end":{"line":8,"column":14}},"loc":{"start":{"line":8,"column":30},"end":{"line":10,"column":3}}},"1":{"name":"(anonymous_1)","decl":{"start":{"line":12,"column":2},"end":{"line":12,"column":15}},"loc":{"start":{"line":12,"column":44},"end":{"line":21,"column":3}}},"2":{"name":"(anonymous_2)","decl":{"start":{"line":23,"column":2},"end":{"line":23,"column":15}},"loc":{"start":{"line":23,"column":44},"end":{"line":32,"column":3}}}},"branchMap":{},"s":{"0":1,"1":1,"2":1,"3":1,"4":1,"5":1,"6":1,"7":1,"8":1,"9":1,"10":1},"f":{"0":1,"1":1,"2":1},"b":{}}
,"/Users/abhilashchadhar/uncloud/savitri/backend/security/hipaa-encryption.ts": {"path":"/Users/abhilashchadhar/uncloud/savitri/backend/security/hipaa-encryption.ts","statementMap":{"0":{"start":{"line":1,"column":0},"end":{"line":1,"column":33}},"1":{"start":{"line":3,"column":18},"end":{"line":3,"column":31}},"2":{"start":{"line":4,"column":18},"end":{"line":4,"column":20}},"3":{"start":{"line":5,"column":20},"end":{"line":5,"column":22}},"4":{"start":{"line":6,"column":19},"end":{"line":6,"column":21}},"5":{"start":{"line":7,"column":19},"end":{"line":7,"column":21}},"6":{"start":{"line":8,"column":26},"end":{"line":8,"column":32}},"7":{"start":{"line":14,"column":4},"end":{"line":14,"column":92}},"8":{"start":{"line":18,"column":15},"end":{"line":18,"column":44}},"9":{"start":{"line":19,"column":19},"end":{"line":19,"column":65}},"10":{"start":{"line":20,"column":22},"end":{"line":20,"column":82}},"11":{"start":{"line":21,"column":16},"end":{"line":21,"column":35}},"12":{"start":{"line":22,"column":4},"end":{"line":22,"column":63}},"13":{"start":{"line":26,"column":19},"end":{"line":26,"column":43}},"14":{"start":{"line":27,"column":15},"end":{"line":27,"column":41}},"15":{"start":{"line":28,"column":16},"end":{"line":28,"column":63}},"16":{"start":{"line":29,"column":22},"end":{"line":29,"column":58}},"17":{"start":{"line":30,"column":21},"end":{"line":30,"column":69}},"18":{"start":{"line":31,"column":4},"end":{"line":31,"column":29}},"19":{"start":{"line":32,"column":4},"end":{"line":32,"column":94}},"20":{"start":{"line":10,"column":0},"end":{"line":10,"column":13}}},"fnMap":{"0":{"name":"(anonymous_9)","decl":{"start":{"line":13,"column":2},"end":{"line":13,"column":14}},"loc":{"start":{"line":13,"column":30},"end":{"line":15,"column":3}}},"1":{"name":"(anonymous_10)","decl":{"start":{"line":17,"column":2},"end":{"line":17,"column":9}},"loc":{"start":{"line":17,"column":22},"end":{"line":23,"column":3}}},"2":{"name":"(anonymous_11)","decl":{"start":{"line":25,"column":2},"end":{"line":25,"column":9}},"loc":{"start":{"line":25,"column":22},"end":{"line":33,"column":3}}}},"branchMap":{},"s":{"0":1,"1":1,"2":1,"3":1,"4":1,"5":1,"6":1,"7":1,"8":1,"9":1,"10":1,"11":1,"12":1,"13":1,"14":1,"15":1,"16":1,"17":1,"18":1,"19":1,"20":1},"f":{"0":1,"1":1,"2":1},"b":{}}
}
