TN:
SF:src/audit/security-tests/automated-security-audit.ts
FN:30,(anonymous_1)
FN:35,(anonymous_2)
FN:39,(anonymous_3)
FN:59,(anonymous_4)
FN:133,(anonymous_5)
FN:171,(anonymous_6)
FN:199,(anonymous_7)
FN:264,(anonymous_8)
FN:303,(anonymous_9)
FN:339,(anonymous_10)
FN:367,(anonymous_11)
FN:382,(anonymous_12)
FN:417,(anonymous_13)
FN:432,(anonymous_14)
FN:482,(anonymous_15)
FN:525,(anonymous_16)
FN:530,(anonymous_17)
FN:584,(anonymous_18)
FN:605,(anonymous_19)
FN:643,(anonymous_20)
FN:703,(anonymous_21)
FN:720,(anonymous_22)
FN:732,(anonymous_23)
FN:752,(anonymous_24)
FN:753,(anonymous_25)
FN:754,(anonymous_26)
FN:755,(anonymous_27)
FN:756,(anonymous_28)
FN:780,runSecurityAudit
FNF:29
FNH:0
FNDA:0,(anonymous_1)
FNDA:0,(anonymous_2)
FNDA:0,(anonymous_3)
FNDA:0,(anonymous_4)
FNDA:0,(anonymous_5)
FNDA:0,(anonymous_6)
FNDA:0,(anonymous_7)
FNDA:0,(anonymous_8)
FNDA:0,(anonymous_9)
FNDA:0,(anonymous_10)
FNDA:0,(anonymous_11)
FNDA:0,(anonymous_12)
FNDA:0,(anonymous_13)
FNDA:0,(anonymous_14)
FNDA:0,(anonymous_15)
FNDA:0,(anonymous_16)
FNDA:0,(anonymous_17)
FNDA:0,(anonymous_18)
FNDA:0,(anonymous_19)
FNDA:0,(anonymous_20)
FNDA:0,(anonymous_21)
FNDA:0,(anonymous_22)
FNDA:0,(anonymous_23)
FNDA:0,(anonymous_24)
FNDA:0,(anonymous_25)
FNDA:0,(anonymous_26)
FNDA:0,(anonymous_27)
FNDA:0,(anonymous_28)
FNDA:0,runSecurityAudit
DA:1,0
DA:25,0
DA:28,0
DA:31,0
DA:32,0
DA:35,0
DA:40,0
DA:43,0
DA:44,0
DA:45,0
DA:46,0
DA:47,0
DA:48,0
DA:49,0
DA:50,0
DA:51,0
DA:52,0
DA:53,0
DA:54,0
DA:56,0
DA:60,0
DA:63,0
DA:65,0
DA:66,0
DA:72,0
DA:73,0
DA:81,0
DA:86,0
DA:91,0
DA:96,0
DA:97,0
DA:107,0
DA:108,0
DA:110,0
DA:111,0
DA:116,0
DA:117,0
DA:118,0
DA:122,0
DA:123,0
DA:134,0
DA:136,0
DA:149,0
DA:155,0
DA:156,0
DA:159,0
DA:160,0
DA:161,0
DA:162,0
DA:164,0
DA:168,0
DA:169,0
DA:171,0
DA:172,0
DA:180,0
DA:184,0
DA:185,0
DA:193,0
DA:200,0
DA:202,0
DA:216,0
DA:217,0
DA:219,0
DA:220,0
DA:228,0
DA:233,0
DA:234,0
DA:235,0
DA:236,0
DA:242,0
DA:244,0
DA:248,0
DA:249,0
DA:257,0
DA:265,0
DA:267,0
DA:275,0
DA:285,0
DA:286,0
DA:287,0
DA:289,0
DA:290,0
DA:297,0
DA:304,0
DA:306,0
DA:307,0
DA:310,0
DA:316,0
DA:317,0
DA:327,0
DA:328,0
DA:340,0
DA:342,0
DA:352,0
DA:359,0
DA:360,0
DA:361,0
DA:364,0
DA:365,0
DA:367,0
DA:368,0
DA:376,0
DA:383,0
DA:385,0
DA:396,0
DA:402,0
DA:403,0
DA:405,0
DA:406,0
DA:407,0
DA:414,0
DA:415,0
DA:417,0
DA:418,0
DA:426,0
DA:433,0
DA:435,0
DA:452,0
DA:453,0
DA:455,0
DA:456,0
DA:464,0
DA:469,0
DA:477,0
DA:483,0
DA:486,0
DA:500,0
DA:501,0
DA:503,0
DA:504,0
DA:511,0
DA:513,0
DA:520,0
DA:526,0
DA:529,0
DA:530,0
DA:533,0
DA:534,0
DA:544,0
DA:545,0
DA:547,0
DA:552,0
DA:556,0
DA:557,0
DA:568,0
DA:572,0
DA:574,0
DA:585,0
DA:588,0
DA:591,0
DA:592,0
DA:602,0
DA:603,0
DA:604,0
DA:605,0
DA:606,0
DA:617,0
DA:618,0
DA:619,0
DA:623,0
DA:624,0
DA:629,0
DA:630,0
DA:631,0
DA:632,0
DA:644,0
DA:646,0
DA:647,0
DA:650,0
DA:651,0
DA:658,0
DA:660,0
DA:670,0
DA:671,0
DA:672,0
DA:676,0
DA:677,0
DA:682,0
DA:683,0
DA:684,0
DA:687,0
DA:688,0
DA:692,0
DA:693,0
DA:703,0
DA:704,0
DA:708,0
DA:709,0
DA:721,0
DA:722,0
DA:726,0
DA:728,0
DA:734,0
DA:735,0
DA:737,0
DA:738,0
DA:741,0
DA:742,0
DA:744,0
DA:745,0
DA:746,0
DA:749,0
DA:753,0
DA:754,0
DA:755,0
DA:756,0
DA:759,0
DA:760,0
DA:761,0
DA:762,0
DA:763,0
DA:765,0
DA:780,0
DA:781,0
DA:782,0
LF:215
LH:0
BRDA:72,0,0,0
BRDA:96,1,0,0
BRDA:96,2,0,0
BRDA:96,2,1,0
BRDA:116,3,0,0
BRDA:116,4,0,0
BRDA:116,4,1,0
BRDA:116,4,2,0
BRDA:122,5,0,0
BRDA:159,6,0,0
BRDA:159,6,1,0
BRDA:171,7,0,0
BRDA:184,8,0,0
BRDA:184,9,0,0
BRDA:184,9,1,0
BRDA:184,9,2,0
BRDA:219,10,0,0
BRDA:219,11,0,0
BRDA:219,11,1,0
BRDA:234,12,0,0
BRDA:242,13,0,0
BRDA:248,14,0,0
BRDA:248,15,0,0
BRDA:248,15,1,0
BRDA:289,16,0,0
BRDA:307,17,0,0
BRDA:327,18,0,0
BRDA:327,19,0,0
BRDA:327,19,1,0
BRDA:367,20,0,0
BRDA:403,21,0,0
BRDA:417,22,0,0
BRDA:453,23,0,0
BRDA:464,24,0,0
BRDA:464,25,0,0
BRDA:464,25,1,0
BRDA:464,25,2,0
BRDA:464,25,3,0
BRDA:464,25,4,0
BRDA:501,26,0,0
BRDA:511,27,0,0
BRDA:511,28,0,0
BRDA:511,28,1,0
BRDA:511,28,2,0
BRDA:533,29,0,0
BRDA:545,30,0,0
BRDA:556,31,0,0
BRDA:556,32,0,0
BRDA:556,32,1,0
BRDA:572,33,0,0
BRDA:572,34,0,0
BRDA:572,34,1,0
BRDA:572,34,2,0
BRDA:591,35,0,0
BRDA:591,36,0,0
BRDA:591,36,1,0
BRDA:603,37,0,0
BRDA:605,38,0,0
BRDA:623,39,0,0
BRDA:629,40,0,0
BRDA:631,41,0,0
BRDA:647,42,0,0
BRDA:658,43,0,0
BRDA:658,44,0,0
BRDA:658,44,1,0
BRDA:676,45,0,0
BRDA:687,46,0,0
BRDA:692,47,0,0
BRDA:708,48,0,0
BRDA:726,49,0,0
BRDA:726,49,1,0
BRDA:738,50,0,0
BRDA:738,50,1,0
BRDA:759,51,0,0
BRDA:759,51,1,0
BRDA:760,52,0,0
BRDA:760,52,1,0
BRDA:761,53,0,0
BRDA:761,53,1,0
BRDA:762,54,0,0
BRDA:762,54,1,0
BRF:81
BRH:0
end_of_record
TN:
SF:src/audit/security-tests/run-compliance-audit.ts
FN:19,(anonymous_9)
FN:23,(anonymous_10)
FN:67,(anonymous_11)
FN:81,(anonymous_12)
FN:83,(anonymous_13)
FN:84,(anonymous_14)
FN:88,(anonymous_15)
FN:89,(anonymous_16)
FN:117,(anonymous_17)
FN:124,(anonymous_18)
FN:128,(anonymous_19)
FN:132,(anonymous_20)
FN:139,(anonymous_21)
FN:180,(anonymous_22)
FN:290,(anonymous_23)
FN:314,(anonymous_24)
FN:327,(anonymous_25)
FN:343,(anonymous_26)
FN:348,(anonymous_27)
FNF:19
FNH:0
FNDA:0,(anonymous_9)
FNDA:0,(anonymous_10)
FNDA:0,(anonymous_11)
FNDA:0,(anonymous_12)
FNDA:0,(anonymous_13)
FNDA:0,(anonymous_14)
FNDA:0,(anonymous_15)
FNDA:0,(anonymous_16)
FNDA:0,(anonymous_17)
FNDA:0,(anonymous_18)
FNDA:0,(anonymous_19)
FNDA:0,(anonymous_20)
FNDA:0,(anonymous_21)
FNDA:0,(anonymous_22)
FNDA:0,(anonymous_23)
FNDA:0,(anonymous_24)
FNDA:0,(anonymous_25)
FNDA:0,(anonymous_26)
FNDA:0,(anonymous_27)
DA:3,0
DA:4,0
DA:5,0
DA:6,0
DA:7,0
DA:20,0
DA:24,0
DA:25,0
DA:26,0
DA:27,0
DA:28,0
DA:29,0
DA:31,0
DA:33,0
DA:34,0
DA:38,0
DA:39,0
DA:42,0
DA:43,0
DA:46,0
DA:49,0
DA:52,0
DA:53,0
DA:57,0
DA:60,0
DA:62,0
DA:63,0
DA:68,0
DA:70,0
DA:71,0
DA:72,0
DA:74,0
DA:75,0
DA:77,0
DA:82,0
DA:83,0
DA:84,0
DA:87,0
DA:88,0
DA:89,0
DA:92,0
DA:95,0
DA:118,0
DA:120,0
DA:121,0
DA:124,0
DA:125,0
DA:128,0
DA:129,0
DA:132,0
DA:133,0
DA:136,0
DA:144,0
DA:147,0
DA:151,0
DA:152,0
DA:155,0
DA:159,0
DA:160,0
DA:163,0
DA:167,0
DA:168,0
DA:171,0
DA:172,0
DA:176,0
DA:177,0
DA:181,0
DA:290,0
DA:314,0
DA:327,0
DA:345,0
DA:349,0
DA:350,0
DA:351,0
DA:352,0
DA:353,0
DA:354,0
DA:355,0
DA:356,0
DA:357,0
DA:359,0
DA:360,0
DA:361,0
DA:364,0
DA:369,0
DA:370,0
DA:377,0
DA:378,0
DA:381,0
LF:89
LH:0
BRDA:33,0,0,0
BRDA:52,1,0,0
BRDA:52,2,0,0
BRDA:52,2,1,0
BRDA:60,3,0,0
BRDA:60,3,1,0
BRDA:92,4,0,0
BRDA:92,4,1,0
BRDA:97,5,0,0
BRDA:97,5,1,0
BRDA:120,6,0,0
BRDA:124,7,0,0
BRDA:128,8,0,0
BRDA:132,9,0,0
BRDA:267,10,0,0
BRDA:267,10,1,0
BRDA:268,11,0,0
BRDA:268,11,1,0
BRDA:278,12,0,0
BRDA:278,12,1,0
BRDA:292,13,0,0
BRDA:292,13,1,0
BRDA:294,14,0,0
BRDA:294,14,1,0
BRDA:295,15,0,0
BRDA:295,15,1,0
BRDA:302,16,0,0
BRDA:302,16,1,0
BRDA:316,17,0,0
BRDA:316,17,1,0
BRDA:318,18,0,0
BRDA:318,18,1,0
BRDA:319,19,0,0
BRDA:319,19,1,0
BRDA:345,20,0,0
BRDA:345,20,1,0
BRDA:345,21,0,0
BRDA:345,21,1,0
BRDA:352,22,0,0
BRDA:352,22,1,0
BRDA:359,23,0,0
BRDA:369,24,0,0
BRDA:371,25,0,0
BRDA:371,25,1,0
BRDA:372,26,0,0
BRDA:372,26,1,0
BRDA:373,27,0,0
BRDA:373,27,1,0
BRDA:374,28,0,0
BRDA:374,28,1,0
BRDA:374,29,0,0
BRDA:374,29,1,0
BRDA:374,30,0,0
BRDA:374,30,1,0
BRF:54
BRH:0
end_of_record
TN:
SF:src/security/index.ts
FN:1,(anonymous_0)
FN:1,(anonymous_1)
FNF:2
FNH:0
FNDA:0,(anonymous_0)
FNDA:0,(anonymous_1)
DA:1,0
LF:1
LH:0
BRF:0
BRH:0
end_of_record
