TN:
SF:clinical/crisis-detector.ts
FN:3,(anonymous_0)
FN:9,(anonymous_1)
FNF:2
FNH:2
FNDA:68,(anonymous_0)
FNDA:210,(anonymous_1)
DA:3,3
DA:4,68
DA:10,210
DA:11,210
DA:14,210
DA:15,2100
DA:16,104
DA:21,210
DA:22,55
DA:24,210
DA:25,7
DA:29,210
LF:12
LH:12
BRDA:15,0,0,104
BRDA:21,1,0,55
BRDA:21,2,0,210
BRDA:21,2,1,71
BRDA:24,3,0,7
BRDA:24,4,0,210
BRDA:24,4,1,11
BRF:7
BRH:7
end_of_record
TN:
SF:clinical/enhanced-emotion-analyzer.ts
FN:4,(anonymous_0)
FN:17,(anonymous_1)
FNF:2
FNH:1
FNDA:1,(anonymous_0)
FNDA:0,(anonymous_1)
DA:3,1
DA:7,1
DA:20,0
LF:3
LH:2
BRF:0
BRH:0
end_of_record
TN:
SF:clinical/hybrid-therapeutic-engine-fixed.ts
FN:34,(anonymous_0)
FN:41,(anonymous_1)
FN:53,(anonymous_2)
FN:94,(anonymous_3)
FN:124,(anonymous_4)
FN:136,(anonymous_5)
FN:141,(anonymous_6)
FN:144,(anonymous_7)
FN:149,(anonymous_8)
FN:152,(anonymous_9)
FN:157,(anonymous_10)
FN:160,(anonymous_11)
FN:165,(anonymous_12)
FN:168,(anonymous_13)
FN:170,(anonymous_14)
FN:175,(anonymous_15)
FN:194,(anonymous_16)
FN:197,(anonymous_17)
FN:228,(anonymous_18)
FN:257,(anonymous_19)
FN:263,(anonymous_20)
FN:268,(anonymous_21)
FN:273,(anonymous_22)
FN:278,(anonymous_23)
FN:291,(anonymous_24)
FN:299,(anonymous_25)
FN:313,(anonymous_26)
FN:339,(anonymous_27)
FN:365,(anonymous_28)
FN:372,(anonymous_29)
FN:373,(anonymous_30)
FN:381,(anonymous_31)
FN:395,(anonymous_32)
FN:397,(anonymous_33)
FN:398,(anonymous_34)
FN:402,(anonymous_35)
FN:451,(anonymous_36)
FN:466,(anonymous_37)
FN:475,(anonymous_38)
FN:486,(anonymous_39)
FN:515,(anonymous_40)
FN:538,(anonymous_41)
FNF:42
FNH:0
FNDA:0,(anonymous_0)
FNDA:0,(anonymous_1)
FNDA:0,(anonymous_2)
FNDA:0,(anonymous_3)
FNDA:0,(anonymous_4)
FNDA:0,(anonymous_5)
FNDA:0,(anonymous_6)
FNDA:0,(anonymous_7)
FNDA:0,(anonymous_8)
FNDA:0,(anonymous_9)
FNDA:0,(anonymous_10)
FNDA:0,(anonymous_11)
FNDA:0,(anonymous_12)
FNDA:0,(anonymous_13)
FNDA:0,(anonymous_14)
FNDA:0,(anonymous_15)
FNDA:0,(anonymous_16)
FNDA:0,(anonymous_17)
FNDA:0,(anonymous_18)
FNDA:0,(anonymous_19)
FNDA:0,(anonymous_20)
FNDA:0,(anonymous_21)
FNDA:0,(anonymous_22)
FNDA:0,(anonymous_23)
FNDA:0,(anonymous_24)
FNDA:0,(anonymous_25)
FNDA:0,(anonymous_26)
FNDA:0,(anonymous_27)
FNDA:0,(anonymous_28)
FNDA:0,(anonymous_29)
FNDA:0,(anonymous_30)
FNDA:0,(anonymous_31)
FNDA:0,(anonymous_32)
FNDA:0,(anonymous_33)
FNDA:0,(anonymous_34)
FNDA:0,(anonymous_35)
FNDA:0,(anonymous_36)
FNDA:0,(anonymous_37)
FNDA:0,(anonymous_38)
FNDA:0,(anonymous_39)
FNDA:0,(anonymous_40)
FNDA:0,(anonymous_41)
DA:2,0
DA:3,0
DA:4,0
DA:5,0
DA:23,0
DA:30,0
DA:31,0
DA:32,0
DA:35,0
DA:36,0
DA:37,0
DA:38,0
DA:43,0
DA:48,0
DA:57,0
DA:62,0
DA:63,0
DA:66,0
DA:67,0
DA:71,0
DA:74,0
DA:77,0
DA:80,0
DA:87,0
DA:88,0
DA:91,0
DA:97,0
DA:98,0
DA:99,0
DA:101,0
DA:102,0
DA:104,0
DA:105,0
DA:108,0
DA:111,0
DA:112,0
DA:116,0
DA:117,0
DA:121,0
DA:125,0
DA:127,0
DA:137,0
DA:141,0
DA:145,0
DA:149,0
DA:153,0
DA:157,0
DA:161,0
DA:165,0
DA:170,0
DA:171,0
DA:172,0
DA:179,0
DA:181,0
DA:183,0
DA:184,0
DA:187,0
DA:189,0
DA:190,0
DA:194,0
DA:200,0
DA:203,0
DA:206,0
DA:212,0
DA:213,0
DA:225,0
DA:229,0
DA:230,0
DA:233,0
DA:234,0
DA:238,0
DA:239,0
DA:243,0
DA:246,0
DA:249,0
DA:250,0
DA:254,0
DA:258,0
DA:263,0
DA:264,0
DA:269,0
DA:273,0
DA:274,0
DA:281,0
DA:283,0
DA:291,0
DA:302,0
DA:303,0
DA:306,0
DA:319,0
DA:322,0
DA:329,0
DA:336,0
DA:342,0
DA:343,0
DA:346,0
DA:347,0
DA:350,0
DA:351,0
DA:352,0
DA:355,0
DA:357,0
DA:358,0
DA:362,0
DA:371,0
DA:372,0
DA:373,0
DA:375,0
DA:378,0
DA:379,0
DA:380,0
DA:381,0
DA:383,0
DA:384,0
DA:388,0
DA:396,0
DA:397,0
DA:398,0
DA:409,0
DA:418,0
DA:421,0
DA:428,0
DA:429,0
DA:432,0
DA:433,0
DA:437,0
DA:440,0
DA:457,0
DA:458,0
DA:459,0
DA:461,0
DA:462,0
DA:465,0
DA:466,0
DA:467,0
DA:470,0
DA:472,0
DA:476,0
DA:477,0
DA:479,0
DA:480,0
DA:483,0
DA:492,0
DA:495,0
DA:501,0
DA:502,0
DA:509,0
DA:519,0
DA:520,0
DA:522,0
DA:539,0
LF:151
LH:0
BRDA:62,0,0,0
BRDA:66,1,0,0
BRDA:87,2,0,0
BRDA:98,3,0,0
BRDA:101,4,0,0
BRDA:101,5,0,0
BRDA:101,5,1,0
BRDA:104,6,0,0
BRDA:111,7,0,0
BRDA:111,8,0,0
BRDA:111,8,1,0
BRDA:116,9,0,0
BRDA:116,10,0,0
BRDA:116,10,1,0
BRDA:181,11,0,0
BRDA:181,12,0,0
BRDA:181,12,1,0
BRDA:187,13,0,0
BRDA:187,14,0,0
BRDA:187,14,1,0
BRDA:233,15,0,0
BRDA:233,16,0,0
BRDA:233,16,1,0
BRDA:238,17,0,0
BRDA:243,18,0,0
BRDA:243,19,0,0
BRDA:243,19,1,0
BRDA:243,19,2,0
BRDA:249,20,0,0
BRDA:302,21,0,0
BRDA:347,22,0,0
BRDA:350,23,0,0
BRDA:350,23,1,0
BRDA:350,24,0,0
BRDA:350,24,1,0
BRDA:355,25,0,0
BRDA:355,26,0,0
BRDA:355,26,1,0
BRDA:375,27,0,0
BRDA:375,27,1,0
BRDA:379,28,0,0
BRDA:379,29,0,0
BRDA:379,29,1,0
BRDA:379,30,0,0
BRDA:379,30,1,0
BRDA:383,31,0,0
BRDA:391,32,0,0
BRDA:391,32,1,0
BRDA:397,33,0,0
BRDA:397,33,1,0
BRDA:397,34,0,0
BRDA:397,34,1,0
BRDA:423,35,0,0
BRDA:423,35,1,0
BRDA:423,36,0,0
BRDA:423,36,1,0
BRDA:423,37,0,0
BRDA:423,37,1,0
BRDA:429,38,0,0
BRDA:429,38,1,0
BRDA:433,39,0,0
BRDA:433,40,0,0
BRDA:433,40,1,0
BRDA:433,40,2,0
BRDA:433,40,3,0
BRDA:433,41,0,0
BRDA:433,41,1,0
BRDA:433,42,0,0
BRDA:433,42,1,0
BRDA:442,43,0,0
BRDA:442,43,1,0
BRDA:442,44,0,0
BRDA:442,44,1,0
BRDA:442,45,0,0
BRDA:442,45,1,0
BRDA:461,46,0,0
BRDA:461,47,0,0
BRDA:461,47,1,0
BRDA:461,47,2,0
BRDA:476,48,0,0
BRDA:479,49,0,0
BRDA:492,50,0,0
BRDA:492,51,0,0
BRDA:492,51,1,0
BRDA:492,51,2,0
BRDA:501,52,0,0
BRDA:519,53,0,0
BRF:87
BRH:0
end_of_record
TN:
SF:clinical/hybrid-therapeutic-engine-v2.ts
FN:34,(anonymous_0)
FN:41,(anonymous_1)
FN:53,(anonymous_2)
FN:98,(anonymous_3)
FN:128,(anonymous_4)
FN:140,(anonymous_5)
FN:145,(anonymous_6)
FN:148,(anonymous_7)
FN:153,(anonymous_8)
FN:156,(anonymous_9)
FN:161,(anonymous_10)
FN:164,(anonymous_11)
FN:169,(anonymous_12)
FN:172,(anonymous_13)
FN:174,(anonymous_14)
FN:179,(anonymous_15)
FN:198,(anonymous_16)
FN:201,(anonymous_17)
FN:246,(anonymous_18)
FN:261,(anonymous_19)
FN:276,(anonymous_20)
FN:305,(anonymous_21)
FN:311,(anonymous_22)
FN:316,(anonymous_23)
FN:321,(anonymous_24)
FN:326,(anonymous_25)
FN:339,(anonymous_26)
FN:347,(anonymous_27)
FN:361,(anonymous_28)
FN:390,(anonymous_29)
FN:421,(anonymous_30)
FN:429,(anonymous_31)
FN:430,(anonymous_32)
FN:438,(anonymous_33)
FN:452,(anonymous_34)
FN:454,(anonymous_35)
FN:455,(anonymous_36)
FN:459,(anonymous_37)
FN:512,(anonymous_38)
FN:527,(anonymous_39)
FN:536,(anonymous_40)
FN:547,(anonymous_41)
FN:576,(anonymous_42)
FN:599,(anonymous_43)
FNF:44
FNH:0
FNDA:0,(anonymous_0)
FNDA:0,(anonymous_1)
FNDA:0,(anonymous_2)
FNDA:0,(anonymous_3)
FNDA:0,(anonymous_4)
FNDA:0,(anonymous_5)
FNDA:0,(anonymous_6)
FNDA:0,(anonymous_7)
FNDA:0,(anonymous_8)
FNDA:0,(anonymous_9)
FNDA:0,(anonymous_10)
FNDA:0,(anonymous_11)
FNDA:0,(anonymous_12)
FNDA:0,(anonymous_13)
FNDA:0,(anonymous_14)
FNDA:0,(anonymous_15)
FNDA:0,(anonymous_16)
FNDA:0,(anonymous_17)
FNDA:0,(anonymous_18)
FNDA:0,(anonymous_19)
FNDA:0,(anonymous_20)
FNDA:0,(anonymous_21)
FNDA:0,(anonymous_22)
FNDA:0,(anonymous_23)
FNDA:0,(anonymous_24)
FNDA:0,(anonymous_25)
FNDA:0,(anonymous_26)
FNDA:0,(anonymous_27)
FNDA:0,(anonymous_28)
FNDA:0,(anonymous_29)
FNDA:0,(anonymous_30)
FNDA:0,(anonymous_31)
FNDA:0,(anonymous_32)
FNDA:0,(anonymous_33)
FNDA:0,(anonymous_34)
FNDA:0,(anonymous_35)
FNDA:0,(anonymous_36)
FNDA:0,(anonymous_37)
FNDA:0,(anonymous_38)
FNDA:0,(anonymous_39)
FNDA:0,(anonymous_40)
FNDA:0,(anonymous_41)
FNDA:0,(anonymous_42)
FNDA:0,(anonymous_43)
DA:2,0
DA:3,0
DA:4,0
DA:5,0
DA:23,0
DA:30,0
DA:31,0
DA:32,0
DA:35,0
DA:36,0
DA:37,0
DA:38,0
DA:43,0
DA:48,0
DA:57,0
DA:62,0
DA:63,0
DA:66,0
DA:67,0
DA:71,0
DA:74,0
DA:77,0
DA:80,0
DA:83,0
DA:91,0
DA:92,0
DA:95,0
DA:101,0
DA:102,0
DA:103,0
DA:105,0
DA:106,0
DA:108,0
DA:109,0
DA:112,0
DA:115,0
DA:116,0
DA:120,0
DA:121,0
DA:125,0
DA:129,0
DA:131,0
DA:141,0
DA:145,0
DA:149,0
DA:153,0
DA:157,0
DA:161,0
DA:165,0
DA:169,0
DA:174,0
DA:175,0
DA:176,0
DA:183,0
DA:185,0
DA:187,0
DA:188,0
DA:191,0
DA:193,0
DA:194,0
DA:198,0
DA:204,0
DA:207,0
DA:210,0
DA:217,0
DA:218,0
DA:229,0
DA:230,0
DA:243,0
DA:247,0
DA:249,0
DA:251,0
DA:253,0
DA:255,0
DA:257,0
DA:262,0
DA:264,0
DA:266,0
DA:268,0
DA:270,0
DA:272,0
DA:277,0
DA:278,0
DA:281,0
DA:282,0
DA:286,0
DA:287,0
DA:291,0
DA:294,0
DA:297,0
DA:298,0
DA:302,0
DA:306,0
DA:311,0
DA:312,0
DA:317,0
DA:321,0
DA:322,0
DA:329,0
DA:331,0
DA:339,0
DA:350,0
DA:351,0
DA:354,0
DA:368,0
DA:371,0
DA:379,0
DA:387,0
DA:393,0
DA:394,0
DA:397,0
DA:398,0
DA:401,0
DA:402,0
DA:403,0
DA:406,0
DA:408,0
DA:409,0
DA:414,0
DA:415,0
DA:418,0
DA:428,0
DA:429,0
DA:430,0
DA:432,0
DA:435,0
DA:436,0
DA:437,0
DA:438,0
DA:440,0
DA:441,0
DA:445,0
DA:453,0
DA:454,0
DA:455,0
DA:467,0
DA:476,0
DA:479,0
DA:486,0
DA:487,0
DA:488,0
DA:490,0
DA:494,0
DA:498,0
DA:501,0
DA:518,0
DA:519,0
DA:520,0
DA:522,0
DA:523,0
DA:526,0
DA:527,0
DA:528,0
DA:531,0
DA:533,0
DA:537,0
DA:538,0
DA:540,0
DA:541,0
DA:544,0
DA:553,0
DA:556,0
DA:562,0
DA:563,0
DA:570,0
DA:580,0
DA:581,0
DA:583,0
DA:600,0
LF:169
LH:0
BRDA:62,0,0,0
BRDA:66,1,0,0
BRDA:91,2,0,0
BRDA:102,3,0,0
BRDA:105,4,0,0
BRDA:105,5,0,0
BRDA:105,5,1,0
BRDA:108,6,0,0
BRDA:115,7,0,0
BRDA:115,8,0,0
BRDA:115,8,1,0
BRDA:120,9,0,0
BRDA:120,10,0,0
BRDA:120,10,1,0
BRDA:185,11,0,0
BRDA:185,12,0,0
BRDA:185,12,1,0
BRDA:191,13,0,0
BRDA:191,14,0,0
BRDA:191,14,1,0
BRDA:217,15,0,0
BRDA:217,15,1,0
BRDA:247,16,0,0
BRDA:247,16,1,0
BRDA:247,16,2,0
BRDA:247,16,3,0
BRDA:247,16,4,0
BRDA:262,17,0,0
BRDA:262,17,1,0
BRDA:262,17,2,0
BRDA:262,17,3,0
BRDA:262,17,4,0
BRDA:281,18,0,0
BRDA:281,19,0,0
BRDA:281,19,1,0
BRDA:286,20,0,0
BRDA:291,21,0,0
BRDA:291,22,0,0
BRDA:291,22,1,0
BRDA:291,22,2,0
BRDA:297,23,0,0
BRDA:350,24,0,0
BRDA:398,25,0,0
BRDA:401,26,0,0
BRDA:401,26,1,0
BRDA:401,27,0,0
BRDA:401,27,1,0
BRDA:406,28,0,0
BRDA:406,29,0,0
BRDA:406,29,1,0
BRDA:414,30,0,0
BRDA:414,31,0,0
BRDA:414,31,1,0
BRDA:432,32,0,0
BRDA:432,32,1,0
BRDA:436,33,0,0
BRDA:436,34,0,0
BRDA:436,34,1,0
BRDA:436,35,0,0
BRDA:436,35,1,0
BRDA:440,36,0,0
BRDA:448,37,0,0
BRDA:448,37,1,0
BRDA:454,38,0,0
BRDA:454,38,1,0
BRDA:454,39,0,0
BRDA:454,39,1,0
BRDA:487,40,0,0
BRDA:487,40,1,0
BRDA:487,41,0,0
BRDA:487,41,1,0
BRDA:487,42,0,0
BRDA:487,42,1,0
BRDA:487,43,0,0
BRDA:487,43,1,0
BRDA:494,44,0,0
BRDA:494,45,0,0
BRDA:494,45,1,0
BRDA:494,45,2,0
BRDA:494,45,3,0
BRDA:522,46,0,0
BRDA:522,47,0,0
BRDA:522,47,1,0
BRDA:522,47,2,0
BRDA:537,48,0,0
BRDA:540,49,0,0
BRDA:553,50,0,0
BRDA:553,51,0,0
BRDA:553,51,1,0
BRDA:553,51,2,0
BRDA:562,52,0,0
BRDA:580,53,0,0
BRF:92
BRH:0
end_of_record
TN:
SF:clinical/hybrid-therapeutic-engine.ts
FN:34,(anonymous_0)
FN:41,(anonymous_1)
FN:53,(anonymous_2)
FN:94,(anonymous_3)
FN:124,(anonymous_4)
FN:136,(anonymous_5)
FN:141,(anonymous_6)
FN:144,(anonymous_7)
FN:149,(anonymous_8)
FN:152,(anonymous_9)
FN:157,(anonymous_10)
FN:160,(anonymous_11)
FN:165,(anonymous_12)
FN:168,(anonymous_13)
FN:170,(anonymous_14)
FN:175,(anonymous_15)
FN:194,(anonymous_16)
FN:197,(anonymous_17)
FN:242,(anonymous_18)
FN:271,(anonymous_19)
FN:277,(anonymous_20)
FN:282,(anonymous_21)
FN:287,(anonymous_22)
FN:292,(anonymous_23)
FN:305,(anonymous_24)
FN:313,(anonymous_25)
FN:327,(anonymous_26)
FN:353,(anonymous_27)
FN:379,(anonymous_28)
FN:386,(anonymous_29)
FN:387,(anonymous_30)
FN:395,(anonymous_31)
FN:409,(anonymous_32)
FN:411,(anonymous_33)
FN:412,(anonymous_34)
FN:416,(anonymous_35)
FN:473,(anonymous_36)
FN:488,(anonymous_37)
FN:497,(anonymous_38)
FN:508,(anonymous_39)
FN:537,(anonymous_40)
FN:560,(anonymous_41)
FNF:42
FNH:41
FNDA:18,(anonymous_0)
FNDA:18,(anonymous_1)
FNDA:20,(anonymous_2)
FNDA:19,(anonymous_3)
FNDA:16,(anonymous_4)
FNDA:16,(anonymous_5)
FNDA:112,(anonymous_6)
FNDA:16,(anonymous_7)
FNDA:96,(anonymous_8)
FNDA:16,(anonymous_9)
FNDA:112,(anonymous_10)
FNDA:16,(anonymous_11)
FNDA:100,(anonymous_12)
FNDA:16,(anonymous_13)
FNDA:35,(anonymous_14)
FNDA:19,(anonymous_15)
FNDA:11,(anonymous_16)
FNDA:16,(anonymous_17)
FNDA:16,(anonymous_18)
FNDA:50,(anonymous_19)
FNDA:560,(anonymous_20)
FNDA:11,(anonymous_21)
FNDA:66,(anonymous_22)
FNDA:14,(anonymous_23)
FNDA:1,(anonymous_24)
FNDA:19,(anonymous_25)
FNDA:19,(anonymous_26)
FNDA:19,(anonymous_27)
FNDA:19,(anonymous_28)
FNDA:14,(anonymous_29)
FNDA:14,(anonymous_30)
FNDA:0,(anonymous_31)
FNDA:38,(anonymous_32)
FNDA:28,(anonymous_33)
FNDA:28,(anonymous_34)
FNDA:19,(anonymous_35)
FNDA:19,(anonymous_36)
FNDA:14,(anonymous_37)
FNDA:19,(anonymous_38)
FNDA:19,(anonymous_39)
FNDA:2,(anonymous_40)
FNDA:1,(anonymous_41)
DA:2,1
DA:3,1
DA:4,1
DA:5,1
DA:23,1
DA:30,18
DA:31,18
DA:32,18
DA:35,18
DA:36,18
DA:37,18
DA:38,18
DA:43,18
DA:48,18
DA:57,20
DA:62,20
DA:63,0
DA:66,20
DA:67,1
DA:71,19
DA:74,19
DA:77,19
DA:80,19
DA:87,19
DA:88,2
DA:91,19
DA:97,19
DA:98,19
DA:99,1
DA:101,18
DA:102,1
DA:104,17
DA:105,1
DA:108,16
DA:111,16
DA:112,4
DA:116,12
DA:117,2
DA:121,10
DA:125,16
DA:127,16
DA:137,16
DA:141,112
DA:145,16
DA:149,96
DA:153,16
DA:157,112
DA:161,16
DA:165,100
DA:170,35
DA:171,16
DA:172,16
DA:179,19
DA:181,19
DA:183,16
DA:184,16
DA:187,19
DA:189,14
DA:190,14
DA:194,19
DA:200,16
DA:203,16
DA:206,16
DA:213,16
DA:214,11
DA:225,5
DA:226,15
DA:239,16
DA:243,16
DA:244,16
DA:247,16
DA:248,5
DA:252,11
DA:253,0
DA:263,11
DA:264,0
DA:268,11
DA:272,50
DA:277,50
DA:278,560
DA:283,11
DA:287,11
DA:288,66
DA:295,14
DA:297,14
DA:305,14
DA:316,19
DA:317,17
DA:320,2
DA:333,19
DA:336,19
DA:343,19
DA:350,19
DA:356,19
DA:357,19
DA:360,19
DA:361,27
DA:364,27
DA:365,11
DA:366,11
DA:369,16
DA:371,3
DA:372,3
DA:376,19
DA:385,19
DA:386,14
DA:387,14
DA:389,19
DA:392,19
DA:393,19
DA:394,0
DA:395,0
DA:397,0
DA:398,0
DA:402,19
DA:410,38
DA:411,28
DA:412,28
DA:423,19
DA:432,19
DA:435,19
DA:439,19
DA:440,4
DA:443,19
DA:450,19
DA:451,19
DA:454,19
DA:455,19
DA:459,1
DA:462,19
DA:479,19
DA:480,19
DA:481,19
DA:483,19
DA:484,2
DA:487,19
DA:488,19
DA:489,14
DA:492,19
DA:494,19
DA:498,19
DA:499,0
DA:501,19
DA:502,1
DA:505,18
DA:514,19
DA:517,1
DA:523,18
DA:524,13
DA:531,5
DA:541,2
DA:542,0
DA:544,2
DA:561,1
LF:154
LH:145
BRDA:62,0,0,0
BRDA:66,1,0,1
BRDA:87,2,0,2
BRDA:98,3,0,1
BRDA:101,4,0,1
BRDA:101,5,0,18
BRDA:101,5,1,1
BRDA:104,6,0,1
BRDA:111,7,0,4
BRDA:111,8,0,16
BRDA:111,8,1,16
BRDA:116,9,0,2
BRDA:116,10,0,12
BRDA:116,10,1,12
BRDA:149,11,0,16
BRDA:149,11,1,16
BRDA:181,12,0,16
BRDA:181,13,0,19
BRDA:181,13,1,14
BRDA:187,14,0,14
BRDA:187,15,0,19
BRDA:187,15,1,16
BRDA:213,16,0,11
BRDA:213,16,1,5
BRDA:220,17,0,0
BRDA:220,17,1,11
BRDA:247,18,0,5
BRDA:247,19,0,16
BRDA:247,19,1,15
BRDA:252,20,0,0
BRDA:263,21,0,0
BRDA:316,22,0,17
BRDA:361,23,0,0
BRDA:364,24,0,11
BRDA:364,24,1,16
BRDA:364,25,0,27
BRDA:364,25,1,26
BRDA:369,26,0,3
BRDA:369,27,0,16
BRDA:369,27,1,7
BRDA:389,28,0,19
BRDA:389,28,1,5
BRDA:393,29,0,0
BRDA:393,30,0,0
BRDA:393,30,1,19
BRDA:393,31,0,19
BRDA:393,31,1,19
BRDA:397,32,0,0
BRDA:405,33,0,19
BRDA:405,33,1,0
BRDA:411,34,0,0
BRDA:411,34,1,28
BRDA:411,35,0,28
BRDA:411,35,1,28
BRDA:435,36,0,19
BRDA:435,36,1,0
BRDA:435,36,2,0
BRDA:435,37,0,0
BRDA:435,37,1,0
BRDA:435,38,0,0
BRDA:435,38,1,0
BRDA:439,39,0,4
BRDA:451,40,0,19
BRDA:451,40,1,5
BRDA:455,41,0,1
BRDA:455,42,0,19
BRDA:455,42,1,5
BRDA:455,42,2,18
BRDA:455,42,3,18
BRDA:483,43,0,2
BRDA:483,44,0,19
BRDA:483,44,1,19
BRDA:483,44,2,19
BRDA:498,45,0,0
BRDA:501,46,0,1
BRDA:514,47,0,1
BRDA:514,48,0,19
BRDA:514,48,1,19
BRDA:514,48,2,1
BRDA:523,49,0,13
BRDA:541,50,0,0
BRF:81
BRH:63
end_of_record
TN:
SF:clinical/soap-note-generator.ts
FN:4,(anonymous_0)
FNF:1
FNH:1
FNDA:1,(anonymous_0)
DA:3,1
DA:5,1
LF:2
LH:2
BRF:0
BRH:0
end_of_record
TN:
SF:clinical/therapeutic-engine.ts
FN:7,(anonymous_0)
FN:11,(anonymous_1)
FN:33,(anonymous_2)
FNF:3
FNH:3
FNDA:2,(anonymous_0)
FNDA:2,(anonymous_1)
FNDA:1,(anonymous_2)
DA:2,1
DA:4,1
DA:8,2
DA:15,2
DA:17,2
DA:18,1
DA:22,1
DA:34,1
LF:8
LH:8
BRDA:17,0,0,1
BRF:1
BRH:1
end_of_record
TN:
SF:integrations/cag-manager.ts
FN:17,(anonymous_0)
FN:21,(anonymous_1)
FN:28,(anonymous_2)
FN:49,(anonymous_3)
FN:61,(anonymous_4)
FN:68,(anonymous_5)
FN:72,(anonymous_6)
FN:99,(anonymous_7)
FN:103,(anonymous_8)
FN:104,(anonymous_9)
FN:107,(anonymous_10)
FN:112,(anonymous_11)
FN:115,(anonymous_12)
FN:119,(anonymous_13)
FN:156,(anonymous_14)
FN:193,(anonymous_15)
FN:230,(anonymous_16)
FN:267,(anonymous_17)
FNF:18
FNH:18
FNDA:18,(anonymous_0)
FNDA:18,(anonymous_1)
FNDA:90,(anonymous_2)
FNDA:16,(anonymous_3)
FNDA:20,(anonymous_4)
FNDA:19,(anonymous_5)
FNDA:20,(anonymous_6)
FNDA:60,(anonymous_7)
FNDA:1084,(anonymous_8)
FNDA:630,(anonymous_9)
FNDA:630,(anonymous_10)
FNDA:20,(anonymous_11)
FNDA:84,(anonymous_12)
FNDA:18,(anonymous_13)
FNDA:18,(anonymous_14)
FNDA:18,(anonymous_15)
FNDA:18,(anonymous_16)
FNDA:18,(anonymous_17)
DA:17,1
DA:18,18
DA:19,18
DA:22,18
DA:23,90
DA:25,18
DA:30,90
DA:32,18
DA:33,18
DA:35,18
DA:36,18
DA:38,18
DA:39,18
DA:41,18
DA:42,18
DA:44,18
DA:45,18
DA:54,16
DA:55,0
DA:58,16
DA:61,20
DA:67,16
DA:68,19
DA:77,20
DA:80,20
DA:81,7
DA:85,20
DA:86,20
DA:87,20
DA:88,20
DA:89,20
DA:90,20
DA:93,20
DA:94,20
DA:96,20
DA:101,60
DA:103,1084
DA:104,630
DA:108,630
DA:109,630
DA:113,20
DA:114,20
DA:115,84
DA:116,20
DA:120,18
DA:157,18
DA:194,18
DA:231,18
DA:268,18
LF:49
LH:48
BRDA:30,0,0,18
BRDA:30,0,1,18
BRDA:30,0,2,18
BRDA:30,0,3,18
BRDA:30,0,4,18
BRDA:54,1,0,0
BRDA:58,2,0,16
BRDA:58,2,1,11
BRDA:80,3,0,7
BRDA:80,4,0,0
BRDA:80,4,1,20
BRDA:80,5,0,20
BRDA:80,5,1,20
BRDA:93,6,0,15
BRDA:94,7,0,5
BRF:15
BRH:13
end_of_record
TN:
SF:integrations/graphiti-client.ts
FN:7,(anonymous_0)
FNF:1
FNH:1
FNDA:3,(anonymous_0)
DA:6,2
DA:10,3
DA:11,3
LF:3
LH:3
BRF:0
BRH:0
end_of_record
TN:
SF:integrations/vector-database.ts
FN:26,(anonymous_0)
FN:32,(anonymous_1)
FN:39,(anonymous_2)
FN:108,(anonymous_3)
FN:117,(anonymous_4)
FN:150,(anonymous_5)
FN:154,(anonymous_6)
FN:176,(anonymous_7)
FN:181,(anonymous_8)
FN:183,(anonymous_9)
FN:188,(anonymous_10)
FN:191,(anonymous_11)
FN:216,(anonymous_12)
FN:228,(anonymous_13)
FN:247,(anonymous_14)
FN:252,(anonymous_15)
FN:268,(anonymous_16)
FN:270,(anonymous_17)
FN:275,(anonymous_18)
FN:283,(anonymous_19)
FN:295,(anonymous_20)
FN:299,(anonymous_21)
FNF:22
FNH:14
FNDA:18,(anonymous_0)
FNDA:18,(anonymous_1)
FNDA:18,(anonymous_2)
FNDA:90,(anonymous_3)
FNDA:14,(anonymous_4)
FNDA:0,(anonymous_5)
FNDA:104,(anonymous_6)
FNDA:79872,(anonymous_7)
FNDA:104,(anonymous_8)
FNDA:79872,(anonymous_9)
FNDA:79872,(anonymous_10)
FNDA:70,(anonymous_11)
FNDA:35,(anonymous_12)
FNDA:0,(anonymous_13)
FNDA:0,(anonymous_14)
FNDA:0,(anonymous_15)
FNDA:0,(anonymous_16)
FNDA:0,(anonymous_17)
FNDA:0,(anonymous_18)
FNDA:0,(anonymous_19)
FNDA:14,(anonymous_20)
FNDA:14,(anonymous_21)
DA:26,1
DA:27,18
DA:28,18
DA:29,18
DA:30,18
DA:35,18
DA:36,18
DA:41,18
DA:98,18
DA:99,90
DA:100,90
DA:109,90
DA:110,0
DA:113,90
DA:114,90
DA:121,14
DA:122,0
DA:125,14
DA:128,14
DA:129,70
DA:131,70
DA:132,35
DA:135,35
DA:136,34
DA:139,1
DA:149,14
DA:150,0
DA:157,104
DA:160,104
DA:161,104
DA:162,19527
DA:163,19527
DA:167,104
DA:168,104
DA:169,79872
DA:173,104
DA:177,79872
DA:178,79872
DA:182,104
DA:183,79872
DA:186,104
DA:188,79872
DA:192,70
DA:193,0
DA:196,70
DA:197,70
DA:198,70
DA:200,70
DA:201,53760
DA:202,53760
DA:203,53760
DA:206,70
DA:207,70
DA:209,70
DA:210,0
DA:213,70
DA:220,35
DA:221,35
DA:222,34
DA:225,1
DA:232,0
DA:233,0
DA:234,0
DA:237,0
DA:239,0
DA:240,0
DA:241,0
DA:244,0
DA:248,0
DA:249,0
DA:256,0
DA:257,0
DA:258,0
DA:261,0
DA:269,0
DA:271,0
DA:275,0
DA:276,0
DA:277,0
DA:278,0
DA:288,0
DA:296,14
DA:300,14
LF:83
LH:57
BRDA:109,0,0,0
BRDA:121,1,0,0
BRDA:131,2,0,35
BRDA:135,3,0,34
BRDA:135,4,0,35
BRDA:135,4,1,35
BRDA:186,5,0,0
BRDA:192,6,0,0
BRDA:209,7,0,0
BRDA:209,8,0,70
BRDA:209,8,1,70
BRDA:221,9,0,34
BRDA:233,10,0,0
BRDA:239,11,0,0
BRDA:239,12,0,0
BRDA:239,12,1,0
BRDA:257,13,0,0
BRDA:271,14,0,0
BRDA:271,14,1,0
BRF:19
BRH:7
end_of_record
TN:
SF:persistence/db.ts
FN:3,(anonymous_1)
FNF:1
FNH:0
FNDA:0,(anonymous_1)
DA:1,0
DA:3,0
DA:4,0
DA:5,0
DA:6,0
DA:8,0
DA:10,0
LF:7
LH:0
BRF:0
BRH:0
end_of_record
TN:
SF:persistence/models/Interaction.ts
FNF:0
FNH:0
DA:1,1
DA:12,1
DA:36,1
LF:3
LH:3
BRF:0
BRH:0
end_of_record
TN:
SF:persistence/models/Session.ts
FNF:0
FNH:0
DA:1,1
DA:10,1
DA:31,1
LF:3
LH:3
BRF:0
BRH:0
end_of_record
TN:
SF:persistence/models/User.ts
FNF:0
FNH:0
DA:1,1
DA:10,1
DA:31,1
LF:3
LH:3
BRF:0
BRH:0
end_of_record
TN:
SF:security/audit-logger.ts
FN:1,(anonymous_0)
FN:15,(anonymous_1)
FNF:2
FNH:1
FNDA:1,(anonymous_0)
FNDA:0,(anonymous_1)
DA:1,1
DA:2,1
DA:3,1
DA:4,1
DA:14,1
DA:16,0
LF:6
LH:5
BRDA:1,0,0,1
BRDA:1,0,1,1
BRF:2
BRH:2
end_of_record
TN:
SF:security/hipaa-compliance.ts
FN:8,(anonymous_0)
FN:12,(anonymous_1)
FN:23,(anonymous_2)
FNF:3
FNH:3
FNDA:1,(anonymous_0)
FNDA:1,(anonymous_1)
FNDA:1,(anonymous_2)
DA:1,1
DA:2,1
DA:4,1
DA:5,1
DA:9,1
DA:13,1
DA:14,1
DA:20,1
DA:24,1
DA:25,1
DA:31,1
LF:11
LH:11
BRF:0
BRH:0
end_of_record
TN:
SF:security/hipaa-encryption.ts
FN:13,(anonymous_9)
FN:17,(anonymous_10)
FN:25,(anonymous_11)
FNF:3
FNH:3
FNDA:1,(anonymous_9)
FNDA:1,(anonymous_10)
FNDA:1,(anonymous_11)
DA:1,1
DA:3,1
DA:4,1
DA:5,1
DA:6,1
DA:7,1
DA:8,1
DA:10,1
DA:14,1
DA:18,1
DA:19,1
DA:20,1
DA:21,1
DA:22,1
DA:26,1
DA:27,1
DA:28,1
DA:29,1
DA:30,1
DA:31,1
DA:32,1
LF:21
LH:21
BRF:0
BRH:0
end_of_record
