SF:lib/services/auth_service.dart
DA:8,3
DA:10,1
DA:12,3
DA:18,2
DA:23,1
DA:25,3
DA:31,2
DA:36,1
DA:38,3
DA:43,2
LF:10
LH:10
end_of_record
SF:lib/screens/consent_screen.dart
DA:6,1
DA:8,1
DA:9,1
DA:17,1
DA:19,1
DA:20,3
DA:21,7
DA:22,2
DA:23,1
DA:29,1
DA:31,2
DA:32,1
DA:35,1
DA:37,1
DA:38,1
DA:41,1
DA:42,1
DA:43,1
DA:44,1
DA:45,1
DA:46,1
DA:48,1
DA:50,1
DA:55,1
DA:57,1
DA:58,1
DA:59,1
DA:60,1
DA:61,1
DA:62,1
DA:63,1
DA:64,1
DA:65,2
DA:66,1
DA:75,1
DA:76,2
DA:77,1
DA:79,2
LF:38
LH:38
end_of_record
SF:lib/screens/login_screen.dart
DA:7,3
DA:9,1
DA:10,1
DA:19,0
DA:20,0
DA:21,0
DA:24,0
DA:25,0
DA:26,0
DA:30,0
DA:31,0
DA:32,0
DA:36,0
DA:41,0
DA:42,0
DA:46,1
DA:48,1
DA:49,1
DA:52,1
DA:54,1
DA:56,1
DA:57,1
DA:59,1
DA:64,1
DA:66,1
DA:71,1
DA:72,0
DA:74,1
DA:75,1
LF:29
LH:16
end_of_record
SF:lib/widgets/therapeutic_button.dart
DA:4,3
DA:17,2
DA:19,2
DA:20,2
DA:21,2
DA:22,2
DA:23,2
DA:24,4
LF:8
LH:8
end_of_record
SF:lib/screens/mfa_screen.dart
DA:7,3
DA:9,0
DA:10,0
DA:18,0
DA:19,0
DA:20,0
DA:23,0
DA:26,0
DA:27,0
DA:28,0
DA:32,0
DA:37,0
DA:38,0
DA:42,0
DA:44,0
DA:45,0
DA:48,0
DA:50,0
DA:52,0
DA:53,0
DA:55,0
DA:60,0
DA:61,0
DA:63,0
DA:64,0
LF:25
LH:1
end_of_record
SF:lib/screens/settings_screen.dart
DA:4,3
DA:6,0
DA:8,0
DA:9,0
LF:4
LH:1
end_of_record
SF:lib/services/enhanced_therapeutic_voice_service.dart
DA:28,4
DA:29,4
DA:30,4
DA:31,5
DA:34,2
DA:36,2
DA:38,2
DA:39,1
DA:40,1
DA:43,1
DA:45,6
DA:51,2
DA:54,2
DA:56,4
DA:61,2
DA:63,2
DA:68,1
DA:71,1
DA:72,2
DA:73,2
DA:74,1
DA:75,1
DA:79,2
DA:82,2
DA:85,1
DA:86,0
DA:87,0
DA:89,0
DA:90,0
DA:91,0
DA:96,4
DA:97,0
DA:101,1
DA:103,1
DA:104,4
DA:107,0
DA:108,0
DA:114,2
DA:116,4
DA:121,1
DA:124,2
DA:125,1
DA:128,2
DA:131,0
DA:132,0
DA:134,0
DA:136,0
DA:137,0
DA:139,0
DA:142,3
DA:143,1
DA:149,2
DA:151,4
DA:152,2
DA:153,1
DA:154,1
DA:157,3
DA:158,1
DA:163,2
DA:165,4
DA:166,2
DA:167,1
DA:168,1
DA:171,3
DA:172,1
DA:177,2
DA:179,8
DA:186,0
DA:192,1
DA:193,3
DA:195,2
DA:196,4
DA:197,1
DA:200,0
DA:206,2
DA:207,3
DA:208,2
DA:209,2
DA:210,2
DA:214,1
DA:215,2
DA:216,1
DA:217,1
DA:222,0
DA:224,0
DA:226,0
DA:228,0
DA:234,1
DA:235,1
DA:236,1
DA:237,2
DA:238,2
DA:239,3
DA:243,2
DA:245,2
DA:246,3
DA:247,3
DA:248,4
DA:249,2
LF:99
LH:79
end_of_record
SF:lib/screens/therapy_screen.dart
DA:10,1
DA:12,1
DA:13,1
DA:34,1
DA:36,1
DA:37,1
DA:40,1
DA:41,2
DA:46,2
DA:49,2
DA:50,1
DA:55,1
DA:56,2
DA:57,2
DA:59,1
DA:60,2
DA:61,1
DA:62,2
DA:64,1
DA:65,2
DA:66,2
DA:71,1
DA:76,3
DA:77,2
DA:78,2
DA:79,4
DA:82,0
DA:87,1
DA:89,2
DA:90,1
DA:97,1
DA:98,2
DA:99,1
DA:100,1
DA:105,1
DA:106,2
DA:107,2
DA:111,1
DA:112,2
DA:115,1
DA:116,2
DA:119,1
DA:120,3
DA:121,3
DA:122,3
DA:123,3
DA:126,1
DA:129,2
DA:130,1
DA:133,1
DA:134,1
DA:135,1
DA:136,1
DA:141,2
DA:142,1
DA:145,1
DA:147,1
DA:149,1
DA:150,1
DA:151,1
DA:153,1
DA:154,1
DA:156,1
DA:159,1
DA:160,1
DA:162,1
DA:163,1
DA:164,1
DA:165,1
DA:166,1
DA:167,3
DA:172,1
DA:173,1
DA:174,1
DA:175,1
DA:176,1
DA:179,1
DA:184,2
DA:191,1
DA:192,1
DA:194,1
DA:196,1
DA:198,1
DA:200,1
DA:206,1
DA:207,1
DA:208,1
DA:210,1
DA:213,1
DA:215,1
DA:225,1
DA:226,1
DA:229,1
DA:231,1
DA:232,1
DA:233,1
DA:234,1
DA:240,1
DA:242,1
DA:243,1
DA:246,2
DA:248,1
DA:251,1
DA:253,1
DA:259,1
DA:262,1
DA:264,1
DA:267,4
DA:274,1
DA:280,1
DA:281,1
DA:282,1
DA:284,1
DA:289,1
DA:291,1
DA:300,1
DA:301,1
DA:303,1
DA:309,1
DA:310,1
DA:311,1
DA:317,1
DA:318,1
DA:320,1
DA:322,1
DA:323,1
DA:326,1
DA:327,1
DA:329,1
DA:332,1
DA:336,1
DA:339,1
DA:343,1
DA:346,1
DA:356,1
DA:357,1
DA:358,1
DA:359,1
DA:360,1
DA:361,3
DA:362,1
DA:363,1
DA:364,1
DA:367,1
DA:369,1
DA:372,1
DA:373,2
DA:374,1
DA:376,1
DA:377,1
DA:378,1
DA:379,1
DA:385,1
DA:386,1
DA:399,1
DA:400,1
DA:401,1
DA:410,1
DA:416,1
DA:418,1
DA:419,1
DA:421,1
DA:422,1
DA:423,1
DA:424,1
DA:425,1
DA:428,1
DA:429,1
DA:430,1
DA:436,1
DA:438,1
LF:171
LH:170
end_of_record
SF:lib/widgets/therapeutic_visual_3d.dart
DA:14,2
DA:22,2
DA:23,2
DA:35,2
DA:37,2
DA:38,2
DA:39,2
DA:42,2
DA:44,4
DA:50,4
DA:53,2
DA:55,4
DA:58,4
DA:59,2
DA:64,2
DA:65,4
DA:68,4
DA:69,2
DA:74,2
DA:75,4
DA:76,2
DA:77,2
DA:78,2
DA:79,2
DA:80,2
DA:81,4
DA:82,2
DA:84,2
DA:88,4
DA:91,0
DA:92,0
DA:93,0
DA:95,0
DA:98,0
DA:99,0
DA:103,0
DA:106,2
DA:107,4
DA:108,2
DA:110,2
DA:112,0
DA:114,0
DA:116,0
DA:118,0
DA:120,0
DA:125,2
DA:126,4
DA:128,2
DA:129,8
DA:131,4
DA:135,4
DA:136,10
DA:139,2
DA:142,2
DA:238,1
DA:240,1
DA:241,4
DA:242,0
DA:243,0
DA:245,4
DA:246,0
DA:250,2
DA:252,4
DA:253,4
DA:254,2
DA:257,2
DA:259,2
DA:260,4
DA:261,2
DA:263,2
DA:265,2
DA:266,2
DA:267,2
DA:268,2
DA:269,2
DA:271,4
DA:278,2
DA:279,2
DA:280,4
DA:284,2
DA:285,2
DA:286,2
DA:287,2
DA:289,8
DA:295,4
DA:296,1
DA:299,2
DA:301,2
DA:302,6
DA:303,6
LF:90
LH:75
end_of_record
SF:lib/widgets/crisis_banner.dart
DA:4,3
DA:11,2
DA:13,2
DA:17,1
LF:4
LH:4
end_of_record
SF:lib/widgets/emotion_indicator.dart
DA:15,4
DA:22,3
DA:23,3
DA:24,3
DA:26,3
DA:28,3
DA:30,3
DA:32,3
DA:34,3
DA:36,1
DA:41,3
DA:43,3
DA:46,3
DA:47,3
LF:14
LH:14
end_of_record
SF:lib/widgets/breathing_guide.dart
DA:4,9
DA:6,3
DA:7,3
DA:15,3
DA:17,3
DA:18,6
DA:21,3
DA:23,9
DA:25,6
DA:27,6
DA:29,6
DA:30,6
DA:32,9
DA:33,6
DA:34,3
DA:35,6
DA:36,6
DA:37,4
DA:38,2
DA:40,3
DA:41,2
DA:42,1
DA:45,2
DA:46,1
DA:53,3
DA:55,6
DA:56,3
DA:59,3
DA:61,3
DA:62,3
DA:63,3
DA:64,3
DA:66,3
DA:67,3
DA:68,6
DA:69,6
DA:76,3
DA:77,3
DA:78,9
LF:39
LH:39
end_of_record
SF:lib/services/biometric_auth_service.dart
DA:20,2
DA:21,2
DA:22,2
DA:23,4
DA:24,0
DA:26,2
DA:27,2
DA:31,2
DA:34,5
DA:36,1
DA:38,0
DA:41,0
DA:42,0
DA:45,0
DA:46,0
DA:49,1
DA:51,6
DA:52,2
DA:53,2
DA:54,2
DA:55,2
DA:60,1
DA:62,2
DA:63,2
DA:65,1
DA:67,1
DA:68,3
DA:71,1
DA:72,1
DA:74,3
DA:80,1
DA:82,1
DA:83,2
DA:88,0
DA:93,0
DA:94,0
DA:95,0
DA:101,0
DA:107,1
DA:110,1
DA:115,0
DA:116,0
DA:117,0
DA:118,0
DA:119,0
DA:125,0
DA:131,1
DA:133,1
DA:134,2
DA:139,0
DA:144,0
DA:145,0
DA:146,0
DA:152,0
DA:158,1
DA:164,1
DA:165,2
DA:170,1
DA:171,1
DA:173,2
DA:175,1
DA:183,1
DA:184,4
DA:187,0
DA:190,1
DA:191,1
DA:196,1
DA:197,2
DA:201,0
DA:203,0
DA:205,0
DA:213,1
DA:214,2
DA:218,0
DA:220,0
DA:222,0
DA:230,1
DA:232,2
DA:233,1
DA:234,1
DA:236,3
DA:241,1
DA:243,2
DA:244,2
DA:245,1
DA:246,1
DA:247,1
DA:249,3
DA:253,1
DA:255,1
DA:256,1
LF:91
LH:62
end_of_record
SF:lib/screens/biometric_enrollment_screen.dart
DA:8,1
DA:10,1
DA:11,1
DA:21,1
DA:23,1
DA:24,2
DA:28,2
DA:31,2
DA:32,1
DA:35,2
DA:38,1
DA:40,2
DA:41,1
DA:44,1
DA:45,2
DA:46,1
DA:47,1
DA:50,2
DA:53,1
DA:55,2
DA:56,1
DA:57,1
DA:63,2
DA:64,1
DA:67,1
DA:69,0
DA:70,0
DA:71,0
DA:77,2
DA:78,1
DA:81,1
DA:83,2
DA:84,1
DA:86,1
DA:87,1
DA:88,3
DA:91,0
DA:92,0
DA:93,0
DA:98,1
DA:100,1
DA:101,1
DA:102,1
DA:104,1
DA:105,1
DA:106,1
DA:111,1
DA:112,1
DA:114,1
DA:115,1
DA:118,1
DA:119,1
DA:120,1
DA:121,1
DA:122,2
DA:123,1
DA:126,1
DA:127,2
DA:130,1
DA:133,1
DA:142,1
DA:143,1
DA:144,1
DA:147,1
DA:154,1
DA:155,1
DA:156,1
DA:158,2
DA:165,1
DA:170,1
DA:175,1
DA:184,2
DA:185,1
DA:188,1
DA:189,2
DA:190,0
DA:191,2
DA:192,1
DA:194,1
DA:195,1
DA:196,1
DA:197,2
DA:199,1
DA:207,1
DA:210,1
DA:211,2
DA:212,1
DA:213,1
DA:214,1
DA:215,1
DA:217,1
DA:219,1
DA:228,1
DA:229,1
DA:230,1
DA:238,1
DA:241,1
DA:242,1
DA:244,0
DA:245,1
DA:247,1
DA:248,2
DA:253,1
DA:261,1
DA:262,1
DA:264,1
DA:265,1
DA:266,1
DA:269,1
DA:270,2
DA:273,1
DA:275,1
DA:280,1
DA:281,1
DA:283,1
DA:284,1
DA:286,1
DA:289,1
DA:293,1
DA:295,1
DA:296,2
LF:121
LH:113
end_of_record
SF:lib/utils/theme.dart
DA:8,1
DA:9,1
DA:10,1
DA:12,0
DA:13,0
DA:50,0
DA:51,0
DA:55,0
DA:56,0
DA:64,0
DA:65,0
DA:68,0
DA:75,0
DA:79,0
DA:80,0
DA:83,0
DA:84,0
DA:85,0
DA:87,0
DA:88,0
DA:91,0
DA:92,0
DA:95,0
DA:96,0
DA:100,0
DA:104,0
DA:106,0
DA:107,0
DA:113,0
DA:114,0
DA:118,0
DA:119,0
DA:133,0
DA:135,0
DA:136,0
DA:152,0
DA:154,0
LF:37
LH:3
end_of_record
SF:lib/widgets/biometric_login_button.dart
DA:12,1
DA:17,1
DA:19,1
DA:20,1
DA:29,1
DA:31,1
DA:32,2
DA:36,2
DA:39,2
DA:40,1
DA:45,1
DA:47,2
DA:48,1
DA:51,1
DA:52,2
DA:55,1
DA:56,1
DA:57,1
DA:58,0
DA:59,0
DA:63,2
DA:64,1
DA:67,4
DA:68,2
DA:72,1
DA:73,2
DA:78,3
DA:80,1
DA:81,3
DA:84,0
DA:85,0
DA:87,1
DA:88,2
DA:89,1
DA:95,1
DA:96,3
DA:97,1
DA:98,1
DA:99,1
DA:102,1
DA:103,1
DA:109,1
DA:111,1
DA:114,1
DA:115,1
DA:116,1
DA:120,1
DA:121,1
DA:123,1
DA:124,1
DA:125,1
DA:126,1
DA:127,2
DA:128,1
DA:130,1
DA:131,1
DA:133,1
DA:134,1
DA:135,1
DA:136,1
DA:138,2
DA:141,1
DA:143,1
DA:145,1
DA:146,2
DA:152,1
DA:153,1
DA:155,2
DA:163,1
DA:164,2
DA:165,1
DA:166,1
DA:169,1
DA:170,1
DA:171,1
DA:174,1
DA:176,1
DA:186,1
DA:188,1
DA:189,1
DA:191,1
DA:195,1
DA:196,1
DA:197,1
DA:200,1
DA:218,1
DA:220,1
DA:222,1
DA:223,1
DA:225,1
DA:226,1
DA:227,1
DA:229,1
DA:230,1
DA:231,1
DA:235,1
DA:237,1
DA:238,1
DA:239,1
DA:240,1
DA:241,1
DA:243,2
DA:244,1
DA:245,1
DA:249,1
DA:250,1
DA:251,1
DA:253,1
DA:255,0
DA:258,1
DA:261,2
DA:262,1
DA:264,1
DA:265,0
DA:266,0
DA:267,0
DA:271,0
DA:275,1
DA:276,1
DA:277,1
DA:278,1
DA:286,1
DA:287,1
DA:288,0
LF:124
LH:114
end_of_record
SF:lib/widgets/assessment_widget.dart
DA:12,1
DA:25,1
DA:30,1
DA:32,1
DA:33,1
DA:107,1
DA:108,3
DA:111,1
DA:112,3
DA:117,4
DA:119,1
DA:121,2
DA:122,1
DA:125,1
DA:127,2
DA:129,2
DA:130,4
DA:133,5
DA:136,3
DA:137,1
DA:138,5
DA:139,2
DA:140,2
DA:143,1
DA:149,1
DA:150,2
DA:151,4
DA:154,1
DA:155,2
DA:156,2
DA:157,2
DA:158,2
DA:163,1
DA:164,5
DA:167,1
DA:168,3
DA:169,2
DA:170,2
DA:171,0
DA:172,0
DA:175,2
DA:176,2
DA:177,0
DA:182,1
DA:184,1
DA:185,1
DA:187,1
DA:189,1
DA:190,5
DA:191,1
DA:192,1
DA:198,1
DA:199,1
DA:208,1
DA:209,5
DA:210,1
DA:212,1
DA:219,1
DA:221,1
DA:223,1
DA:229,1
DA:230,2
DA:240,5
DA:241,8
DA:242,1
DA:244,1
DA:246,1
DA:247,1
DA:248,5
DA:249,1
DA:250,1
DA:252,1
DA:253,1
DA:254,1
DA:255,1
DA:258,1
DA:260,1
DA:261,1
DA:262,1
DA:265,1
DA:267,1
DA:268,1
DA:282,1
DA:283,1
DA:284,3
DA:285,1
DA:288,1
DA:300,1
DA:303,1
DA:305,1
DA:307,1
DA:309,3
DA:315,1
DA:316,5
DA:317,1
DA:318,1
DA:326,6
DA:328,1
DA:330,1
DA:331,1
DA:332,1
DA:333,2
DA:335,1
DA:337,1
DA:347,1
DA:348,2
DA:351,1
DA:352,2
LF:108
LH:105
end_of_record
